 ***x   Q2   Theta   Eprime   Sig_Born   Sig_Rad
  0.184376299       2.43561888       14.6250000       3.54949999       23.7854195       27.3568420    
  0.184298173       2.43493271       14.6250000       3.54850006       23.7888699       27.3641529    
  0.184220046       2.43424630       14.6250000       3.54749990       23.7923222       27.3715229    
  0.184141979       2.43356013       14.6250000       3.54649997       23.7957745       27.3788433    
  0.184063941       2.43287420       14.6250000       3.54550004       23.7992268       27.3862152    
  0.183985904       2.43218803       14.6250000       3.54450011       23.8026791       27.3935890    
  0.183907866       2.43150163       14.6250000       3.54349995       23.8061333       27.4009342    
  0.183829889       2.43081546       14.6250000       3.54250002       23.8095875       27.4083271    
  0.183751911       2.43012929       14.6250000       3.54150009       23.8130436       27.4157162    
  0.183673948       2.42944312       14.6250000       3.54049993       23.8164978       27.4230556    
  0.183596045       2.42875695       14.6250000       3.53950000       23.8199539       27.4304600    
  0.183518127       2.42807078       14.6250000       3.53850007       23.8234100       27.4378757    
  0.183440238       2.42738438       14.6250000       3.53749990       23.8268681       27.4452381    
  0.183362409       2.42669845       14.6250000       3.53649998       23.8303261       27.4526501    
  0.183284581       2.42601228       14.6250000       3.53550005       23.8337822       27.4600849    
  0.183206737       2.42532587       14.6250000       3.53449988       23.8372421       27.4674816    
  0.183128938       2.42463970       14.6250000       3.53349996       23.8407001       27.4749241    
  0.183051199       2.42395377       14.6250000       3.53250003       23.8441601       27.4827290    
  0.182973430       2.42326760       14.6250000       3.53150010       23.8476200       27.4902668    
  0.182895705       2.42258120       14.6250000       3.53049994       23.8510818       27.4986076    
  0.182817996       2.42189503       14.6250000       3.52950001       23.8545418       27.5060863    
  0.182740316       2.42120886       14.6250000       3.52850008       23.8580036       27.5135708    
  0.182662666       2.42052269       14.6250000       3.52749991       23.8614674       27.5213261    
  0.184861943       2.44099355       14.6350002       3.55250001       23.7045097       27.2464943    
  0.184783652       2.44030643       14.6350002       3.55150008       23.7079601       27.2537537    
  0.184705347       2.43961906       14.6350002       3.55049992       23.7114086       27.2610722    
  0.184627116       2.43893218       14.6350002       3.54949999       23.7148590       27.2691250    
  0.184548885       2.43824506       14.6350002       3.54850006       23.7183094       27.2764206    
  0.184470668       2.43755794       14.6350002       3.54749990       23.7217617       27.2837830    
  0.184392482       2.43687081       14.6350002       3.54649997       23.7252121       27.2910805    
  0.184314340       2.43618393       14.6350002       3.54550004       23.7286644       27.2984543    
  0.184236184       2.43549657       14.6350002       3.54450011       23.7321167       27.3058128    
  0.184158057       2.43480945       14.6350002       3.54349995       23.7355690       27.3131351    
  0.184079960       2.43412232       14.6350002       3.54250002       23.7390232       27.3205128    
  0.184001878       2.43343520       14.6350002       3.54150009       23.7424774       27.3278885    
  0.183923826       2.43274808       14.6350002       3.54049993       23.7459316       27.3352337    
  0.183845803       2.43206096       14.6350002       3.53950000       23.7493877       27.3426189    
  0.183767810       2.43137407       14.6350002       3.53850007       23.7528419       27.3500004    
  0.183689773       2.43068647       14.6350002       3.53749990       23.7563000       27.3573494    
  0.183611840       2.42999959       14.6350002       3.53649998       23.7597561       27.3647423    
  0.183533892       2.42931247       14.6350002       3.53550005       23.7632122       27.3721466    
  0.183455974       2.42862535       14.6350002       3.53449988       23.7666702       27.3795147    
  0.183378071       2.42793822       14.6350002       3.53349996       23.7701283       27.3869286    
  0.183300212       2.42725134       14.6350002       3.53250003       23.7735882       27.3943291    
  0.183222353       2.42656422       14.6350002       3.53150010       23.7770462       27.4017525    
  0.183144510       2.42587686       14.6350002       3.53049994       23.7805061       27.4096127    
  0.183066711       2.42518973       14.6350002       3.52950001       23.7839661       27.4170990    
  0.182988912       2.42450261       14.6350002       3.52850008       23.7874279       27.4253902    
  0.182911143       2.42381549       14.6350002       3.52749991       23.7908897       27.4329567    
  0.185034961       2.44362521       14.6450005       3.55150008       23.6376266       27.1663990    
  0.184956536       2.44293690       14.6450005       3.55049992       23.6410751       27.1737309    
  0.184878200       2.44224906       14.6450005       3.54949999       23.6445255       27.1809864    
  0.184799835       2.44156075       14.6450005       3.54850006       23.6479740       27.1882782    
  0.184721529       2.44087267       14.6450005       3.54749990       23.6514244       27.1963291    
  0.184643239       2.44018459       14.6450005       3.54649997       23.6548748       27.2036285    
  0.184564978       2.43949676       14.6450005       3.54550004       23.6583271       27.2109909    
  0.184486732       2.43880868       14.6450005       3.54450011       23.6617775       27.2183323    
  0.184408501       2.43812060       14.6450005       3.54349995       23.6652317       27.2256432    
  0.184330285       2.43743253       14.6450005       3.54250002       23.6686840       27.2329979    
  0.184252113       2.43674445       14.6450005       3.54150009       23.6721363       27.2403641    
  0.184173942       2.43605638       14.6450005       3.54049993       23.6755905       27.2476807    
  0.184095815       2.43536830       14.6450005       3.53950000       23.6790447       27.2550488    
  0.184017703       2.43468046       14.6450005       3.53850007       23.6824989       27.2624321    
  0.183939591       2.43399215       14.6450005       3.53749990       23.6859550       27.2697716    
  0.183861539       2.43330431       14.6450005       3.53649998       23.6894112       27.2771587    
  0.183783501       2.43261623       14.6450005       3.53550005       23.6928673       27.2844849    
  0.183705464       2.43192816       14.6450005       3.53449988       23.6963253       27.2918892    
  0.183627442       2.43123984       14.6450005       3.53349996       23.6997814       27.2992954    
  0.183549479       2.43055201       14.6450005       3.53250003       23.7032394       27.3066311    
  0.183471501       2.42986393       14.6450005       3.53150010       23.7066975       27.3140621    
  0.183393568       2.42917585       14.6450005       3.53049994       23.7101574       27.3214893    
  0.183315665       2.42848778       14.6450005       3.52950001       23.7136173       27.3288612    
  0.183237761       2.42779970       14.6450005       3.52850008       23.7170773       27.3367119    
  0.183159888       2.42711163       14.6450005       3.52749991       23.7205391       27.3442421    
  0.185286283       2.44694424       14.6549997       3.55150008       23.5675259       27.0784283    
  0.185207739       2.44625497       14.6549997       3.55049992       23.5709743       27.0866909    
  0.185129300       2.44556618       14.6549997       3.54949999       23.5744228       27.0939045    
  0.185050860       2.44487715       14.6549997       3.54850006       23.5778713       27.1012554    
  0.184972420       2.44418812       14.6549997       3.54749990       23.5813217       27.1085415    
  0.184894040       2.44349909       14.6549997       3.54649997       23.5847702       27.1157913    
  0.184815660       2.44281030       14.6549997       3.54550004       23.5882206       27.1238079    
  0.184737325       2.44212127       14.6549997       3.54450011       23.5916710       27.1311436    
  0.184658974       2.44143224       14.6549997       3.54349995       23.5951233       27.1384621    
  0.184580669       2.44074321       14.6549997       3.54250002       23.5985756       27.1458073    
  0.184502378       2.44005418       14.6549997       3.54150009       23.6020279       27.1531506    
  0.184424102       2.43936515       14.6549997       3.54049993       23.6054821       27.1604519    
  0.184345856       2.43867612       14.6549997       3.53950000       23.6089344       27.1678104    
  0.184267640       2.43798733       14.6549997       3.53850007       23.6123886       27.1751633    
  0.184189424       2.43729806       14.6549997       3.53749990       23.6158428       27.1824894    
  0.184111267       2.43660927       14.6549997       3.53649998       23.6192989       27.1898594    
  0.184033111       2.43592024       14.6549997       3.53550005       23.6227531       27.1971893    
  0.183954999       2.43523145       14.6549997       3.53449988       23.6262112       27.2045689    
  0.183876872       2.43454242       14.6549997       3.53349996       23.6296673       27.2119484    
  0.183798805       2.43385363       14.6549997       3.53250003       23.6331234       27.2192879    
  0.183720738       2.43316460       14.6549997       3.53150010       23.6365814       27.2266808    
  0.183642685       2.43247557       14.6549997       3.53049994       23.6400394       27.2340736    
  0.183564663       2.43178654       14.6549997       3.52950001       23.6434994       27.2414474    
  0.183486670       2.43109751       14.6549997       3.52850008       23.6469574       27.2488575    
  0.183408678       2.43040848       14.6549997       3.52749991       23.6504173       27.2562866    
  0.185616478       2.45095682       14.6650000       3.55250001       23.4941940       26.9843807    
  0.185537875       2.45026708       14.6650000       3.55150008       23.4976406       26.9917507    
  0.185459256       2.44957685       14.6650000       3.55049992       23.5010891       26.9990215    
  0.185380712       2.44888711       14.6650000       3.54949999       23.5045357       27.0062141    
  0.185302138       2.44819713       14.6650000       3.54850006       23.5079842       27.0144558    
  0.185223609       2.44750714       14.6650000       3.54749990       23.5114346       27.0217361    
  0.185145125       2.44681740       14.6650000       3.54649997       23.5148830       27.0290203    
  0.185066640       2.44612765       14.6650000       3.54550004       23.5183315       27.0362930    
  0.184988201       2.44543767       14.6650000       3.54450011       23.5217819       27.0435734    
  0.184909746       2.44474769       14.6650000       3.54349995       23.5252342       27.0515614    
  0.184831321       2.44405770       14.6650000       3.54250002       23.5286846       27.0588932    
  0.184752926       2.44336772       14.6650000       3.54150009       23.5321369       27.0661678    
  0.184674546       2.44267774       14.6650000       3.54049993       23.5355892       27.0735245    
  0.184596196       2.44198775       14.6650000       3.53950000       23.5390415       27.0808830    
  0.184517875       2.44129801       14.6650000       3.53850007       23.5424938       27.0881691    
  0.184439540       2.44060779       14.6650000       3.53749990       23.5459480       27.0955276    
  0.184361279       2.43991804       14.6650000       3.53649998       23.5494022       27.1028671    
  0.184283033       2.43922830       14.6650000       3.53550005       23.5528564       27.1101780    
  0.184204787       2.43853831       14.6650000       3.53449988       23.5563126       27.1175423    
  0.184126556       2.43784833       14.6650000       3.53349996       23.5597687       27.1249046    
  0.184048399       2.43715858       14.6650000       3.53250003       23.5632248       27.1322365    
  0.183970198       2.43646860       14.6650000       3.53150010       23.5666809       27.1396198    
  0.183892056       2.43577862       14.6650000       3.53049994       23.5701389       27.1470013    
  0.183813930       2.43508863       14.6650000       3.52950001       23.5735970       27.1543427    
  0.183735803       2.43439865       14.6650000       3.52850008       23.5770550       27.1617260    
  0.183657721       2.43370867       14.6650000       3.52749991       23.5805149       27.1691475    
  0.185868338       2.45428252       14.6750002       3.55250001       23.4245338       26.8980026    
  0.185789645       2.45359182       14.6750002       3.55150008       23.4279804       26.9052410    
  0.185710907       2.45290065       14.6750002       3.55049992       23.4314270       26.9124928    
  0.185632259       2.45221019       14.6750002       3.54949999       23.4348736       26.9197063    
  0.185553595       2.45151925       14.6750002       3.54850006       23.4383202       26.9270763    
  0.185474947       2.45082831       14.6750002       3.54749990       23.4417686       26.9343185    
  0.185396343       2.45013738       14.6750002       3.54649997       23.4452171       26.9425106    
  0.185317755       2.44944668       14.6750002       3.54550004       23.4486675       26.9497681    
  0.185239181       2.44875574       14.6750002       3.54450011       23.4521160       26.9570389    
  0.185160652       2.44806504       14.6750002       3.54349995       23.4555664       26.9643250    
  0.185082123       2.44737411       14.6750002       3.54250002       23.4590168       26.9716015    
  0.185003623       2.44668317       14.6750002       3.54150009       23.4624672       26.9795685    
  0.184925124       2.44599223       14.6750002       3.54049993       23.4659195       26.9868832    
  0.184846669       2.44530129       14.6750002       3.53950000       23.4693718       26.9942150    
  0.184768245       2.44461060       14.6750002       3.53850007       23.4728241       27.0015049    
  0.184689805       2.44391942       14.6750002       3.53749990       23.4762764       27.0088482    
  0.184611455       2.44322896       14.6750002       3.53649998       23.4797306       27.0161953    
  0.184533074       2.44253802       14.6750002       3.53550005       23.4831829       27.0234871    
  0.184454724       2.44184709       14.6750002       3.53449988       23.4866390       27.0308342    
  0.184376404       2.44115615       14.6750002       3.53349996       23.4900932       27.0381927    
  0.184298113       2.44046545       14.6750002       3.53250003       23.4935493       27.0454845    
  0.184219837       2.43977451       14.6750002       3.53150010       23.4970055       27.0528355    
  0.184141576       2.43908381       14.6750002       3.53049994       23.5004616       27.0602093    
  0.184063330       2.43839288       14.6750002       3.52950001       23.5039196       27.0675411    
  0.183985129       2.43770194       14.6750002       3.52850008       23.5073757       27.0749245    
  0.183906928       2.43701100       14.6750002       3.52749991       23.5108356       27.0822392    
  0.186120316       2.45760989       14.6850004       3.55250001       23.3550968       26.8118992    
  0.186041519       2.45691824       14.6850004       3.55150008       23.3585415       26.8191338    
  0.185962707       2.45622635       14.6850004       3.55049992       23.3619881       26.8263283    
  0.185883924       2.45553470       14.6850004       3.54949999       23.3654327       26.8335781    
  0.185805157       2.45484281       14.6850004       3.54850006       23.3688793       26.8408222    
  0.185726389       2.45415092       14.6850004       3.54749990       23.3723278       26.8480263    
  0.185647696       2.45345926       14.6850004       3.54649997       23.3757744       26.8553848    
  0.185569003       2.45276761       14.6850004       3.54550004       23.3792229       26.8626423    
  0.185490325       2.45207572       14.6850004       3.54450011       23.3826714       26.8708038    
  0.185411677       2.45138383       14.6850004       3.54349995       23.3861217       26.8780632    
  0.185333043       2.45069194       14.6850004       3.54250002       23.3895702       26.8853874    
  0.185254440       2.45000029       14.6850004       3.54150009       23.3930206       26.8925972    
  0.185175836       2.44930840       14.6850004       3.54049993       23.3964729       26.8998852    
  0.185097277       2.44861650       14.6850004       3.53950000       23.3999233       26.9078770    
  0.185018733       2.44792485       14.6850004       3.53850007       23.4033737       26.9151516    
  0.184940219       2.44723296       14.6850004       3.53749990       23.4068279       26.9224701    
  0.184861720       2.44654131       14.6850004       3.53649998       23.4102802       26.9297981    
  0.184783265       2.44584942       14.6850004       3.53550005       23.4137325       26.9370937    
  0.184704810       2.44515753       14.6850004       3.53449988       23.4171867       26.9444313    
  0.184626371       2.44446588       14.6850004       3.53349996       23.4206409       26.9517593    
  0.184547991       2.44377422       14.6850004       3.53250003       23.4240952       26.9590702    
  0.184469581       2.44308233       14.6850004       3.53150010       23.4275494       26.9664135    
  0.184391215       2.44239044       14.6850004       3.53049994       23.4310074       26.9737091    
  0.184312880       2.44169879       14.6850004       3.52950001       23.4344616       26.9810696    
  0.184234574       2.44100690       14.6850004       3.52850008       23.4379196       26.9884129    
  0.184156269       2.44031501       14.6850004       3.52749991       23.4413776       26.9957275    
  0.186372504       2.46093965       14.6949997       3.55250001       23.2858868       26.7261524    
  0.186293587       2.46024704       14.6949997       3.55150008       23.2893295       26.7333565    
  0.186214641       2.45955396       14.6949997       3.55049992       23.2927761       26.7405205    
  0.186135769       2.45886159       14.6949997       3.54949999       23.2962208       26.7477570    
  0.186056897       2.45816875       14.6949997       3.54850006       23.2996674       26.7549820    
  0.185978025       2.45747590       14.6949997       3.54749990       23.3031139       26.7621670    
  0.185899198       2.45678306       14.6949997       3.54649997       23.3065605       26.7694340    
  0.185820416       2.45609069       14.6949997       3.54550004       23.3100071       26.7766628    
  0.185741648       2.45539784       14.6949997       3.54450011       23.3134556       26.7838593    
  0.185662866       2.45470500       14.6949997       3.54349995       23.3169041       26.7912159    
  0.185584143       2.45401239       14.6949997       3.54250002       23.3203526       26.7994385    
  0.185505435       2.45331955       14.6949997       3.54150009       23.3238029       26.8066330    
  0.185426697       2.45262671       14.6949997       3.54049993       23.3272533       26.8139420    
  0.185348064       2.45193410       14.6949997       3.53950000       23.3307037       26.8211994    
  0.185269415       2.45124149       14.6949997       3.53850007       23.3341541       26.8284206    
  0.185190767       2.45054841       14.6949997       3.53749990       23.3376045       26.8364086    
  0.185112178       2.44985580       14.6949997       3.53649998       23.3410568       26.8436832    
  0.185033619       2.44916320       14.6949997       3.53550005       23.3445091       26.8509846    
  0.184955046       2.44847035       14.6949997       3.53449988       23.3479633       26.8582993    
  0.184876502       2.44777751       14.6949997       3.53349996       23.3514156       26.8655853    
  0.184798032       2.44708514       14.6949997       3.53250003       23.3548698       26.8729229    
  0.184719503       2.44639230       14.6949997       3.53150010       23.3583241       26.8802605    
  0.184641033       2.44569945       14.6949997       3.53049994       23.3617783       26.8875351    
  0.184562594       2.44500685       14.6949997       3.52950001       23.3652344       26.8948898    
  0.184484169       2.44431400       14.6949997       3.52850008       23.3686905       26.9022350    
  0.184405759       2.44362116       14.6949997       3.52749991       23.3721466       26.9095211    
  0.184327364       2.44292831       14.6949997       3.52649999       23.3756027       26.9168797    
  0.186624840       2.46427178       14.7049999       3.55250001       23.2168903       26.6406689    
  0.186545819       2.46357822       14.7049999       3.55150008       23.2203331       26.6478767    
  0.186466768       2.46288419       14.7049999       3.55049992       23.2237778       26.6550293    
  0.186387792       2.46219087       14.7049999       3.54949999       23.2272224       26.6622334    
  0.186308816       2.46149707       14.7049999       3.54850006       23.2306671       26.6694527    
  0.186229825       2.46080327       14.7049999       3.54749990       23.2341137       26.6766071    
  0.186150923       2.46010971       14.7049999       3.54649997       23.2375603       26.6838474    
  0.186072022       2.45941615       14.7049999       3.54550004       23.2410069       26.6910591    
  0.185993150       2.45872259       14.7049999       3.54450011       23.2444534       26.6982250    
  0.185914263       2.45802879       14.7049999       3.54349995       23.2479019       26.7055073    
  0.185835406       2.45733500       14.7049999       3.54250002       23.2513504       26.7126904    
  0.185756594       2.45664144       14.7049999       3.54150009       23.2547970       26.7200432    
  0.185677797       2.45594764       14.7049999       3.54049993       23.2582474       26.7272911    
  0.185599014       2.45525384       14.7049999       3.53950000       23.2616959       26.7354450    
  0.185520276       2.45456052       14.7049999       3.53850007       23.2651463       26.7427559    
  0.185441524       2.45386648       14.7049999       3.53749990       23.2685986       26.7500057    
  0.185362831       2.45317316       14.7049999       3.53649998       23.2720490       26.7572155    
  0.185284153       2.45247936       14.7049999       3.53550005       23.2754993       26.7651901    
  0.185205474       2.45178556       14.7049999       3.53449988       23.2789516       26.7725067    
  0.185126826       2.45109200       14.7049999       3.53349996       23.2824039       26.7797737    
  0.185048237       2.45039845       14.7049999       3.53250003       23.2858582       26.7870789    
  0.184969619       2.44970465       14.7049999       3.53150010       23.2893105       26.7943859    
  0.184891060       2.44901109       14.7049999       3.53049994       23.2927647       26.8016777    
  0.184812486       2.44831729       14.7049999       3.52950001       23.2962189       26.8090057    
  0.184733957       2.44762349       14.7049999       3.52850008       23.2996750       26.8163280    
  0.184655458       2.44692993       14.7049999       3.52749991       23.3031311       26.8236103    
  0.186877370       2.46760631       14.7150002       3.55250001       23.1481133       26.5555668    
  0.186798275       2.46691203       14.7150002       3.55150008       23.1515560       26.5627537    
  0.186719105       2.46621704       14.7150002       3.55049992       23.1550007       26.5698261    
  0.186640009       2.46552277       14.7150002       3.54949999       23.1584454       26.5770226    
  0.186560929       2.46482801       14.7150002       3.54850006       23.1618881       26.5841770    
  0.186481848       2.46413326       14.7150002       3.54749990       23.1653347       26.5913734    
  0.186402828       2.46343875       14.7150002       3.54649997       23.1687794       26.5985756    
  0.186323807       2.46274424       14.7150002       3.54550004       23.1722260       26.6057415    
  0.186244830       2.46204972       14.7150002       3.54450011       23.1756706       26.6129532    
  0.186165854       2.46135497       14.7150002       3.54349995       23.1791191       26.6201649    
  0.186086908       2.46066046       14.7150002       3.54250002       23.1825657       26.6273479    
  0.186007962       2.45996571       14.7150002       3.54150009       23.1860123       26.6345730    
  0.185929045       2.45927095       14.7150002       3.54049993       23.1894627       26.6418171    
  0.185850173       2.45857644       14.7150002       3.53950000       23.1929111       26.6491184    
  0.185771316       2.45788193       14.7150002       3.53850007       23.1963596       26.6563625    
  0.185692474       2.45718718       14.7150002       3.53749990       23.1998100       26.6645832    
  0.185613662       2.45649266       14.7150002       3.53649998       23.2032604       26.6718006    
  0.185534865       2.45579815       14.7150002       3.53550005       23.2067108       26.6790600    
  0.185456097       2.45510340       14.7150002       3.53449988       23.2101612       26.6863174    
  0.185377330       2.45440865       14.7150002       3.53349996       23.2136135       26.6942215    
  0.185298651       2.45371437       14.7150002       3.53250003       23.2170658       26.7015266    
  0.185219929       2.45301962       14.7150002       3.53150010       23.2205181       26.7088356    
  0.185141250       2.45232511       14.7150002       3.53049994       23.2239704       26.7161026    
  0.185062587       2.45163035       14.7150002       3.52950001       23.2274246       26.7234077    
  0.184983954       2.45093584       14.7150002       3.52850008       23.2308788       26.7307243    
  0.184905320       2.45024109       14.7150002       3.52749991       23.2343330       26.7380085    
  0.187130019       2.47094226       14.7250004       3.55250001       23.0795574       26.4709339    
  0.187050775       2.47024679       14.7250004       3.55150008       23.0829983       26.4780903    
  0.186971515       2.46955109       14.7250004       3.55049992       23.0864429       26.4849892    
  0.186892316       2.46885562       14.7250004       3.54949999       23.0898857       26.4922009    
  0.186813131       2.46816015       14.7250004       3.54850006       23.0933285       26.4992371    
  0.186733931       2.46746445       14.7250004       3.54749990       23.0967731       26.5064354    
  0.186654806       2.46676898       14.7250004       3.54649997       23.1002178       26.5136261    
  0.186575681       2.46607351       14.7250004       3.54550004       23.1036625       26.5207767    
  0.186496615       2.46537805       14.7250004       3.54450011       23.1071072       26.5279789    
  0.186417520       2.46468234       14.7250004       3.54349995       23.1105537       26.5351715    
  0.186338469       2.46398687       14.7250004       3.54250002       23.1140003       26.5423222    
  0.186259419       2.46329117       14.7250004       3.54150009       23.1174469       26.5495434    
  0.186180383       2.46259546       14.7250004       3.54049993       23.1208954       26.5567570    
  0.186101422       2.46190000       14.7250004       3.53950000       23.1243420       26.5639343    
  0.186022460       2.46120477       14.7250004       3.53850007       23.1277905       26.5711498    
  0.185943484       2.46050882       14.7250004       3.53749990       23.1312408       26.5783863    
  0.185864568       2.45981336       14.7250004       3.53649998       23.1346893       26.5856895    
  0.185785681       2.45911789       14.7250004       3.53550005       23.1381397       26.5939426    
  0.185706794       2.45842218       14.7250004       3.53449988       23.1415901       26.6011276    
  0.185627952       2.45772672       14.7250004       3.53349996       23.1450405       26.6083775    
  0.185549140       2.45703125       14.7250004       3.53250003       23.1484909       26.6156216    
  0.185470313       2.45633578       14.7250004       3.53150010       23.1519432       26.6235275    
  0.185391515       2.45564008       14.7250004       3.53049994       23.1553955       26.6308098    
  0.185312763       2.45494461       14.7250004       3.52950001       23.1588478       26.6381092    
  0.185234010       2.45424891       14.7250004       3.52850008       23.1623020       26.6453743    
  0.185155287       2.45355344       14.7250004       3.52749991       23.1657562       26.6526737    
  0.187303528       2.47358465       14.7349997       3.55150008       23.0146656       26.3934383    
  0.187224165       2.47288799       14.7349997       3.55049992       23.0181084       26.4006329    
  0.187144861       2.47219181       14.7349997       3.54949999       23.0215511       26.4077950    
  0.187065557       2.47149515       14.7349997       3.54850006       23.0249939       26.4149609    
  0.186986268       2.47079873       14.7349997       3.54749990       23.0284367       26.4218674    
  0.186907023       2.47010207       14.7349997       3.54649997       23.0318813       26.4288960    
  0.186827809       2.46940589       14.7349997       3.54550004       23.0353241       26.4360943    
  0.186748609       2.46870923       14.7349997       3.54450011       23.0387688       26.4432850    
  0.186669424       2.46801281       14.7349997       3.54349995       23.0422153       26.4504280    
  0.186590225       2.46731615       14.7349997       3.54250002       23.0456600       26.4576225    
  0.186511099       2.46661973       14.7349997       3.54150009       23.0491066       26.4648170    
  0.186431959       2.46592307       14.7349997       3.54049993       23.0525532       26.4719620    
  0.186352894       2.46522665       14.7349997       3.53950000       23.0559998       26.4791660    
  0.186273828       2.46453047       14.7349997       3.53850007       23.0594463       26.4863815    
  0.186194733       2.46383357       14.7349997       3.53749990       23.0628967       26.4935493    
  0.186115742       2.46313739       14.7349997       3.53649998       23.0663433       26.5007572    
  0.186036721       2.46244073       14.7349997       3.53550005       23.0697937       26.5079727    
  0.185957745       2.46174431       14.7349997       3.53449988       23.0732422       26.5152912    
  0.185878769       2.46104765       14.7349997       3.53349996       23.0766926       26.5235367    
  0.185799867       2.46035147       14.7349997       3.53250003       23.0801430       26.5307655    
  0.185720935       2.45965481       14.7349997       3.53150010       23.0835934       26.5379543    
  0.185642034       2.45895839       14.7349997       3.53049994       23.0870457       26.5452023    
  0.185563162       2.45826197       14.7349997       3.52950001       23.0904980       26.5531387    
  0.185484305       2.45756531       14.7349997       3.52850008       23.0939503       26.5603695    
  0.185405493       2.45686889       14.7349997       3.52749991       23.0974026       26.5676651    
  0.187635928       2.47762251       14.7449999       3.55250001       22.9431038       26.3018627    
  0.187556460       2.47692513       14.7449999       3.55150008       22.9465446       26.3090458    
  0.187476993       2.47622752       14.7449999       3.55049992       22.9499855       26.3162479    
  0.187397599       2.47553039       14.7449999       3.54949999       22.9534264       26.3233871    
  0.187318176       2.47483277       14.7449999       3.54850006       22.9568691       26.3305779    
  0.187238798       2.47413540       14.7449999       3.54749990       22.9603119       26.3377838    
  0.187159419       2.47343779       14.7449999       3.54649997       22.9637547       26.3448811    
  0.187080100       2.47274065       14.7449999       3.54550004       22.9671974       26.3517914    
  0.187000811       2.47204328       14.7449999       3.54450011       22.9706421       26.3588562    
  0.186921492       2.47134566       14.7449999       3.54349995       22.9740868       26.3660049    
  0.186842233       2.47064829       14.7449999       3.54250002       22.9775314       26.3731861    
  0.186762959       2.46995068       14.7449999       3.54150009       22.9809761       26.3803749    
  0.186683744       2.46925330       14.7449999       3.54049993       22.9844227       26.3875294    
  0.186604545       2.46855593       14.7449999       3.53950000       22.9878674       26.3947144    
  0.186525375       2.46785855       14.7449999       3.53850007       22.9913139       26.4018917    
  0.186446190       2.46716094       14.7449999       3.53749990       22.9947624       26.4090481    
  0.186367065       2.46646357       14.7449999       3.53649998       22.9982090       26.4162598    
  0.186287969       2.46576619       14.7449999       3.53550005       23.0016575       26.4234619    
  0.186208874       2.46506882       14.7449999       3.53449988       23.0051060       26.4306278    
  0.186129794       2.46437120       14.7449999       3.53349996       23.0085545       26.4378262    
  0.186050773       2.46367407       14.7449999       3.53250003       23.0120049       26.4450245    
  0.185971737       2.46297646       14.7449999       3.53150010       23.0154552       26.4533615    
  0.185892746       2.46227908       14.7449999       3.53049994       23.0189056       26.4605942    
  0.185813755       2.46158171       14.7449999       3.52950001       23.0223560       26.4678135    
  0.185734808       2.46088409       14.7449999       3.52850008       23.0258083       26.4750080    
  0.185655862       2.46018672       14.7449999       3.52749991       23.0292606       26.4829407    
  0.187889129       2.48096585       14.7550001       3.55250001       22.8751984       26.2177887    
  0.187809572       2.48026752       14.7550001       3.55150008       22.8786373       26.2249660    
  0.187729985       2.47956896       14.7550001       3.55049992       22.8820782       26.2321396    
  0.187650472       2.47887087       14.7550001       3.54949999       22.8855190       26.2392597    
  0.187570959       2.47817230       14.7550001       3.54850006       22.8889599       26.2464485    
  0.187491447       2.47747397       14.7550001       3.54749990       22.8924026       26.2536449    
  0.187411994       2.47677565       14.7550001       3.54649997       22.8958454       26.2607689    
  0.187332556       2.47607732       14.7550001       3.54550004       22.8992863       26.2679558    
  0.187253147       2.47537899       14.7550001       3.54450011       22.9027290       26.2750778    
  0.187173739       2.47468066       14.7550001       3.54349995       22.9061737       26.2819633    
  0.187094346       2.47398210       14.7550001       3.54250002       22.9096184       26.2890110    
  0.187014997       2.47328377       14.7550001       3.54150009       22.9130611       26.2961674    
  0.186935663       2.47258544       14.7550001       3.54049993       22.9165077       26.3033428    
  0.186856344       2.47188687       14.7550001       3.53950000       22.9199524       26.3105106    
  0.186777070       2.47118878       14.7550001       3.53850007       22.9233971       26.3176556    
  0.186697796       2.47049022       14.7550001       3.53749990       22.9268456       26.3248482    
  0.186618552       2.46979189       14.7550001       3.53649998       22.9302921       26.3320312    
  0.186539352       2.46909356       14.7550001       3.53550005       22.9337387       26.3391628    
  0.186460152       2.46839523       14.7550001       3.53449988       22.9371872       26.3463669    
  0.186380953       2.46769667       14.7550001       3.53349996       22.9406338       26.3535786    
  0.186301842       2.46699858       14.7550001       3.53250003       22.9440823       26.3607235    
  0.186222702       2.46630025       14.7550001       3.53150010       22.9475327       26.3679276    
  0.186143577       2.46560168       14.7550001       3.53049994       22.9509830       26.3751373    
  0.186064512       2.46490335       14.7550001       3.52950001       22.9544315       26.3834229    
  0.185985446       2.46420503       14.7550001       3.52850008       22.9578819       26.3906765    
  0.185906380       2.46350646       14.7550001       3.52749991       22.9613342       26.3978920    
  0.188142464       2.48431110       14.7650003       3.55250001       22.8075104       26.1339321    
  0.188062817       2.48361206       14.7650003       3.55150008       22.8109474       26.1411343    
  0.187983111       2.48291230       14.7650003       3.55049992       22.8143883       26.1482563    
  0.187903479       2.48221326       14.7650003       3.54949999       22.8178272       26.1554375    
  0.187823862       2.48151398       14.7650003       3.54850006       22.8212681       26.1626167    
  0.187744275       2.48081470       14.7650003       3.54749990       22.8247089       26.1697464    
  0.187664703       2.48011518       14.7650003       3.54649997       22.8281517       26.1769257    
  0.187585160       2.47941613       14.7650003       3.54550004       22.8315926       26.1840897    
  0.187505648       2.47871685       14.7650003       3.54450011       22.8350334       26.1912231    
  0.187426105       2.47801733       14.7650003       3.54349995       22.8384781       26.1984024    
  0.187346637       2.47731805       14.7650003       3.54250002       22.8419209       26.2055531    
  0.187267169       2.47661877       14.7650003       3.54150009       22.8453636       26.2123890    
  0.187187716       2.47591949       14.7650003       3.54049993       22.8488083       26.2194500    
  0.187108308       2.47521996       14.7650003       3.53950000       22.8522530       26.2266216    
  0.187028915       2.47452092       14.7650003       3.53850007       22.8556976       26.2337608    
  0.186949536       2.47382140       14.7650003       3.53749990       22.8591442       26.2409267    
  0.186870188       2.47312212       14.7650003       3.53649998       22.8625889       26.2481003    
  0.186790869       2.47242284       14.7650003       3.53550005       22.8660355       26.2552357    
  0.186711565       2.47172356       14.7650003       3.53449988       22.8694820       26.2624149    
  0.186632276       2.47102427       14.7650003       3.53349996       22.8729305       26.2695980    
  0.186553031       2.47032499       14.7650003       3.53250003       22.8763771       26.2767448    
  0.186473802       2.46962571       14.7650003       3.53150010       22.8798256       26.2839317    
  0.186394587       2.46892643       14.7650003       3.53049994       22.8832741       26.2911434    
  0.186315387       2.46822691       14.7650003       3.52950001       22.8867245       26.2982922    
  0.186236218       2.46752763       14.7650003       3.52850008       22.8901730       26.3054790    
  0.186157078       2.46682835       14.7650003       3.52749991       22.8936234       26.3138046    
  0.188395977       2.48765850       14.7749996       3.55250001       22.7400417       26.0503883    
  0.188316211       2.48695827       14.7749996       3.55150008       22.7434807       26.0575314    
  0.188236386       2.48625779       14.7749996       3.55049992       22.7469196       26.0647068    
  0.188156664       2.48555779       14.7749996       3.54949999       22.7503586       26.0718880    
  0.188076943       2.48485756       14.7749996       3.54850006       22.7537975       26.0789967    
  0.187997222       2.48415709       14.7749996       3.54749990       22.7572384       26.0861530    
  0.187917560       2.48345685       14.7749996       3.54649997       22.7606773       26.0933342    
  0.187837899       2.48275685       14.7749996       3.54550004       22.7641182       26.1004639    
  0.187758282       2.48205662       14.7749996       3.54450011       22.7675610       26.1076469    
  0.187678635       2.48135614       14.7749996       3.54349995       22.7710018       26.1148014    
  0.187599063       2.48065591       14.7749996       3.54250002       22.7744446       26.1219387    
  0.187519491       2.47995567       14.7749996       3.54150009       22.7778873       26.1290970    
  0.187439933       2.47925544       14.7749996       3.54049993       22.7813301       26.1362438    
  0.187360406       2.47855496       14.7749996       3.53950000       22.7847748       26.1430664    
  0.187280908       2.47785497       14.7749996       3.53850007       22.7882175       26.1501160    
  0.187201425       2.47715449       14.7749996       3.53749990       22.7916622       26.1572857    
  0.187122002       2.47645450       14.7749996       3.53649998       22.7951088       26.1644020    
  0.187042534       2.47575402       14.7749996       3.53550005       22.7985535       26.1715927    
  0.186963126       2.47505379       14.7749996       3.53449988       22.8020000       26.1787567    
  0.186883733       2.47435355       14.7749996       3.53349996       22.8054466       26.1858807    
  0.186804414       2.47365355       14.7749996       3.53250003       22.8088932       26.1930637    
  0.186725065       2.47295332       14.7749996       3.53150010       22.8123398       26.2002296    
  0.186645716       2.47225285       14.7749996       3.53049994       22.8157883       26.2073727    
  0.186566427       2.47155261       14.7749996       3.52950001       22.8192368       26.2145576    
  0.186487153       2.47085238       14.7749996       3.52850008       22.8226852       26.2217560    
  0.186407909       2.47015214       14.7749996       3.52749991       22.8261356       26.2289104    
  0.188649669       2.49100828       14.7849998       3.55250001       22.6727829       25.9671803    
  0.188569799       2.49030733       14.7849998       3.55150008       22.6762199       25.9742508    
  0.188489869       2.48960567       14.7849998       3.55049992       22.6796570       25.9813957    
  0.188410044       2.48890471       14.7849998       3.54949999       22.6830959       25.9885521    
  0.188330203       2.48820353       14.7849998       3.54850006       22.6865349       25.9956112    
  0.188250378       2.48750234       14.7849998       3.54749990       22.6899738       26.0028801    
  0.188170582       2.48680091       14.7849998       3.54649997       22.6934128       26.0100365    
  0.188090831       2.48609996       14.7849998       3.54550004       22.6968536       26.0171452    
  0.188011095       2.48539877       14.7849998       3.54450011       22.7002945       26.0242996    
  0.187931374       2.48469758       14.7849998       3.54349995       22.7037354       26.0314693    
  0.187851667       2.48399639       14.7849998       3.54250002       22.7071762       26.0386200    
  0.187772006       2.48329520       14.7849998       3.54150009       22.7106171       26.0457821    
  0.187692314       2.48259377       14.7849998       3.54049993       22.7140598       26.0529118    
  0.187612712       2.48189259       14.7849998       3.53950000       22.7175026       26.0600433    
  0.187533110       2.48119164       14.7849998       3.53850007       22.7209454       26.0671902    
  0.187453508       2.48049021       14.7849998       3.53749990       22.7243900       26.0740814    
  0.187373966       2.47978926       14.7849998       3.53649998       22.7278347       26.0810356    
  0.187294409       2.47908783       14.7849998       3.53550005       22.7312794       26.0881996    
  0.187214896       2.47838664       14.7849998       3.53449988       22.7347240       26.0953541    
  0.187135383       2.47768545       14.7849998       3.53349996       22.7381706       26.1024799    
  0.187055960       2.47698450       14.7849998       3.53250003       22.7416153       26.1096401    
  0.186976478       2.47628331       14.7849998       3.53150010       22.7450619       26.1168022    
  0.186897054       2.47558188       14.7849998       3.53049994       22.7485085       26.1239376    
  0.186817646       2.47488070       14.7849998       3.52950001       22.7519569       26.1311054    
  0.186738268       2.47417951       14.7849998       3.52850008       22.7554035       26.1382828    
  0.186658904       2.47347832       14.7849998       3.52749991       22.7588539       26.1454124    
  0.186579555       2.47277713       14.7849998       3.52649999       22.7623024       26.1526051    
  0.188903525       2.49436045       14.7950001       3.55250001       22.6057358       25.8829308    
  0.188823551       2.49365854       14.7950001       3.55150008       22.6091728       25.8900471    
  0.188743532       2.49295616       14.7950001       3.55049992       22.6126099       25.8973465    
  0.188663602       2.49225426       14.7950001       3.54949999       22.6160469       25.9055367    
  0.188583657       2.49155211       14.7950001       3.54850006       22.6194839       25.9126606    
  0.188503712       2.49084997       14.7950001       3.54749990       22.6229229       25.9197941    
  0.188423827       2.49014759       14.7950001       3.54649997       22.6263618       25.9268703    
  0.188343957       2.48944569       14.7950001       3.54550004       22.6298008       25.9340382    
  0.188264117       2.48874354       14.7950001       3.54450011       22.6332397       25.9412594    
  0.188184276       2.48804140       14.7950001       3.54349995       22.6366806       25.9483719    
  0.188104481       2.48733926       14.7950001       3.54250002       22.6401215       25.9555111    
  0.188024700       2.48663712       14.7950001       3.54150009       22.6435623       25.9626656    
  0.187944904       2.48593473       14.7950001       3.54049993       22.6470051       25.9698105    
  0.187865183       2.48523259       14.7950001       3.53950000       22.6504459       25.9769745    
  0.187785476       2.48453069       14.7950001       3.53850007       22.6538887       25.9841194    
  0.187705770       2.48382831       14.7950001       3.53749990       22.6573315       25.9912395    
  0.187626109       2.48312640       14.7950001       3.53649998       22.6607742       25.9983788    
  0.187546477       2.48242426       14.7950001       3.53550005       22.6642170       26.0055447    
  0.187466860       2.48172212       14.7950001       3.53449988       22.6676617       26.0122128    
  0.187387213       2.48101974       14.7950001       3.53349996       22.6711063       26.0193787    
  0.187307671       2.48031783       14.7950001       3.53250003       22.6745510       26.0265350    
  0.187228113       2.47961569       14.7950001       3.53150010       22.6779976       26.0336361    
  0.187148571       2.47891355       14.7950001       3.53049994       22.6814442       26.0407944    
  0.187069058       2.47821140       14.7950001       3.52950001       22.6848907       26.0479527    
  0.186989591       2.47750926       14.7950001       3.52850008       22.6883373       26.0550747    
  0.186910093       2.47680688       14.7950001       3.52749991       22.6917858       26.0622292    
  0.186830640       2.47610474       14.7950001       3.52649999       22.6952324       26.0694065    
  0.189157531       2.49771452       14.8050003       3.55250001       22.5389023       25.8002968    
  0.189077452       2.49701166       14.8050003       3.55150008       22.5423374       25.8073997    
  0.188997328       2.49630833       14.8050003       3.55049992       22.5457745       25.8145027    
  0.188917279       2.49560547       14.8050003       3.54949999       22.5492115       25.8215694    
  0.188837230       2.49490237       14.8050003       3.54850006       22.5526485       25.8288612    
  0.188757181       2.49419928       14.8050003       3.54749990       22.5560856       25.8370934    
  0.188677177       2.49349594       14.8050003       3.54649997       22.5595226       25.8441696    
  0.188597202       2.49279308       14.8050003       3.54550004       22.5629616       25.8512993    
  0.188517258       2.49208999       14.8050003       3.54450011       22.5664005       25.8584309    
  0.188437313       2.49138689       14.8050003       3.54349995       22.5698395       25.8655338    
  0.188357398       2.49068379       14.8050003       3.54250002       22.5732784       25.8727417    
  0.188277513       2.48998070       14.8050003       3.54150009       22.5767193       25.8798828    
  0.188197628       2.48927760       14.8050003       3.54049993       22.5801601       25.8869820    
  0.188117802       2.48857450       14.8050003       3.53950000       22.5836010       25.8941364    
  0.188038006       2.48787165       14.8050003       3.53850007       22.5870419       25.9012852    
  0.187958151       2.48716807       14.8050003       3.53749990       22.5904846       25.9084167    
  0.187878415       2.48646522       14.8050003       3.53649998       22.5939274       25.9155655    
  0.187798664       2.48576212       14.8050003       3.53550005       22.5973701       25.9227180    
  0.187718928       2.48505902       14.8050003       3.53449988       22.6008129       25.9298077    
  0.187639207       2.48435593       14.8050003       3.53349996       22.6042576       25.9369640    
  0.187559545       2.48365307       14.8050003       3.53250003       22.6077003       25.9436893    
  0.187479869       2.48294997       14.8050003       3.53150010       22.6111450       25.9507885    
  0.187400237       2.48224688       14.8050003       3.53049994       22.6145916       25.9579277    
  0.187320605       2.48154354       14.8050003       3.52950001       22.6180363       25.9650822    
  0.187241003       2.48084044       14.8050003       3.52850008       22.6214828       25.9721832    
  0.187161431       2.48013735       14.8050003       3.52749991       22.6249294       25.9793320    
  0.187081873       2.47943425       14.8050003       3.52649999       22.6283760       25.9864979    
  0.189411715       2.50107074       14.8149996       3.55250001       22.4722862       25.7179642    
  0.189331517       2.50036693       14.8149996       3.55150008       22.4757214       25.7250595    
  0.189251289       2.49966264       14.8149996       3.55049992       22.4791565       25.7321110    
  0.189171135       2.49895883       14.8149996       3.54949999       22.4825935       25.7392025    
  0.189090967       2.49825478       14.8149996       3.54850006       22.4860287       25.7462883    
  0.189010829       2.49755073       14.8149996       3.54749990       22.4894657       25.7533684    
  0.188930735       2.49684668       14.8149996       3.54649997       22.4929028       25.7606239    
  0.188850656       2.49614286       14.8149996       3.54550004       22.4963398       25.7688370    
  0.188770592       2.49543881       14.8149996       3.54450011       22.4997768       25.7759266    
  0.188690543       2.49473476       14.8149996       3.54349995       22.5032158       25.7830124    
  0.188610509       2.49403048       14.8149996       3.54250002       22.5066547       25.7901669    
  0.188530505       2.49332643       14.8149996       3.54150009       22.5100937       25.7972584    
  0.188450515       2.49262238       14.8149996       3.54049993       22.5135345       25.8043919    
  0.188370571       2.49191833       14.8149996       3.53950000       22.5169735       25.8116112    
  0.188290656       2.49121451       14.8149996       3.53850007       22.5204144       25.8187065    
  0.188210741       2.49051023       14.8149996       3.53749990       22.5238552       25.8258324    
  0.188130856       2.48980641       14.8149996       3.53649998       22.5272980       25.8330002    
  0.188051000       2.48910236       14.8149996       3.53550005       22.5307388       25.8400993    
  0.187971175       2.48839831       14.8149996       3.53449988       22.5341816       25.8472672    
  0.187891349       2.48769426       14.8149996       3.53349996       22.5376244       25.8544083    
  0.187811568       2.48699045       14.8149996       3.53250003       22.5410671       25.8614788    
  0.187731788       2.48628640       14.8149996       3.53150010       22.5445118       25.8686504    
  0.187652051       2.48558235       14.8149996       3.53049994       22.5479565       25.8753719    
  0.187572300       2.48487806       14.8149996       3.52950001       22.5514011       25.8824463    
  0.187492594       2.48417401       14.8149996       3.52850008       22.5548458       25.8895931    
  0.187412918       2.48346996       14.8149996       3.52749991       22.5582905       25.8967342    
  0.189666092       2.50442958       14.8249998       3.55250001       22.4058762       25.6353874    
  0.189585775       2.50372481       14.8249998       3.55150008       22.4093094       25.6424084    
  0.189505443       2.50301957       14.8249998       3.55049992       22.4127445       25.6499996    
  0.189425170       2.50231481       14.8249998       3.54949999       22.4161797       25.6571083    
  0.189344913       2.50160980       14.8249998       3.54850006       22.4196148       25.6641407    
  0.189264655       2.50090480       14.8249998       3.54749990       22.4230518       25.6712189    
  0.189184457       2.50019979       14.8249998       3.54649997       22.4264870       25.6783199    
  0.189104259       2.49949503       14.8249998       3.54550004       22.4299240       25.6853848    
  0.189024106       2.49879003       14.8249998       3.54450011       22.4333591       25.6925468    
  0.188943923       2.49808502       14.8249998       3.54349995       22.4367981       25.7008476    
  0.188863814       2.49738002       14.8249998       3.54250002       22.4402351       25.7079067    
  0.188783690       2.49667501       14.8249998       3.54150009       22.4436741       25.7150097    
  0.188703597       2.49596977       14.8249998       3.54049993       22.4471130       25.7221546    
  0.188623533       2.49526477       14.8249998       3.53950000       22.4505520       25.7292404    
  0.188543513       2.49456000       14.8249998       3.53850007       22.4539909       25.7363720    
  0.188463479       2.49385476       14.8249998       3.53749990       22.4574318       25.7434978    
  0.188383505       2.49315000       14.8249998       3.53649998       22.4608727       25.7506638    
  0.188303530       2.49244499       14.8249998       3.53550005       22.4643135       25.7577953    
  0.188223600       2.49173999       14.8249998       3.53449988       22.4677544       25.7649441    
  0.188143656       2.49103498       14.8249998       3.53349996       22.4711971       25.7720490    
  0.188063785       2.49033022       14.8249998       3.53250003       22.4746399       25.7791748    
  0.187983885       2.48962522       14.8249998       3.53150010       22.4780807       25.7863312    
  0.187904045       2.48892021       14.8249998       3.53049994       22.4815254       25.7934074    
  0.187824205       2.48821521       14.8249998       3.52950001       22.4849682       25.8005428    
  0.187744394       2.48751020       14.8249998       3.52850008       22.4884129       25.8072720    
  0.187664598       2.48680520       14.8249998       3.52749991       22.4918575       25.8143520    
  0.189920604       2.50779033       14.8350000       3.55250001       22.3396759       25.5536289    
  0.189840183       2.50708461       14.8350000       3.55150008       22.3431091       25.5606518    
  0.189759746       2.50637841       14.8350000       3.55049992       22.3465424       25.5677013    
  0.189679369       2.50567269       14.8350000       3.54949999       22.3499756       25.5747643    
  0.189598992       2.50496674       14.8350000       3.54850006       22.3534107       25.5822906    
  0.189518631       2.50426078       14.8350000       3.54749990       22.3568459       25.5893745    
  0.189438328       2.50355482       14.8350000       3.54649997       22.3602810       25.5964565    
  0.189358026       2.50284910       14.8350000       3.54550004       22.3637161       25.6035080    
  0.189277753       2.50214314       14.8350000       3.54450011       22.3671532       25.6105824    
  0.189197481       2.50143719       14.8350000       3.54349995       22.3705902       25.6176834    
  0.189117253       2.50073123       14.8350000       3.54250002       22.3740273       25.6247349    
  0.189037040       2.50002527       14.8350000       3.54150009       22.3774643       25.6330833    
  0.188956827       2.49931931       14.8350000       3.54049993       22.3809013       25.6402035    
  0.188876674       2.49861336       14.8350000       3.53950000       22.3843403       25.6472321    
  0.188796535       2.49790764       14.8350000       3.53850007       22.3877792       25.6543789    
  0.188716397       2.49720144       14.8350000       3.53749990       22.3912182       25.6615028    
  0.188636318       2.49649572       14.8350000       3.53649998       22.3946571       25.6685791    
  0.188556239       2.49578977       14.8350000       3.53550005       22.3980980       25.6757050    
  0.188476175       2.49508381       14.8350000       3.53449988       22.4015388       25.6829071    
  0.188396141       2.49437785       14.8350000       3.53349996       22.4049797       25.6899834    
  0.188316166       2.49367213       14.8350000       3.53250003       22.4084206       25.6971340    
  0.188236162       2.49296618       14.8350000       3.53150010       22.4118614       25.7042675    
  0.188156188       2.49226022       14.8350000       3.53049994       22.4153061       25.7113705    
  0.188076258       2.49155426       14.8350000       3.52950001       22.4187469       25.7185116    
  0.187996343       2.49084830       14.8350000       3.52850008       22.4221916       25.7256145    
  0.187916443       2.49014235       14.8350000       3.52749991       22.4256344       25.7327366    
  0.190175280       2.51115322       14.8450003       3.55250001       22.2736855       25.4720936    
  0.190094769       2.51044655       14.8450003       3.55150008       22.2771168       25.4791431    
  0.190014213       2.50973940       14.8450003       3.55049992       22.2805500       25.4861908    
  0.189933717       2.50903273       14.8450003       3.54949999       22.2839832       25.4932079    
  0.189853236       2.50832582       14.8450003       3.54850006       22.2874165       25.5002537    
  0.189772770       2.50761890       14.8450003       3.54749990       22.2908516       25.5073280    
  0.189692348       2.50691199       14.8450003       3.54649997       22.2942848       25.5148373    
  0.189611942       2.50620532       14.8450003       3.54550004       22.2977200       25.5219040    
  0.189531565       2.50549841       14.8450003       3.54450011       22.3011551       25.5289860    
  0.189451188       2.50479150       14.8450003       3.54349995       22.3045902       25.5360088    
  0.189370841       2.50408459       14.8450003       3.54250002       22.3080273       25.5431118    
  0.189290524       2.50337768       14.8450003       3.54150009       22.3114624       25.5502033    
  0.189210221       2.50267076       14.8450003       3.54049993       22.3149014       25.5572433    
  0.189129964       2.50196409       14.8450003       3.53950000       22.3183384       25.5655746    
  0.189049721       2.50125742       14.8450003       3.53850007       22.3217754       25.5726795    
  0.188969478       2.50055027       14.8450003       3.53749990       22.3252144       25.5797138    
  0.188889280       2.49984360       14.8450003       3.53649998       22.3286533       25.5868568    
  0.188809097       2.49913669       14.8450003       3.53550005       22.3320923       25.5939713    
  0.188728943       2.49842978       14.8450003       3.53449988       22.3355312       25.6010456    
  0.188648790       2.49772286       14.8450003       3.53349996       22.3389721       25.6081581    
  0.188568696       2.49701619       14.8450003       3.53250003       22.3424110       25.6152687    
  0.188488603       2.49630928       14.8450003       3.53150010       22.3458519       25.6224308    
  0.188408509       2.49560237       14.8450003       3.53049994       22.3492947       25.6295643    
  0.188328460       2.49489546       14.8450003       3.52950001       22.3527355       25.6366920    
  0.188248441       2.49418855       14.8450003       3.52850008       22.3561783       25.6437836    
  0.188168436       2.49348164       14.8450003       3.52749991       22.3596210       25.6509113    
  0.188088447       2.49277472       14.8450003       3.52649999       22.3630638       25.6580315    
  0.190430135       2.51451850       14.8549995       3.55250001       22.2079086       25.3902855    
  0.190349519       2.51381087       14.8549995       3.55150008       22.2113400       25.3979168    
  0.190268859       2.51310277       14.8549995       3.55049992       22.2147732       25.4049282    
  0.190188259       2.51239514       14.8549995       3.54949999       22.2182045       25.4119587    
  0.190107659       2.51168728       14.8549995       3.54850006       22.2216377       25.4190044    
  0.190027088       2.51097941       14.8549995       3.54749990       22.2250710       25.4260197    
  0.189946562       2.51027155       14.8549995       3.54649997       22.2285042       25.4330540    
  0.189866036       2.50956392       14.8549995       3.54550004       22.2319374       25.4401093    
  0.189785555       2.50885606       14.8549995       3.54450011       22.2353725       25.4476318    
  0.189705074       2.50814819       14.8549995       3.54349995       22.2388077       25.4546833    
  0.189624637       2.50744057       14.8549995       3.54250002       22.2422428       25.4617462    
  0.189544201       2.50673270       14.8549995       3.54150009       22.2456779       25.4687824    
  0.189463779       2.50602484       14.8549995       3.54049993       22.2491131       25.4758625    
  0.189383417       2.50531697       14.8549995       3.53950000       22.2525501       25.4829407    
  0.189303070       2.50460935       14.8549995       3.53850007       22.2559872       25.4899979    
  0.189222708       2.50390124       14.8549995       3.53749990       22.2594242       25.4983120    
  0.189142406       2.50319362       14.8549995       3.53649998       22.2628632       25.5054188    
  0.189062119       2.50248575       14.8549995       3.53550005       22.2663002       25.5124340    
  0.188981846       2.50177789       14.8549995       3.53449988       22.2697392       25.5195656    
  0.188901588       2.50107002       14.8549995       3.53349996       22.2731781       25.5266743    
  0.188821390       2.50036240       14.8549995       3.53250003       22.2766171       25.5337296    
  0.188741177       2.49965453       14.8549995       3.53150010       22.2800579       25.5408707    
  0.188660994       2.49894667       14.8549995       3.53049994       22.2834988       25.5479755    
  0.188580841       2.49823880       14.8549995       3.52950001       22.2869396       25.5551052    
  0.188500717       2.49753094       14.8549995       3.52850008       22.2903805       25.5622482    
  0.188420594       2.49682307       14.8549995       3.52749991       22.2938232       25.5693741    
  0.188340500       2.49611521       14.8549995       3.52649999       22.2972641       25.5764942    
  0.190685228       2.51788664       14.8649998       3.55250001       22.1423340       25.3093548    
  0.190604478       2.51717806       14.8649998       3.55150008       22.1457653       25.3163357    
  0.190523714       2.51646900       14.8649998       3.55049992       22.1491966       25.3233566    
  0.190443009       2.51576042       14.8649998       3.54949999       22.1526279       25.3309689    
  0.190362319       2.51505160       14.8649998       3.54850006       22.1560593       25.3379707    
  0.190281630       2.51434278       14.8649998       3.54749990       22.1594925       25.3450089    
  0.190200984       2.51363397       14.8649998       3.54649997       22.1629238       25.3520508    
  0.190120369       2.51292539       14.8649998       3.54550004       22.1663570       25.3590450    
  0.190039769       2.51221657       14.8649998       3.54450011       22.1697903       25.3660870    
  0.189959168       2.51150775       14.8649998       3.54349995       22.1732254       25.3731289    
  0.189878613       2.51079893       14.8649998       3.54250002       22.1766586       25.3806362    
  0.189798087       2.51009011       14.8649998       3.54150009       22.1800938       25.3876877    
  0.189717546       2.50938129       14.8649998       3.54049993       22.1835289       25.3947582    
  0.189637080       2.50867248       14.8649998       3.53950000       22.1869640       25.4018192    
  0.189556614       2.50796413       14.8649998       3.53850007       22.1904011       25.4088478    
  0.189476147       2.50725508       14.8649998       3.53749990       22.1938362       25.4159317    
  0.189395756       2.50654650       14.8649998       3.53649998       22.1972733       25.4230042    
  0.189315349       2.50583768       14.8649998       3.53550005       22.2007103       25.4312782    
  0.189234972       2.50512886       14.8649998       3.53449988       22.2041492       25.4383831    
  0.189154595       2.50442004       14.8649998       3.53349996       22.2075863       25.4454651    
  0.189074308       2.50371146       14.8649998       3.53250003       22.2110252       25.4525166    
  0.188993976       2.50300264       14.8649998       3.53150010       22.2144642       25.4596138    
  0.188913703       2.50229383       14.8649998       3.53049994       22.2179050       25.4667110    
  0.188833430       2.50158501       14.8649998       3.52950001       22.2213440       25.4737911    
  0.188753203       2.50087619       14.8649998       3.52850008       22.2247849       25.4809017    
  0.188672975       2.50016737       14.8649998       3.52749991       22.2282257       25.4880104    
  0.190940455       2.52125669       14.8750000       3.55250001       22.0769672       25.2287235    
  0.190859616       2.52054739       14.8750000       3.55150008       22.0803967       25.2357292    
  0.190778732       2.51983738       14.8750000       3.55049992       22.0838280       25.2427559    
  0.190697923       2.51912785       14.8750000       3.54949999       22.0872574       25.2496567    
  0.190617114       2.51841807       14.8750000       3.54850006       22.0906887       25.2566814    
  0.190536335       2.51770830       14.8750000       3.54749990       22.0941200       25.2642879    
  0.190455571       2.51699853       14.8750000       3.54649997       22.0975513       25.2713127    
  0.190374836       2.51628900       14.8750000       3.54550004       22.1009846       25.2783127    
  0.190294132       2.51557922       14.8750000       3.54450011       22.1044159       25.2853336    
  0.190213427       2.51486945       14.8750000       3.54349995       22.1078491       25.2923775    
  0.190132752       2.51415968       14.8750000       3.54250002       22.1112823       25.2993679    
  0.190052122       2.51344991       14.8750000       3.54150009       22.1147175       25.3064003    
  0.189971507       2.51274037       14.8750000       3.54049993       22.1181507       25.3139572    
  0.189890921       2.51203060       14.8750000       3.53950000       22.1215858       25.3209534    
  0.189810336       2.51132107       14.8750000       3.53850007       22.1250210       25.3279953    
  0.189729765       2.51061106       14.8750000       3.53749990       22.1284561       25.3350639    
  0.189649269       2.50990152       14.8750000       3.53649998       22.1318932       25.3420734    
  0.189568758       2.50919175       14.8750000       3.53550005       22.1353283       25.3491516    
  0.189488262       2.50848198       14.8750000       3.53449988       22.1387653       25.3562260    
  0.189407781       2.50777221       14.8750000       3.53349996       22.1422024       25.3634033    
  0.189327374       2.50706267       14.8750000       3.53250003       22.1456394       25.3715458    
  0.189246953       2.50635290       14.8750000       3.53150010       22.1490784       25.3786640    
  0.189166561       2.50564313       14.8750000       3.53049994       22.1525173       25.3857136    
  0.189086199       2.50493360       14.8750000       3.52950001       22.1559563       25.3928070    
  0.189005852       2.50422382       14.8750000       3.52850008       22.1593952       25.3998985    
  0.188925520       2.50351405       14.8750000       3.52749991       22.1628361       25.4069386    
  0.191195771       2.52462816       14.8850002       3.55250001       22.0118065       25.1483345    
  0.191114828       2.52391768       14.8850002       3.55150008       22.0152359       25.1553574    
  0.191033840       2.52320671       14.8850002       3.55049992       22.0186653       25.1623554    
  0.190952912       2.52249622       14.8850002       3.54949999       22.0220947       25.1693039    
  0.190872014       2.52178574       14.8850002       3.54850006       22.0255241       25.1763058    
  0.190791100       2.52107501       14.8850002       3.54749990       22.0289555       25.1833324    
  0.190710247       2.52036428       14.8850002       3.54649997       22.0323868       25.1902218    
  0.190629408       2.51965380       14.8850002       3.54550004       22.0358181       25.1978207    
  0.190548599       2.51894307       14.8850002       3.54450011       22.0392494       25.2048531    
  0.190467790       2.51823235       14.8850002       3.54349995       22.0426807       25.2118359    
  0.190387011       2.51752162       14.8850002       3.54250002       22.0461140       25.2188759    
  0.190306261       2.51681089       14.8850002       3.54150009       22.0495453       25.2259026    
  0.190225512       2.51610017       14.8850002       3.54049993       22.0529804       25.2328777    
  0.190144837       2.51538968       14.8850002       3.53950000       22.0564137       25.2399197    
  0.190064162       2.51467919       14.8850002       3.53850007       22.0598469       25.2469540    
  0.189983487       2.51396823       14.8850002       3.53749990       22.0632820       25.2544537    
  0.189902857       2.51325774       14.8850002       3.53649998       22.0667171       25.2615032    
  0.189822242       2.51254702       14.8850002       3.53550005       22.0701523       25.2685375    
  0.189741641       2.51183629       14.8850002       3.53449988       22.0735893       25.2755566    
  0.189661056       2.51112556       14.8850002       3.53349996       22.0770245       25.2826176    
  0.189580545       2.51041508       14.8850002       3.53250003       22.0804615       25.2896843    
  0.189500004       2.50970435       14.8850002       3.53150010       22.0838985       25.2967720    
  0.189419523       2.50899386       14.8850002       3.53049994       22.0873356       25.3049889    
  0.189339042       2.50828314       14.8850002       3.52950001       22.0907745       25.3120956    
  0.189258590       2.50757241       14.8850002       3.52850008       22.0942116       25.3191376    
  0.189178154       2.50686169       14.8850002       3.52749991       22.0976505       25.3262215    
  0.191451356       2.52800298       14.8950005       3.55250001       21.9468536       25.0681934    
  0.191370293       2.52729154       14.8950005       3.55150008       21.9502811       25.0751877    
  0.191289186       2.52657962       14.8950005       3.55049992       21.9537086       25.0821705    
  0.191208169       2.52586818       14.8950005       3.54949999       21.9571381       25.0891705    
  0.191127151       2.52515650       14.8950005       3.54850006       21.9605675       25.0961800    
  0.191046134       2.52444482       14.8950005       3.54749990       21.9639969       25.1031265    
  0.190965191       2.52373338       14.8950005       3.54649997       21.9674263       25.1101246    
  0.190884247       2.52302194       14.8950005       3.54550004       21.9708557       25.1171246    
  0.190803319       2.52231026       14.8950005       3.54450011       21.9742870       25.1240883    
  0.190722406       2.52159858       14.8950005       3.54349995       21.9777184       25.1316166    
  0.190641522       2.52088690       14.8950005       3.54250002       21.9811497       25.1386280    
  0.190560654       2.52017522       14.8950005       3.54150009       21.9845810       25.1456108    
  0.190479800       2.51946354       14.8950005       3.54049993       21.9880142       25.1526318    
  0.190398991       2.51875186       14.8950005       3.53950000       21.9914474       25.1596622    
  0.190318227       2.51804066       14.8950005       3.53850007       21.9948788       25.1666317    
  0.190237433       2.51732874       14.8950005       3.53749990       21.9983139       25.1736565    
  0.190156713       2.51661730       14.8950005       3.53649998       22.0017471       25.1806908    
  0.190075979       2.51590562       14.8950005       3.53550005       22.0051823       25.1881866    
  0.189995289       2.51519394       14.8950005       3.53449988       22.0086174       25.1952229    
  0.189914584       2.51448226       14.8950005       3.53349996       22.0120525       25.2022648    
  0.189833969       2.51377082       14.8950005       3.53250003       22.0154877       25.2092648    
  0.189753324       2.51305914       14.8950005       3.53150010       22.0189228       25.2163124    
  0.189672738       2.51234770       14.8950005       3.53049994       22.0223598       25.2233887    
  0.189592138       2.51163602       14.8950005       3.52950001       22.0257969       25.2304020    
  0.189511582       2.51092434       14.8950005       3.52850008       22.0292339       25.2386818    
  0.189431027       2.51021266       14.8950005       3.52749991       22.0326729       25.2457848    
  0.191707060       2.53137946       14.9049997       3.55250001       21.8821087       24.9888687    
  0.191625893       2.53066707       14.9049997       3.55150008       21.8855362       24.9952717    
  0.191544682       2.52995420       14.9049997       3.55049992       21.8889637       25.0022736    
  0.191463560       2.52924180       14.9049997       3.54949999       21.8923912       25.0092583    
  0.191382423       2.52852917       14.9049997       3.54850006       21.8958187       25.0162239    
  0.191301286       2.52781653       14.9049997       3.54749990       21.8992481       25.0232334    
  0.191220224       2.52710390       14.9049997       3.54649997       21.9026775       25.0302410    
  0.191139176       2.52639174       14.9049997       3.54550004       21.9061069       25.0371838    
  0.191058159       2.52567911       14.9049997       3.54450011       21.9095364       25.0441647    
  0.190977126       2.52496648       14.9049997       3.54349995       21.9129658       25.0511646    
  0.190896124       2.52425385       14.9049997       3.54250002       21.9163971       25.0581284    
  0.190815166       2.52354121       14.9049997       3.54150009       21.9198284       25.0650520    
  0.190734208       2.52282858       14.9049997       3.54049993       21.9232597       25.0726604    
  0.190653294       2.52211595       14.9049997       3.53950000       21.9266911       25.0796299    
  0.190572411       2.52140379       14.9049997       3.53850007       21.9301224       25.0866489    
  0.190491512       2.52069092       14.9049997       3.53749990       21.9335556       25.0936680    
  0.190410689       2.51997852       14.9049997       3.53649998       21.9369888       25.1006336    
  0.190329850       2.51926589       14.9049997       3.53550005       21.9404221       25.1076622    
  0.190249041       2.51855326       14.9049997       3.53449988       21.9438572       25.1146793    
  0.190168247       2.51784062       14.9049997       3.53349996       21.9472904       25.1221695    
  0.190087497       2.51712823       14.9049997       3.53250003       21.9507256       25.1292000    
  0.190006778       2.51641583       14.9049997       3.53150010       21.9541607       25.1362381    
  0.189926043       2.51570320       14.9049997       3.53049994       21.9575958       25.1432743    
  0.189845368       2.51499057       14.9049997       3.52950001       21.9610329       25.1502781    
  0.189764678       2.51427794       14.9049997       3.52850008       21.9644680       25.1573200    
  0.189684033       2.51356530       14.9049997       3.52749991       21.9679050       25.1643753    
  0.189603403       2.51285267       14.9049997       3.52649999       21.9713421       25.1725979    
  0.191962868       2.53475738       14.9150000       3.55250001       21.8175640       24.9092960    
  0.191881627       2.53404427       14.9150000       3.55150008       21.8209896       24.9162216    
  0.191800311       2.53333044       14.9150000       3.55049992       21.8244171       24.9231968    
  0.191719055       2.53261709       14.9150000       3.54949999       21.8278427       24.9295921    
  0.191637814       2.53190351       14.9150000       3.54850006       21.8312702       24.9365692    
  0.191556588       2.53118992       14.9150000       3.54749990       21.8346977       24.9435635    
  0.191475406       2.53047633       14.9150000       3.54649997       21.8381271       24.9505215    
  0.191394269       2.52976322       14.9150000       3.54550004       21.8415546       24.9575138    
  0.191313133       2.52904963       14.9150000       3.54450011       21.8449821       24.9645004    
  0.191231996       2.52833605       14.9150000       3.54349995       21.8484135       24.9714622    
  0.191150889       2.52762246       14.9150000       3.54250002       21.8518429       24.9784508    
  0.191069812       2.52690887       14.9150000       3.54150009       21.8552723       24.9854336    
  0.190988734       2.52619529       14.9150000       3.54049993       21.8587036       24.9923859    
  0.190907717       2.52548170       14.9150000       3.53950000       21.8621330       24.9993877    
  0.190826729       2.52476859       14.9150000       3.53850007       21.8655643       25.0068989    
  0.190745741       2.52405477       14.9150000       3.53749990       21.8689976       25.0138702    
  0.190664783       2.52334142       14.9150000       3.53649998       21.8724289       25.0208740    
  0.190583840       2.52262783       14.9150000       3.53550005       21.8758602       25.0278893    
  0.190502927       2.52191424       14.9150000       3.53449988       21.8792934       25.0348473    
  0.190422013       2.52120066       14.9150000       3.53349996       21.8827267       25.0418701    
  0.190341175       2.52048731       14.9150000       3.53250003       21.8861618       25.0488949    
  0.190260321       2.51977396       14.9150000       3.53150010       21.8895950       25.0564232    
  0.190179512       2.51906037       14.9150000       3.53049994       21.8930302       25.0633965    
  0.190098703       2.51834679       14.9150000       3.52950001       21.8964653       25.0704346    
  0.190017924       2.51763320       14.9150000       3.52850008       21.8999004       25.0774670    
  0.189937174       2.51691961       14.9150000       3.52749991       21.9033356       25.0844460    
  0.192218930       2.53813839       14.9250002       3.55250001       21.7532215       24.8298454    
  0.192137539       2.53742409       14.9250002       3.55150008       21.7566471       24.8368263    
  0.192056119       2.53670931       14.9250002       3.55049992       21.7600727       24.8438702    
  0.191974789       2.53599524       14.9250002       3.54949999       21.7634983       24.8507767    
  0.191893443       2.53528070       14.9250002       3.54850006       21.7669239       24.8577499    
  0.191812098       2.53456616       14.9250002       3.54749990       21.7703514       24.8641510    
  0.191730812       2.53385162       14.9250002       3.54649997       21.7737789       24.8711166    
  0.191649526       2.53313732       14.9250002       3.54550004       21.7772064       24.8780804    
  0.191568285       2.53242278       14.9250002       3.54450011       21.7806339       24.8850651    
  0.191487059       2.53170848       14.9250002       3.54349995       21.7840633       24.8920383    
  0.191405848       2.53099394       14.9250002       3.54250002       21.7874908       24.8990250    
  0.191324666       2.53027940       14.9250002       3.54150009       21.7909203       24.9059525    
  0.191243500       2.52956486       14.9250002       3.54049993       21.7943497       24.9129429    
  0.191162363       2.52885032       14.9250002       3.53950000       21.7977791       24.9199486    
  0.191081256       2.52813601       14.9250002       3.53850007       21.8012085       24.9268837    
  0.191000134       2.52742124       14.9250002       3.53749990       21.8046398       24.9338779    
  0.190919101       2.52670717       14.9250002       3.53649998       21.8080711       24.9414635    
  0.190838054       2.52599263       14.9250002       3.53550005       21.8115025       24.9483585    
  0.190757021       2.52527809       14.9250002       3.53449988       21.8149357       24.9553509    
  0.190676019       2.52456355       14.9250002       3.53349996       21.8183670       24.9623566    
  0.190595061       2.52384925       14.9250002       3.53250003       21.8218002       24.9693565    
  0.190514103       2.52313471       14.9250002       3.53150010       21.8252335       24.9763298    
  0.190433189       2.52242041       14.9250002       3.53049994       21.8286667       24.9833355    
  0.190352261       2.52170587       14.9250002       3.52950001       21.8320999       24.9908600    
  0.190271378       2.52099133       14.9250002       3.52850008       21.8355350       24.9978352    
  0.190190509       2.52027678       14.9250002       3.52749991       21.8389702       25.0048714    
  0.192475155       2.54152155       14.9350004       3.55250001       21.6890831       24.7508125    
  0.192393646       2.54080629       14.9350004       3.55150008       21.6925068       24.7577190    
  0.192312121       2.54009056       14.9350004       3.55049992       21.6959324       24.7646656    
  0.192230687       2.53937554       14.9350004       3.54949999       21.6993561       24.7716351    
  0.192149207       2.53866005       14.9350004       3.54850006       21.7027817       24.7786617    
  0.192067772       2.53794456       14.9350004       3.54749990       21.7062073       24.7855816    
  0.191986367       2.53722906       14.9350004       3.54649997       21.7096329       24.7925453    
  0.191904992       2.53651381       14.9350004       3.54550004       21.7130604       24.7989216    
  0.191823646       2.53579831       14.9350004       3.54450011       21.7164860       24.8058910    
  0.191742301       2.53508306       14.9350004       3.54349995       21.7199154       24.8128586    
  0.191660985       2.53436756       14.9350004       3.54250002       21.7233429       24.8198242    
  0.191579685       2.53365207       14.9350004       3.54150009       21.7267704       24.8268070    
  0.191498399       2.53293657       14.9350004       3.54049993       21.7301998       24.8337803    
  0.191417173       2.53222108       14.9350004       3.53950000       21.7336273       24.8407078    
  0.191335946       2.53150582       14.9350004       3.53850007       21.7370567       24.8476810    
  0.191254735       2.53079009       14.9350004       3.53749990       21.7404881       24.8546753    
  0.191173583       2.53007507       14.9350004       3.53649998       21.7439175       24.8616161    
  0.191092417       2.52935958       14.9350004       3.53550005       21.7473469       24.8686066    
  0.191011295       2.52864408       14.9350004       3.53449988       21.7507782       24.8761806    
  0.190930158       2.52792859       14.9350004       3.53349996       21.7542095       24.8831654    
  0.190849110       2.52721334       14.9350004       3.53250003       21.7576408       24.8900547    
  0.190768063       2.52649808       14.9350004       3.53150010       21.7610741       24.8970490    
  0.190687001       2.52578259       14.9350004       3.53049994       21.7645073       24.9040489    
  0.190605998       2.52506709       14.9350004       3.52950001       21.7679386       24.9110088    
  0.190524980       2.52435160       14.9350004       3.52850008       21.7713718       24.9180107    
  0.190444022       2.52363610       14.9350004       3.52749991       21.7748070       24.9255295    
  0.192649886       2.54419017       14.9449997       3.55150008       21.6285744       24.6789284    
  0.192568243       2.54347348       14.9449997       3.55049992       21.6319981       24.6858788    
  0.192486688       2.54275751       14.9449997       3.54949999       21.6354218       24.6928082    
  0.192405120       2.54204106       14.9449997       3.54850006       21.6388474       24.6997738    
  0.192323565       2.54132462       14.9449997       3.54749990       21.6422729       24.7067013    
  0.192242071       2.54060817       14.9449997       3.54649997       21.6456966       24.7136898    
  0.192160577       2.53989196       14.9449997       3.54550004       21.6491222       24.7206135    
  0.192079097       2.53917551       14.9449997       3.54450011       21.6525478       24.7275772    
  0.191997677       2.53845930       14.9449997       3.54349995       21.6559753       24.7339516    
  0.191916242       2.53774285       14.9449997       3.54250002       21.6594009       24.7409039    
  0.191834822       2.53702641       14.9449997       3.54150009       21.6628284       24.7478638    
  0.191753447       2.53630996       14.9449997       3.54049993       21.6662560       24.7547874    
  0.191672102       2.53559351       14.9449997       3.53950000       21.6696835       24.7617893    
  0.191590756       2.53487730       14.9449997       3.53850007       21.6731129       24.7687798    
  0.191509455       2.53416085       14.9449997       3.53749990       21.6765423       24.7757149    
  0.191428185       2.53344464       14.9449997       3.53649998       21.6799698       24.7826691    
  0.191346928       2.53272820       14.9449997       3.53550005       21.6833992       24.7896500    
  0.191265687       2.53201175       14.9449997       3.53449988       21.6868305       24.7966385    
  0.191184446       2.53129530       14.9449997       3.53349996       21.6902599       24.8035698    
  0.191103294       2.53057909       14.9449997       3.53250003       21.6936913       24.8111401    
  0.191022113       2.52986288       14.9449997       3.53150010       21.6971226       24.8181343    
  0.190940961       2.52914643       14.9449997       3.53049994       21.7005539       24.8250179    
  0.190859839       2.52842999       14.9449997       3.52950001       21.7039852       24.8320065    
  0.190778732       2.52771354       14.9449997       3.52850008       21.7074184       24.8389759    
  0.190697655       2.52699709       14.9449997       3.52749991       21.7108517       24.8459454    
  0.192906410       2.54757786       14.9549999       3.55150008       21.5648365       24.6004124    
  0.192824662       2.54686022       14.9549999       3.55049992       21.5682602       24.6073112    
  0.192742974       2.54614305       14.9549999       3.54949999       21.5716839       24.6142311    
  0.192661300       2.54542565       14.9549999       3.54850006       21.5751076       24.6211853    
  0.192579642       2.54470825       14.9549999       3.54749990       21.5785313       24.6280918    
  0.192498028       2.54399085       14.9549999       3.54649997       21.5819550       24.6350479    
  0.192416444       2.54327393       14.9549999       3.54550004       21.5853806       24.6416721    
  0.192334875       2.54255652       14.9549999       3.54450011       21.5888042       24.6489582    
  0.192253292       2.54183912       14.9549999       3.54349995       21.5922298       24.6558933    
  0.192171767       2.54112172       14.9549999       3.54250002       21.5956554       24.6628399    
  0.192090243       2.54040432       14.9549999       3.54150009       21.5990810       24.6692104    
  0.192008749       2.53968692       14.9549999       3.54049993       21.6025085       24.6761646    
  0.191927329       2.53896976       14.9549999       3.53950000       21.6059361       24.6831055    
  0.191845879       2.53825259       14.9549999       3.53850007       21.6093636       24.6900158    
  0.191764444       2.53753495       14.9549999       3.53749990       21.6127911       24.6970043    
  0.191683069       2.53681779       14.9549999       3.53649998       21.6162186       24.7039776    
  0.191601694       2.53610039       14.9549999       3.53550005       21.6196480       24.7109566    
  0.191520348       2.53538299       14.9549999       3.53449988       21.6230774       24.7178860    
  0.191439018       2.53466582       14.9549999       3.53349996       21.6265068       24.7248459    
  0.191357747       2.53394866       14.9549999       3.53250003       21.6299362       24.7318306    
  0.191276446       2.53323126       14.9549999       3.53150010       21.6333656       24.7387714    
  0.191195190       2.53251386       14.9549999       3.53049994       21.6367970       24.7463169    
  0.191113949       2.53179646       14.9549999       3.52950001       21.6402264       24.7532959    
  0.191032752       2.53107905       14.9549999       3.52850008       21.6436577       24.7602463    
  0.190951586       2.53036189       14.9549999       3.52749991       21.6470909       24.7671738    
  0.193162978       2.55096626       14.9650002       3.55150008       21.5013008       24.5221138    
  0.192917556       2.54881120       14.9650002       3.54850006       21.5115681       24.5428543    
  0.192835778       2.54809284       14.9650002       3.54749990       21.5149918       24.5497818    
  0.192754045       2.54737449       14.9650002       3.54649997       21.5184135       24.5567303    
  0.192672357       2.54665661       14.9650002       3.54550004       21.5218372       24.5636253    
  0.192590684       2.54593825       14.9650002       3.54450011       21.5252609       24.5705795    
  0.192509010       2.54521990       14.9650002       3.54349995       21.5286865       24.5772057    
  0.192427367       2.54450154       14.9650002       3.54250002       21.5321102       24.5844555    
  0.192345753       2.54378319       14.9650002       3.54150009       21.5355358       24.5913906    
  0.192264125       2.54306483       14.9650002       3.54049993       21.5389614       24.5983353    
  0.192182571       2.54234648       14.9650002       3.53950000       21.5423870       24.6046925    
  0.192101046       2.54162860       14.9650002       3.53850007       21.5458145       24.6116333    
  0.192019507       2.54091001       14.9650002       3.53749990       21.5492420       24.6185875    
  0.191938013       2.54019189       14.9650002       3.53649998       21.5526676       24.6254787    
  0.191856533       2.53947353       14.9650002       3.53550005       21.5560951       24.6324520    
  0.191775069       2.53875518       14.9650002       3.53449988       21.5595245       24.6394272    
  0.191693619       2.53803682       14.9650002       3.53349996       21.5629520       24.6463928    
  0.191612259       2.53731894       14.9650002       3.53250003       21.5663795       24.6533184    
  0.191530868       2.53660059       14.9650002       3.53150010       21.5698090       24.6602783    
  0.191449493       2.53588223       14.9650002       3.53049994       21.5732384       24.6672573    
  0.191368163       2.53516388       14.9650002       3.52950001       21.5766697       24.6742020    
  0.191286832       2.53444552       14.9650002       3.52850008       21.5800991       24.6817417    
  0.191205531       2.53372717       14.9650002       3.52749991       21.5835304       24.6887226    
  0.191124260       2.53300905       14.9650002       3.52649999       21.5869617       24.6956558    
  0.193255857       2.55291820       14.9750004       3.54949999       21.4448071       24.4579067    
  0.193173975       2.55219889       14.9750004       3.54850006       21.4482288       24.4648190    
  0.193092078       2.55147958       14.9750004       3.54749990       21.4516506       24.4717445    
  0.192928448       2.55004144       14.9750004       3.54550004       21.4584942       24.4855442    
  0.192846671       2.54932213       14.9750004       3.54450011       21.4619179       24.4924831    
  0.192764863       2.54860282       14.9750004       3.54349995       21.4653416       24.4993839    
  0.192683131       2.54788351       14.9750004       3.54250002       21.4687653       24.5063210    
  0.192601383       2.54716420       14.9750004       3.54150009       21.4721889       24.5129433    
  0.192519680       2.54644489       14.9750004       3.54049993       21.4756145       24.5202084    
  0.192438036       2.54572582       14.9750004       3.53950000       21.4790401       24.5271091    
  0.192356363       2.54500675       14.9750004       3.53850007       21.4824638       24.5338135    
  0.192274719       2.54428720       14.9750004       3.53749990       21.4858913       24.5404148    
  0.192193121       2.54356813       14.9750004       3.53649998       21.4893169       24.5473461    
  0.192111537       2.54284883       14.9750004       3.53550005       21.4927425       24.5542831    
  0.192029968       2.54212952       14.9750004       3.53449988       21.4961700       24.5612221    
  0.191948429       2.54141045       14.9750004       3.53349996       21.4995975       24.5681477    
  0.191866949       2.54069138       14.9750004       3.53250003       21.5030251       24.5750923    
  0.191785425       2.53997207       14.9750004       3.53150010       21.5064526       24.5820580    
  0.191703960       2.53925276       14.9750004       3.53049994       21.5098820       24.5889587    
  0.191622496       2.53853345       14.9750004       3.52950001       21.5133114       24.5959415    
  0.191541076       2.53781414       14.9750004       3.52850008       21.5167389       24.6028976    
  0.191459686       2.53709507       14.9750004       3.52749991       21.5201702       24.6098175    
  0.191378295       2.53637576       14.9750004       3.52649999       21.5235996       24.6173782    
  0.193348557       2.55486870       14.9849997       3.54749990       21.3885155       24.3939304    
  0.193266615       2.55414844       14.9849997       3.54649997       21.3919353       24.4008541    
  0.193020925       2.55198812       14.9849997       3.54349995       21.4022026       24.4215832    
  0.192775398       2.54982734       14.9849997       3.54049993       21.4124718       24.4423218    
  0.192530096       2.54766655       14.9849997       3.53749990       21.4227448       24.4631157    
  0.192448407       2.54694676       14.9849997       3.53649998       21.4261703       24.4694691    
  0.192366719       2.54622650       14.9849997       3.53550005       21.4295959       24.4763584    
  0.192285046       2.54550624       14.9849997       3.53449988       21.4330215       24.4832802    
  0.192203373       2.54478598       14.9849997       3.53349996       21.4364471       24.4902172    
  0.192121789       2.54406595       14.9849997       3.53250003       21.4398746       24.4971619    
  0.192040160       2.54334569       14.9849997       3.53150010       21.4433022       24.5040684    
  0.191958591       2.54262567       14.9849997       3.53049994       21.4467297       24.5110149    
  0.191877052       2.54190540       14.9849997       3.52950001       21.4501572       24.5179672    
  0.191795513       2.54118514       14.9849997       3.52850008       21.4535847       24.5248566    
  0.191713989       2.54046488       14.9849997       3.52749991       21.4570141       24.5318241    
