 ***x   Q2   Theta   Eprime   Sig_Born   Sig_Rad
  0.214228272       2.83157301       15.7849998       3.54550004       16.9296627       18.9532318    
  0.214137465       2.83077431       15.7849998       3.54450011       16.9329891       18.9591904    
  0.214046642       2.82997561       15.7849998       3.54349995       16.9363155       18.9651642    
  0.213865146       2.82837844       15.7849998       3.54150009       16.9429684       18.9771938    
  0.213774398       2.82757974       15.7849998       3.54049993       16.9462948       18.9832172    
  0.213683724       2.82678103       15.7849998       3.53950000       16.9496231       18.9891872    
  0.213593051       2.82598257       15.7849998       3.53850007       16.9529495       18.9952145    
  0.213502377       2.82518363       15.7849998       3.53749990       16.9562778       19.0012474    
  0.213411778       2.82438517       15.7849998       3.53649998       16.9596043       19.0072708    
  0.213321194       2.82358646       15.7849998       3.53550005       16.9629307       19.0133114    
  0.213230610       2.82278776       15.7849998       3.53449988       16.9662590       19.0193462    
  0.213140056       2.82198906       15.7849998       3.53349996       16.9695873       19.0253563    
  0.213049591       2.82119083       15.7849998       3.53250003       16.9729156       19.0313969    
  0.212959081       2.82039213       15.7849998       3.53150010       16.9762421       19.0374622    
  0.212868616       2.81959343       15.7849998       3.53049994       16.9795723       19.0459442    
  0.212778181       2.81879473       15.7849998       3.52950001       16.9829006       19.0520153    
  0.212687746       2.81799603       15.7849998       3.52850008       16.9862289       19.0580540    
  0.212597370       2.81719732       15.7849998       3.52749991       16.9895573       19.0639858    
  0.214953110       2.83913660       15.7950001       3.55049992       16.8638592       18.8649921    
  0.214771017       2.83753753       15.7950001       3.54850006       16.8705082       18.8774853    
  0.214679971       2.83673763       15.7950001       3.54749990       16.8738327       18.8834858    
  0.214588985       2.83593798       15.7950001       3.54649997       16.8771572       18.8880272    
  0.214498043       2.83513856       15.7950001       3.54550004       16.8804817       18.8939686    
  0.214407116       2.83433890       15.7950001       3.54450011       16.8838062       18.8999424    
  0.214316189       2.83353925       15.7950001       3.54349995       16.8871326       18.9059334    
  0.214225307       2.83273959       15.7950001       3.54250002       16.8904572       18.9119186    
  0.214134440       2.83193994       15.7950001       3.54150009       16.8937817       18.9179115    
  0.214043602       2.83114028       15.7950001       3.54049993       16.8971081       18.9238625    
  0.213952795       2.83034062       15.7950001       3.53950000       16.9004345       18.9298840    
  0.213862032       2.82954121       15.7950001       3.53850007       16.9037590       18.9358883    
  0.213771224       2.82874107       15.7950001       3.53749990       16.9070854       18.9419041    
  0.213680506       2.82794166       15.7950001       3.53649998       16.9104118       18.9479198    
  0.213589817       2.82714200       15.7950001       3.53550005       16.9137363       18.9539356    
  0.213499129       2.82634234       15.7950001       3.53449988       16.9170647       18.9599342    
  0.213408455       2.82554269       15.7950001       3.53349996       16.9203911       18.9659634    
  0.213317871       2.82474327       15.7950001       3.53250003       16.9237156       18.9719944    
  0.213227242       2.82394361       15.7950001       3.53150010       16.9270420       18.9780407    
  0.213136673       2.82314396       15.7950001       3.53049994       16.9303703       18.9840851    
  0.213046119       2.82234430       15.7950001       3.52950001       16.9336967       18.9901028    
  0.212955564       2.82154441       15.7950001       3.52850008       16.9370232       18.9985619    
  0.212865070       2.82074475       15.7950001       3.52749991       16.9403515       19.0046329    
  0.215314940       2.84351158       15.8050003       3.55150008       16.8115120       18.7990475    
  0.215223700       2.84271049       15.8050003       3.55049992       16.8148346       18.8057766    
  0.215132535       2.84191012       15.8050003       3.54949999       16.8181572       18.8118649    
  0.215041354       2.84110928       15.8050003       3.54850006       16.8214798       18.8179569    
  0.214950219       2.84030867       15.8050003       3.54749990       16.8248043       18.8243713    
  0.214859128       2.83950806       15.8050003       3.54649997       16.8281269       18.8303699    
  0.214768067       2.83870769       15.8050003       3.54550004       16.8314495       18.8363762    
  0.214677021       2.83790684       15.8050003       3.54450011       16.8347740       18.8409157    
  0.214585990       2.83710623       15.8050003       3.54349995       16.8380985       18.8468781    
  0.214494973       2.83630538       15.8050003       3.54250002       16.8414211       18.8528538    
  0.214404002       2.83550477       15.8050003       3.54150009       16.8447456       18.8588028    
  0.214313030       2.83470416       15.8050003       3.54049993       16.8480701       18.8647957    
  0.214222103       2.83390331       15.8050003       3.53950000       16.8513927       18.8707848    
  0.214131221       2.83310294       15.8050003       3.53850007       16.8547173       18.8767548    
  0.214040324       2.83230209       15.8050003       3.53749990       16.8580437       18.8827496    
  0.213949502       2.83150172       15.8050003       3.53649998       16.8613663       18.8887672    
  0.213858679       2.83070087       15.8050003       3.53550005       16.8646908       18.8947449    
  0.213767901       2.82990026       15.8050003       3.53449988       16.8680172       18.9007549    
  0.213677093       2.82909942       15.8050003       3.53349996       16.8713417       18.9067707    
  0.213586390       2.82829905       15.8050003       3.53250003       16.8746662       18.9127960    
  0.213495657       2.82749844       15.8050003       3.53150010       16.8779907       18.9188156    
  0.213404968       2.82669783       15.8050003       3.53049994       16.8813171       18.9248161    
  0.213314295       2.82589698       15.8050003       3.52950001       16.8846436       18.9308548    
  0.213223651       2.82509637       15.8050003       3.52850008       16.8879681       18.9368935    
  0.213133022       2.82429552       15.8050003       3.52749991       16.8912945       18.9429321    
  0.215585738       2.84708762       15.8149996       3.55150008       16.7626400       18.7400417    
  0.215494365       2.84628558       15.8149996       3.55049992       16.7659626       18.7461185    
  0.215403095       2.84548426       15.8149996       3.54949999       16.7692833       18.7521935    
  0.215311810       2.84468246       15.8149996       3.54850006       16.7726059       18.7588787    
  0.215220556       2.84388065       15.8149996       3.54749990       16.7759285       18.7649612    
  0.215129361       2.84307909       15.8149996       3.54649997       16.7792492       18.7714748    
  0.215038165       2.84227753       15.8149996       3.54550004       16.7825718       18.7774639    
  0.214947000       2.84147596       15.8149996       3.54450011       16.7858925       18.7834568    
  0.214855835       2.84067416       15.8149996       3.54349995       16.7892170       18.7894611    
  0.214764729       2.83987260       15.8149996       3.54250002       16.7925377       18.7939606    
  0.214673638       2.83907080       15.8149996       3.54150009       16.7958603       18.7999172    
  0.214582577       2.83826923       15.8149996       3.54049993       16.7991829       18.8058872    
  0.214491531       2.83746743       15.8149996       3.53950000       16.8025055       18.8118763    
  0.214400530       2.83666611       15.8149996       3.53850007       16.8058281       18.8178520    
  0.214309514       2.83586407       15.8149996       3.53749990       16.8091526       18.8238068    
  0.214218572       2.83506250       15.8149996       3.53649998       16.8124752       18.8297920    
  0.214127645       2.83426094       15.8149996       3.53550005       16.8157978       18.8357639    
  0.214036733       2.83345914       15.8149996       3.53449988       16.8191223       18.8417778    
  0.213945821       2.83265758       15.8149996       3.53349996       16.8224449       18.8477840    
  0.213854998       2.83185601       15.8149996       3.53250003       16.8257694       18.8537998    
  0.213764161       2.83105445       15.8149996       3.53150010       16.8290920       18.8597527    
  0.213673353       2.83025265       15.8149996       3.53049994       16.8324165       18.8657780    
  0.213582575       2.82945108       15.8149996       3.52950001       16.8357410       18.8718109    
  0.213491812       2.82864928       15.8149996       3.52850008       16.8390656       18.8778286    
  0.213401064       2.82784748       15.8149996       3.52749991       16.8423901       18.8838577    
  0.215948105       2.85146832       15.8249998       3.55250001       16.7105923       18.6752110    
  0.215856671       2.85066581       15.8249998       3.55150008       16.7139130       18.6812592    
  0.215765193       2.84986281       15.8249998       3.55049992       16.7172337       18.6873131    
  0.215673819       2.84906054       15.8249998       3.54949999       16.7205544       18.6933346    
  0.215582430       2.84825778       15.8249998       3.54850006       16.7238731       18.6993961    
  0.215491042       2.84745502       15.8249998       3.54749990       16.7271938       18.7054577    
  0.215399727       2.84665227       15.8249998       3.54649997       16.7305145       18.7121754    
  0.215308428       2.84584999       15.8249998       3.54550004       16.7338352       18.7182503    
  0.215217158       2.84504724       15.8249998       3.54450011       16.7371559       18.7247086    
  0.215125874       2.84424448       15.8249998       3.54349995       16.7404766       18.7306900    
  0.215034649       2.84344172       15.8249998       3.54250002       16.7437973       18.7366734    
  0.214943454       2.84263921       15.8249998       3.54150009       16.7471199       18.7426701    
  0.214852259       2.84183645       15.8249998       3.54049993       16.7504406       18.7472019    
  0.214761108       2.84103370       15.8249998       3.53950000       16.7537613       18.7531548    
  0.214669988       2.84023118       15.8249998       3.53850007       16.7570839       18.7590885    
  0.214578852       2.83942819       15.8249998       3.53749990       16.7604046       18.7650661    
  0.214487821       2.83862591       15.8249998       3.53649998       16.7637272       18.7710476    
  0.214396775       2.83782315       15.8249998       3.53550005       16.7670479       18.7770195    
  0.214305729       2.83702040       15.8249998       3.53449988       16.7703705       18.7829990    
  0.214214727       2.83621764       15.8249998       3.53349996       16.7736931       18.7889919    
  0.214123785       2.83541536       15.8249998       3.53250003       16.7770157       18.7949371    
  0.214032829       2.83461261       15.8249998       3.53150010       16.7803364       18.8009415    
  0.213941902       2.83380985       15.8249998       3.53049994       16.7836609       18.8069515    
  0.213851005       2.83300710       15.8249998       3.52950001       16.7869835       18.8129520    
  0.213760123       2.83220434       15.8249998       3.52850008       16.7903061       18.8189659    
  0.213669300       2.83140182       15.8249998       3.52749991       16.7936287       18.8249474    
  0.216127828       2.85424662       15.8350000       3.55150008       16.6653328       18.6223316    
  0.216036215       2.85344243       15.8350000       3.55049992       16.6686516       18.6286736    
  0.215944707       2.85263896       15.8350000       3.54949999       16.6719704       18.6347141    
  0.215853214       2.85183525       15.8350000       3.54850006       16.6752892       18.6407661    
  0.215761721       2.85103154       15.8350000       3.54749990       16.6786079       18.6468182    
  0.215670273       2.85022783       15.8350000       3.54649997       16.6819267       18.6528664    
  0.215578854       2.84942436       15.8350000       3.54550004       16.6852455       18.6588898    
  0.215487480       2.84862065       15.8350000       3.54450011       16.6885662       18.6656017    
  0.215396091       2.84781694       15.8350000       3.54349995       16.6918850       18.6716690    
  0.215304747       2.84701324       15.8350000       3.54250002       16.6952057       18.6781216    
  0.215213418       2.84620953       15.8350000       3.54150009       16.6985245       18.6841030    
  0.215122119       2.84540582       15.8350000       3.54049993       16.7018452       18.6900845    
  0.215030864       2.84460211       15.8350000       3.53950000       16.7051640       18.6960468    
  0.214939624       2.84379864       15.8350000       3.53850007       16.7084846       18.7005787    
  0.214848384       2.84299469       15.8350000       3.53749990       16.7118053       18.7065239    
  0.214757219       2.84219122       15.8350000       3.53649998       16.7151260       18.7124748    
  0.214666054       2.84138751       15.8350000       3.53550005       16.7184448       18.7184486    
  0.214574903       2.84058380       15.8350000       3.53449988       16.7217674       18.7243919    
  0.214483798       2.83978009       15.8350000       3.53349996       16.7250862       18.7303658    
  0.214392737       2.83897662       15.8350000       3.53250003       16.7284069       18.7363491    
  0.214301646       2.83817291       15.8350000       3.53150010       16.7317276       18.7423382    
  0.214210615       2.83736920       15.8350000       3.53049994       16.7350502       18.7483234    
  0.214119613       2.83656549       15.8350000       3.52950001       16.7383709       18.7542953    
  0.214028627       2.83576179       15.8350000       3.52850008       16.7416916       18.7602768    
  0.213937670       2.83495808       15.8350000       3.52749991       16.7450142       18.7662716    
  0.213846713       2.83415437       15.8350000       3.52649999       16.7483349       18.7722721    
  0.216399208       2.85783052       15.8450003       3.55150008       16.6168976       18.5634289    
  0.216307491       2.85702538       15.8450003       3.55049992       16.6202164       18.5697193    
  0.216215864       2.85622096       15.8450003       3.54949999       16.6235332       18.5759850    
  0.216124251       2.85541630       15.8450003       3.54850006       16.6268501       18.5823288    
  0.216032654       2.85461164       15.8450003       3.54749990       16.6301689       18.5883636    
  0.215941072       2.85380673       15.8450003       3.54649997       16.6334858       18.5943642    
  0.215849563       2.85300231       15.8450003       3.54550004       16.6368046       18.6004124    
  0.215758070       2.85219765       15.8450003       3.54450011       16.6401215       18.6064529    
  0.215666577       2.85139298       15.8450003       3.54349995       16.6434402       18.6125145    
  0.215575084       2.85058808       15.8450003       3.54250002       16.6467590       18.6192207    
  0.215483651       2.84978342       15.8450003       3.54150009       16.6500759       18.6256580    
  0.215392232       2.84897876       15.8450003       3.54049993       16.6533947       18.6316624    
  0.215300873       2.84817410       15.8450003       3.53950000       16.6567135       18.6376457    
  0.215209514       2.84736967       15.8450003       3.53850007       16.6600323       18.6436291    
  0.215118155       2.84656453       15.8450003       3.53749990       16.6633511       18.6496201    
  0.215026870       2.84576011       15.8450003       3.53649998       16.6666698       18.6541290    
  0.214935601       2.84495544       15.8450003       3.53550005       16.6699886       18.6600494    
  0.214844331       2.84415054       15.8450003       3.53449988       16.6733093       18.6659946    
  0.214753091       2.84334588       15.8450003       3.53349996       16.6766281       18.6719666    
  0.214661926       2.84254146       15.8450003       3.53250003       16.6799469       18.6779289    
  0.214570746       2.84173679       15.8450003       3.53150010       16.6832657       18.6839085    
  0.214479595       2.84093213       15.8450003       3.53049994       16.6865864       18.6898823    
  0.214388460       2.84012723       15.8450003       3.52950001       16.6899052       18.6958294    
  0.214297369       2.83932257       15.8450003       3.52850008       16.6932259       18.7018204    
  0.214206308       2.83851790       15.8450003       3.52749991       16.6965466       18.7077808    
  0.216762438       2.86222100       15.8549995       3.55250001       16.5653000       18.5062389    
  0.216670677       2.86141562       15.8549995       3.55150008       16.5686150       18.5120506    
  0.216578841       2.86060953       15.8549995       3.55049992       16.5719318       18.5178642    
  0.216487110       2.85980415       15.8549995       3.54949999       16.5752468       18.5172615    
  0.216395378       2.85899830       15.8549995       3.54850006       16.5785637       18.5237637    
  0.216303632       2.85819244       15.8549995       3.54749990       16.5818806       18.5297794    
  0.216211975       2.85738683       15.8549995       3.54649997       16.5851955       18.5361137    
  0.216120347       2.85658145       15.8549995       3.54550004       16.5885124       18.5421410    
  0.216028720       2.85577559       15.8549995       3.54450011       16.5918293       18.5481682    
  0.215937108       2.85496998       15.8549995       3.54349995       16.5951462       18.5542049    
  0.215845525       2.85416412       15.8549995       3.54250002       16.5984631       18.5602264    
  0.215753987       2.85335851       15.8549995       3.54150009       16.6017799       18.5662766    
  0.215662435       2.85255265       15.8549995       3.54049993       16.6050968       18.5729675    
  0.215570956       2.85174704       15.8549995       3.53950000       16.6084137       18.5794487    
  0.215479493       2.85094142       15.8549995       3.53850007       16.6117306       18.5854187    
  0.215388045       2.85013556       15.8549995       3.53749990       16.6150494       18.5913944    
  0.215296611       2.84932995       15.8549995       3.53649998       16.6183662       18.5973358    
  0.215205237       2.84852433       15.8549995       3.53550005       16.6216831       18.6033249    
  0.215113863       2.84771848       15.8549995       3.53449988       16.6250019       18.6078243    
  0.215022504       2.84691286       15.8549995       3.53349996       16.6283188       18.6137638    
  0.214931235       2.84610748       15.8549995       3.53250003       16.6316376       18.6197281    
  0.214839920       2.84530163       15.8549995       3.53150010       16.6349545       18.6256504    
  0.214748651       2.84449577       15.8549995       3.53049994       16.6382732       18.6316090    
  0.214657411       2.84369016       15.8549995       3.52950001       16.6415920       18.6375809    
  0.214566201       2.84288430       15.8549995       3.52850008       16.6449089       18.6435528    
  0.214475021       2.84207869       15.8549995       3.52749991       16.6482296       18.6495285    
  0.214383826       2.84127283       15.8549995       3.52649999       16.6515465       18.6555080    
  0.217034236       2.86580992       15.8649998       3.55250001       16.5171585       18.4486008    
  0.216942340       2.86500335       15.8649998       3.55150008       16.5204735       18.4543991    
  0.216850400       2.86419630       15.8649998       3.55049992       16.5237885       18.4601822    
  0.216758564       2.86338997       15.8649998       3.54949999       16.5271015       18.4659920    
  0.216666713       2.86258316       15.8649998       3.54850006       16.5304165       18.4717979    
  0.216574863       2.86177635       15.8649998       3.54749990       16.5337315       18.4712143    
  0.216483086       2.86096954       15.8649998       3.54649997       16.5370464       18.4777451    
  0.216391325       2.86016321       15.8649998       3.54550004       16.5403614       18.4837551    
  0.216299608       2.85935640       15.8649998       3.54450011       16.5436764       18.4900570    
  0.216207862       2.85854959       15.8649998       3.54349995       16.5469933       18.4960804    
  0.216116190       2.85774302       15.8649998       3.54250002       16.5503082       18.5020981    
  0.216024518       2.85693622       15.8649998       3.54150009       16.5536232       18.5081348    
  0.215932846       2.85612941       15.8649998       3.54049993       16.5569382       18.5141792    
  0.215841249       2.85532260       15.8649998       3.53950000       16.5602551       18.5202179    
  0.215749681       2.85451627       15.8649998       3.53850007       16.5635700       18.5268822    
  0.215658098       2.85370922       15.8649998       3.53749990       16.5668869       18.5333290    
  0.215566576       2.85290265       15.8649998       3.53649998       16.5702019       18.5392876    
  0.215475082       2.85209608       15.8649998       3.53550005       16.5735188       18.5452576    
  0.215383589       2.85128927       15.8649998       3.53449988       16.5768356       18.5512295    
  0.215292111       2.85048246       15.8649998       3.53349996       16.5801506       18.5557747    
  0.215200737       2.84967613       15.8649998       3.53250003       16.5834675       18.5616779    
  0.215109304       2.84886932       15.8649998       3.53150010       16.5867844       18.5676174    
  0.215017930       2.84806252       15.8649998       3.53049994       16.5901012       18.5735779    
  0.214926571       2.84725571       15.8649998       3.52950001       16.5934181       18.5795250    
  0.214835256       2.84644914       15.8649998       3.52850008       16.5967350       18.5854778    
  0.214743942       2.84564233       15.8649998       3.52749991       16.6000519       18.5914402    
  0.214652643       2.84483552       15.8649998       3.52649999       16.6033688       18.5973816    
  0.217306167       2.86940050       15.8750000       3.55250001       16.4691620       18.3911266    
  0.217214152       2.86859298       15.8750000       3.55150008       16.4724751       18.3969116    
  0.217122093       2.86778498       15.8750000       3.55049992       16.4757900       18.4027061    
  0.217030123       2.86697745       15.8750000       3.54949999       16.4791031       18.4085102    
  0.216938153       2.86616969       15.8750000       3.54850006       16.4824162       18.4143028    
  0.216846228       2.86536193       15.8750000       3.54749990       16.4857292       18.4201145    
  0.216754332       2.86455417       15.8750000       3.54649997       16.4890423       18.4258804    
  0.216662437       2.86374664       15.8750000       3.54550004       16.4923553       18.4253139    
  0.216570601       2.86293888       15.8750000       3.54450011       16.4956703       18.4318485    
  0.216478750       2.86213112       15.8750000       3.54349995       16.4989834       18.4378605    
  0.216386944       2.86132336       15.8750000       3.54250002       16.5022984       18.4441776    
  0.216295153       2.86051559       15.8750000       3.54150009       16.5056114       18.4502010    
  0.216203406       2.85970783       15.8750000       3.54049993       16.5089264       18.4561882    
  0.216111690       2.85890007       15.8750000       3.53950000       16.5122395       18.4622116    
  0.216019988       2.85809255       15.8750000       3.53850007       16.5155544       18.4682465    
  0.215928286       2.85728455       15.8750000       3.53749990       16.5188694       18.4743004    
  0.215836659       2.85647702       15.8750000       3.53649998       16.5221844       18.4809761    
  0.215745032       2.85566926       15.8750000       3.53550005       16.5254974       18.4873905    
  0.215653419       2.85486150       15.8750000       3.53449988       16.5288143       18.4933147    
  0.215561852       2.85405374       15.8750000       3.53349996       16.5321293       18.4992790    
  0.215470359       2.85324645       15.8750000       3.53250003       16.5354424       18.5052490    
  0.215378821       2.85243869       15.8750000       3.53150010       16.5387573       18.5097885    
  0.215287328       2.85163093       15.8750000       3.53049994       16.5420742       18.5157280    
  0.215195850       2.85082316       15.8750000       3.52950001       16.5453892       18.5216579    
  0.215104401       2.85001540       15.8750000       3.52850008       16.5487041       18.5275726    
  0.215012997       2.84920764       15.8750000       3.52749991       16.5520210       18.5335236    
  0.214921594       2.84839988       15.8750000       3.52649999       16.5553360       18.5394726    
  0.217486084       2.87218428       15.8850002       3.55150008       16.4246235       18.3319016    
  0.217393920       2.87137508       15.8850002       3.55049992       16.4279346       18.3454361    
  0.217301831       2.87056661       15.8850002       3.54949999       16.4312458       18.3512115    
  0.217209741       2.86975789       15.8850002       3.54850006       16.4345589       18.3570099    
  0.217117682       2.86894917       15.8850002       3.54749990       16.4378719       18.3627777    
  0.217025667       2.86814022       15.8850002       3.54649997       16.4411831       18.3685780    
  0.216933683       2.86733174       15.8850002       3.54550004       16.4444942       18.3743649    
  0.216841727       2.86652303       15.8850002       3.54450011       16.4478073       18.3801651    
  0.216749772       2.86571431       15.8850002       3.54349995       16.4511204       18.3796177    
  0.216657862       2.86490560       15.8850002       3.54250002       16.4544315       18.3861427    
  0.216565937       2.86409664       15.8850002       3.54150009       16.4577446       18.3921299    
  0.216474056       2.86328793       15.8850002       3.54049993       16.4610577       18.3984318    
  0.216382235       2.86247921       15.8850002       3.53950000       16.4643707       18.4044495    
  0.216290429       2.86167073       15.8850002       3.53850007       16.4676838       18.4104691    
  0.216198623       2.86086178       15.8850002       3.53749990       16.4709969       18.4164925    
  0.216106877       2.86005330       15.8850002       3.53649998       16.4743099       18.4225216    
  0.216015130       2.85924435       15.8850002       3.53550005       16.4776230       18.4285297    
  0.215923429       2.85843563       15.8850002       3.53449988       16.4809361       18.4356384    
  0.215831712       2.85762691       15.8850002       3.53349996       16.4842510       18.4415817    
  0.215740100       2.85681844       15.8850002       3.53250003       16.4875641       18.4475327    
  0.215648457       2.85600972       15.8850002       3.53150010       16.4908772       18.4534988    
  0.215556830       2.85520077       15.8850002       3.53049994       16.4941921       18.4594688    
  0.215465263       2.85439205       15.8850002       3.52950001       16.4975052       18.4639645    
  0.215373710       2.85358334       15.8850002       3.52850008       16.5008183       18.4698925    
  0.215282187       2.85277462       15.8850002       3.52749991       16.5041332       18.4758205    
  0.215190649       2.85196567       15.8850002       3.52649999       16.5074482       18.4817696    
  0.217850506       2.87658834       15.8950005       3.55250001       16.3736038       18.2686539    
  0.217758268       2.87577868       15.8950005       3.55150008       16.3769150       18.2745686    
  0.217665985       2.87496877       15.8950005       3.55049992       16.3802242       18.2804909    
  0.217573792       2.87415910       15.8950005       3.54949999       16.3835354       18.2863750    
  0.217481583       2.87334943       15.8950005       3.54850006       16.3868465       18.2998676    
  0.217389405       2.87253952       15.8950005       3.54749990       16.3901577       18.3056488    
  0.217297286       2.87172985       15.8950005       3.54649997       16.3934669       18.3114414    
  0.217205182       2.87092042       15.8950005       3.54550004       16.3967781       18.3172302    
  0.217113107       2.87011051       15.8950005       3.54450011       16.4000893       18.3230209    
  0.217021033       2.86930084       15.8950005       3.54349995       16.4034004       18.3287811    
  0.216928989       2.86849093       15.8950005       3.54250002       16.4067116       18.3345661    
  0.216836974       2.86768126       15.8950005       3.54150009       16.4100227       18.3340435    
  0.216744974       2.86687136       15.8950005       3.54049993       16.4133339       18.3405704    
  0.216653049       2.86606169       15.8950005       3.53950000       16.4166451       18.3465843    
  0.216561124       2.86525226       15.8950005       3.53850007       16.4199562       18.3528843    
  0.216469198       2.86444211       15.8950005       3.53749990       16.4232693       18.3588619    
  0.216377333       2.86363268       15.8950005       3.53649998       16.4265804       18.3648796    
  0.216285482       2.86282277       15.8950005       3.53550005       16.4298916       18.3708973    
  0.216193661       2.86201310       15.8950005       3.53449988       16.4332047       18.3769169    
  0.216101825       2.86120319       15.8950005       3.53349996       16.4365158       18.3829422    
  0.216010109       2.86039376       15.8950005       3.53250003       16.4398270       18.3900166    
  0.215918332       2.85958409       15.8950005       3.53150010       16.4431400       18.3959312    
  0.215826616       2.85877419       15.8950005       3.53049994       16.4464531       18.4018879    
  0.215734929       2.85796452       15.8950005       3.52950001       16.4497643       18.4078503    
  0.215643242       2.85715461       15.8950005       3.52850008       16.4530773       18.4137993    
  0.215551615       2.85634494       15.8950005       3.52749991       16.4563904       18.4183350    
  0.218030602       2.87937522       15.9049997       3.55150008       16.3293533       18.2174263    
  0.217938200       2.87856412       15.9049997       3.55049992       16.3326626       18.2233047    
  0.217845887       2.87775373       15.9049997       3.54949999       16.3359718       18.2292099    
  0.217753589       2.87694287       15.9049997       3.54850006       16.3392811       18.2351151    
  0.217661276       2.87613201       15.9049997       3.54749990       16.3425903       18.2410412    
  0.217569038       2.87532139       15.9049997       3.54649997       16.3458996       18.2545090    
  0.217476830       2.87451077       15.9049997       3.54550004       16.3492088       18.2602367    
  0.217384636       2.87370014       15.9049997       3.54450011       16.3525181       18.2660198    
  0.217292443       2.87288928       15.9049997       3.54349995       16.3558292       18.2718086    
  0.217200294       2.87207842       15.9049997       3.54250002       16.3591385       18.2775898    
  0.217108160       2.87126756       15.9049997       3.54150009       16.3624477       18.2833862    
  0.217016056       2.87045693       15.9049997       3.54049993       16.3657570       18.2891636    
  0.216924012       2.86964607       15.9049997       3.53950000       16.3690681       18.2886314    
  0.216831952       2.86883545       15.9049997       3.53850007       16.3723774       18.2951584    
  0.216739923       2.86802459       15.9049997       3.53749990       16.3756886       18.3011608    
  0.216647953       2.86721396       15.9049997       3.53649998       16.3789978       18.3074703    
  0.216555968       2.86640310       15.9049997       3.53550005       16.3823090       18.3134632    
  0.216464043       2.86559248       15.9049997       3.53449988       16.3856201       18.3194714    
  0.216372102       2.86478162       15.9049997       3.53349996       16.3889294       18.3254528    
  0.216280252       2.86397099       15.9049997       3.53250003       16.3922405       18.3314724    
  0.216188371       2.86316037       15.9049997       3.53150010       16.3955517       18.3374939    
  0.216096535       2.86234951       15.9049997       3.53049994       16.3988628       18.3445358    
  0.216004729       2.86153865       15.9049997       3.52950001       16.4021740       18.3504848    
  0.215912923       2.86072779       15.9049997       3.52850008       16.4054832       18.3564301    
  0.215821177       2.85991716       15.9049997       3.52749991       16.4087963       18.3623524    
  0.218303099       2.88297391       15.9150000       3.55150008       16.2819328       18.1604538    
  0.218210578       2.88216162       15.9150000       3.55049992       16.2852402       18.1663551    
  0.218118161       2.88135028       15.9150000       3.54949999       16.2885475       18.1722584    
  0.218025729       2.88053846       15.9150000       3.54850006       16.2918549       18.1781273    
  0.217933312       2.87972665       15.9150000       3.54749990       16.2951641       18.1840096    
  0.217840970       2.87891483       15.9150000       3.54649997       16.2984715       18.1899147    
  0.217748612       2.87810326       15.9150000       3.54550004       16.3017788       18.1958294    
  0.217656314       2.87729144       15.9150000       3.54450011       16.3050861       18.2092533    
  0.217564002       2.87647963       15.9150000       3.54349995       16.3083954       18.2150173    
  0.217471734       2.87566781       15.9150000       3.54250002       16.3117027       18.2207928    
  0.217379496       2.87485600       15.9150000       3.54150009       16.3150120       18.2265396    
  0.217287272       2.87404418       15.9150000       3.54049993       16.3183193       18.2323151    
  0.217195094       2.87323236       15.9150000       3.53950000       16.3216286       18.2381039    
  0.217102930       2.87242079       15.9150000       3.53850007       16.3249378       18.2374897    
  0.217010781       2.87160873       15.9150000       3.53749990       16.3282471       18.2434082    
  0.216918707       2.87079740       15.9150000       3.53649998       16.3315544       18.2499275    
  0.216826618       2.86998558       15.9150000       3.53550005       16.3348637       18.2558975    
  0.216734558       2.86917377       15.9150000       3.53449988       16.3381729       18.2621956    
  0.216642514       2.86836195       15.9150000       3.53349996       16.3414822       18.2681885    
  0.216550544       2.86755037       15.9150000       3.53250003       16.3447914       18.2741852    
  0.216458544       2.86673856       15.9150000       3.53150010       16.3481007       18.2801895    
  0.216366604       2.86592674       15.9150000       3.53049994       16.3514099       18.2862091    
  0.216274664       2.86511493       15.9150000       3.52950001       16.3547192       18.2921982    
  0.216182768       2.86430311       15.9150000       3.52850008       16.3580284       18.2991982    
  0.216090888       2.86349130       15.9150000       3.52749991       16.3613396       18.3051434    
  0.215999022       2.86267948       15.9150000       3.52649999       16.3646488       18.3110847    
  0.218668312       2.88738704       15.9250002       3.55250001       16.2313461       18.0974846    
  0.218575731       2.88657451       15.9250002       3.55150008       16.2346535       18.1034069    
  0.218483120       2.88576150       15.9250002       3.55049992       16.2379589       18.1095505    
  0.218390584       2.88494897       15.9250002       3.54949999       16.2412663       18.1154213    
  0.218298033       2.88413620       15.9250002       3.54850006       16.2445717       18.1213207    
  0.218205497       2.88332319       15.9250002       3.54749990       16.2478790       18.1272316    
  0.218113035       2.88251042       15.9250002       3.54649997       16.2511845       18.1330910    
  0.218020588       2.88169789       15.9250002       3.54550004       16.2544899       18.1389961    
  0.217928156       2.88088512       15.9250002       3.54450011       16.2577972       18.1448936    
  0.217835739       2.88007236       15.9250002       3.54349995       16.2611046       18.1583824    
  0.217743367       2.87925959       15.9250002       3.54250002       16.2644119       18.1641598    
  0.217651010       2.87844658       15.9250002       3.54150009       16.2677174       18.1699142    
  0.217558652       2.87763381       15.9250002       3.54049993       16.2710247       18.1756859    
  0.217466369       2.87682104       15.9250002       3.53950000       16.2743320       18.1814537    
  0.217374101       2.87600851       15.9250002       3.53850007       16.2776394       18.1872368    
  0.217281833       2.87519526       15.9250002       3.53749990       16.2809467       18.1929779    
  0.217189610       2.87438273       15.9250002       3.53649998       16.2842541       18.1923943    
  0.217097417       2.87356997       15.9250002       3.53550005       16.2875614       18.1983185    
  0.217005253       2.87275720       15.9250002       3.53449988       16.2908688       18.2048359    
  0.216913104       2.87194443       15.9250002       3.53349996       16.2941761       18.2108135    
  0.216821030       2.87113190       15.9250002       3.53250003       16.2974834       18.2171059    
  0.216728911       2.87031913       15.9250002       3.53150010       16.3007927       18.2230663    
  0.216636837       2.86950612       15.9250002       3.53049994       16.3041000       18.2290630    
  0.216544807       2.86869335       15.9250002       3.52950001       16.3074093       18.2350655    
  0.216452777       2.86788058       15.9250002       3.52850008       16.3107166       18.2410774    
  0.216360793       2.86706781       15.9250002       3.52749991       16.3140259       18.2475166    
  0.216268808       2.86625481       15.9250002       3.52649999       16.3173332       18.2540646    
  0.218848601       2.89017820       15.9350004       3.55150008       16.1875153       18.0467358    
  0.218755871       2.88936400       15.9350004       3.55049992       16.1908207       18.0526218    
  0.218663201       2.88855052       15.9350004       3.54949999       16.1941261       18.0585518    
  0.218570545       2.88773656       15.9350004       3.54850006       16.1974297       18.0646858    
  0.218477905       2.88692284       15.9350004       3.54749990       16.2007351       18.0705757    
  0.218385324       2.88610888       15.9350004       3.54649997       16.2040405       18.0764751    
  0.218292743       2.88529539       15.9350004       3.54550004       16.2073460       18.0823460    
  0.218200237       2.88448167       15.9350004       3.54450011       16.2106495       18.0882053    
  0.218107671       2.88366771       15.9350004       3.54349995       16.2139549       18.0941029    
  0.218015194       2.88285398       15.9350004       3.54250002       16.2172604       18.0999966    
  0.217922717       2.88204002       15.9350004       3.54150009       16.2205658       18.1134758    
  0.217830271       2.88122630       15.9350004       3.54049993       16.2238731       18.1192417    
  0.217737854       2.88041234       15.9350004       3.53950000       16.2271786       18.1249714    
  0.217645481       2.87959886       15.9350004       3.53850007       16.2304840       18.1307335    
  0.217553079       2.87878466       15.9350004       3.53749990       16.2337894       18.1364956    
  0.217460752       2.87797117       15.9350004       3.53649998       16.2370949       18.1422653    
  0.217368454       2.87715745       15.9350004       3.53550005       16.2404003       18.1480465    
  0.217276156       2.87634349       15.9350004       3.53449988       16.2437077       18.1474819    
  0.217183903       2.87552977       15.9350004       3.53349996       16.2470131       18.1533585    
  0.217091680       2.87471604       15.9350004       3.53250003       16.2503204       18.1598969    
  0.216999471       2.87390232       15.9350004       3.53150010       16.2536259       18.1658573    
  0.216907278       2.87308836       15.9350004       3.53049994       16.2569332       18.1721439    
  0.216815129       2.87227464       15.9350004       3.52950001       16.2602386       18.1781311    
  0.216722995       2.87146068       15.9350004       3.52850008       16.2635460       18.1841278    
  0.216630906       2.87064695       15.9350004       3.52749991       16.2668533       18.1901226    
  0.219214380       2.89459729       15.9449997       3.55250001       16.1372223       17.9844685    
  0.219121560       2.89378285       15.9449997       3.55150008       16.1405239       17.9903412    
  0.219028696       2.89296770       15.9449997       3.55049992       16.1438274       17.9962044    
  0.218935922       2.89215302       15.9449997       3.54949999       16.1471310       18.0020752    
  0.218843162       2.89133835       15.9449997       3.54850006       16.1504345       18.0079346    
  0.218750402       2.89052343       15.9449997       3.54749990       16.1537380       18.0138454    
  0.218657702       2.88970852       15.9449997       3.54649997       16.1570415       18.0199776    
  0.218565017       2.88889408       15.9449997       3.54550004       16.1603451       18.0258732    
  0.218472362       2.88807917       15.9449997       3.54450011       16.1636486       18.0317688    
  0.218379706       2.88726425       15.9449997       3.54349995       16.1669540       18.0376606    
  0.218287095       2.88644934       15.9449997       3.54250002       16.1702576       18.0435638    
  0.218194515       2.88563466       15.9449997       3.54150009       16.1735611       18.0493736    
  0.218101934       2.88481975       15.9449997       3.54049993       16.1768646       18.0552635    
  0.218009412       2.88400483       15.9449997       3.53950000       16.1801701       18.0686989    
  0.217916921       2.88319039       15.9449997       3.53850007       16.1834736       18.0744591    
  0.217824429       2.88237524       15.9449997       3.53749990       16.1867790       18.0802097    
  0.217731982       2.88156056       15.9449997       3.53649998       16.1900826       18.0859718    
  0.217639565       2.88074589       15.9449997       3.53550005       16.1933861       18.0917053    
  0.217547148       2.87993097       15.9449997       3.53449988       16.1966915       18.0974731    
  0.217454761       2.87911606       15.9449997       3.53349996       16.1999969       18.1032352    
  0.217362463       2.87830162       15.9449997       3.53250003       16.2033005       18.1026974    
  0.217270121       2.87748671       15.9449997       3.53150010       16.2066059       18.1091633    
  0.217177808       2.87667179       15.9449997       3.53049994       16.2099113       18.1151276    
  0.217085540       2.87585688       15.9449997       3.52950001       16.2132168       18.1210747    
  0.216993302       2.87504220       15.9449997       3.52850008       16.2165222       18.1273460    
  0.216901094       2.87422729       15.9449997       3.52749991       16.2198277       18.1333218    
  0.219487607       2.89820528       15.9549999       3.55250001       16.0903683       17.9282627    
  0.219394669       2.89738965       15.9549999       3.55150008       16.0936699       17.9341202    
  0.219301701       2.89657354       15.9549999       3.55049992       16.0969715       17.9399471    
  0.219208807       2.89575791       15.9549999       3.54949999       16.1002750       17.9458084    
  0.219115928       2.89494205       15.9549999       3.54850006       16.1035767       17.9516697    
  0.219023064       2.89412618       15.9549999       3.54749990       16.1068783       17.9575424    
  0.218930244       2.89331031       15.9549999       3.54649997       16.1101799       17.9634190    
  0.218837455       2.89249492       15.9549999       3.54550004       16.1134815       17.9692879    
  0.218744680       2.89167905       15.9549999       3.54450011       16.1167850       17.9754238    
  0.218651906       2.89086318       15.9549999       3.54349995       16.1200867       17.9813004    
  0.218559176       2.89004731       15.9549999       3.54250002       16.1233902       17.9871922    
  0.218466476       2.88923144       15.9549999       3.54150009       16.1266918       17.9930897    
  0.218373790       2.88841558       15.9549999       3.54049993       16.1299953       17.9989853    
  0.218281165       2.88759971       15.9549999       3.53950000       16.1332970       18.0048141    
  0.218188539       2.88678408       15.9549999       3.53850007       16.1366005       18.0106964    
  0.218095928       2.88596797       15.9549999       3.53749990       16.1399040       18.0240726    
  0.218003377       2.88515234       15.9549999       3.53649998       16.1432056       18.0298290    
  0.217910841       2.88433647       15.9549999       3.53550005       16.1465092       18.0355797    
  0.217818320       2.88352060       15.9549999       3.53449988       16.1498127       18.0413342    
  0.217725798       2.88270473       15.9549999       3.53349996       16.1531162       18.0470848    
  0.217633367       2.88188910       15.9549999       3.53250003       16.1564198       18.0528469    
  0.217540920       2.88107324       15.9549999       3.53150010       16.1597233       18.0585804    
  0.217448503       2.88025737       15.9549999       3.53049994       16.1630268       18.0580616    
  0.217356130       2.87944150       15.9549999       3.52950001       16.1663303       18.0645351    
  0.217263758       2.87862563       15.9549999       3.52850008       16.1696339       18.0704937    
  0.217171431       2.87780976       15.9549999       3.52749991       16.1729374       18.0764656    
  0.219761059       2.90181613       15.9650002       3.55250001       16.0436554       17.8722057    
  0.219668016       2.90099955       15.9650002       3.55150008       16.0469570       17.8780422    
  0.219574928       2.90018225       15.9650002       3.55049992       16.0502567       17.8838882    
  0.219481915       2.89936566       15.9650002       3.54949999       16.0535583       17.8897495    
  0.219388917       2.89854884       15.9650002       3.54850006       16.0568581       17.8956032    
  0.219295949       2.89773202       15.9650002       3.54749990       16.0601597       17.9014587    
  0.219202980       2.89691496       15.9650002       3.54649997       16.0634594       17.9072971    
  0.219110072       2.89609838       15.9650002       3.54550004       16.0667591       17.9131603    
  0.219017193       2.89528155       15.9650002       3.54450011       16.0700607       17.9190216    
  0.218924314       2.89446473       15.9650002       3.54349995       16.0733624       17.9248886    
  0.218831480       2.89364791       15.9650002       3.54250002       16.0766621       17.9310493    
  0.218738645       2.89283085       15.9650002       3.54150009       16.0799637       17.9369259    
  0.218645856       2.89201403       15.9650002       3.54049993       16.0832653       17.9427814    
  0.218553111       2.89119720       15.9650002       3.53950000       16.0865669       17.9486618    
  0.218460366       2.89038062       15.9650002       3.53850007       16.0898666       17.9545441    
  0.218367636       2.88956332       15.9650002       3.53749990       16.0931702       17.9603786    
  0.218274966       2.88874674       15.9650002       3.53649998       16.0964699       17.9662495    
  0.218182310       2.88792992       15.9650002       3.53550005       16.0997715       17.9796276    
  0.218089700       2.88711309       15.9650002       3.53449988       16.1030750       17.9853840    
  0.217997044       2.88629603       15.9650002       3.53349996       16.1063766       17.9910851    
  0.217904508       2.88547945       15.9650002       3.53250003       16.1096783       17.9968243    
  0.217811957       2.88466263       15.9650002       3.53150010       16.1129799       18.0025902    
  0.217719421       2.88384581       15.9650002       3.53049994       16.1162815       18.0083389    
  0.217626929       2.88302898       15.9650002       3.52950001       16.1195850       18.0140972    
  0.217534453       2.88221192       15.9650002       3.52850008       16.1228867       18.0135994    
  0.217441991       2.88139510       15.9650002       3.52749991       16.1261902       18.0200424    
  0.220034689       2.90542912       15.9750004       3.55250001       15.9970827       17.8163834    
  0.219941527       2.90461135       15.9750004       3.55150008       16.0003834       17.8222008    
  0.219848320       2.90379333       15.9750004       3.55049992       16.0036831       17.8280487    
  0.219755188       2.90297556       15.9750004       3.54949999       16.0069809       17.8338394    
  0.219662085       2.90215778       15.9750004       3.54850006       16.0102806       17.8396721    
  0.219568968       2.90133977       15.9750004       3.54749990       16.0135803       17.8455429    
  0.219475925       2.90052199       15.9750004       3.54649997       16.0168781       17.8513889    
  0.219382882       2.89970422       15.9750004       3.54550004       16.0201778       17.8572407    
  0.219289899       2.89888644       15.9750004       3.54450011       16.0234776       17.8630924    
  0.219196886       2.89806843       15.9750004       3.54349995       16.0267773       17.8689651    
  0.219103947       2.89725065       15.9750004       3.54250002       16.0300770       17.8747921    
  0.219010994       2.89643264       15.9750004       3.54150009       16.0333748       17.8806496    
  0.218918085       2.89561486       15.9750004       3.54049993       16.0366764       17.8868141    
  0.218825221       2.89479685       15.9750004       3.53950000       16.0399761       17.8926735    
  0.218732372       2.89397931       15.9750004       3.53850007       16.0432758       17.8985462    
  0.218639508       2.89316106       15.9750004       3.53749990       16.0465755       17.9044285    
  0.218546748       2.89234352       15.9750004       3.53649998       16.0498753       17.9102669    
  0.218453959       2.89152551       15.9750004       3.53550005       16.0531750       17.9161053    
  0.218361229       2.89070773       15.9750004       3.53449988       16.0564766       17.9219761    
  0.218268484       2.88988972       15.9750004       3.53349996       16.0597763       17.9353142    
  0.218175828       2.88907218       15.9750004       3.53250003       16.0630760       17.9410534    
  0.218083158       2.88825440       15.9750004       3.53150010       16.0663776       17.9467926    
  0.217990503       2.88743639       15.9750004       3.53049994       16.0696774       17.9525204    
  0.217897877       2.88661838       15.9750004       3.52950001       16.0729790       17.9582462    
  0.217805296       2.88580060       15.9750004       3.52850008       16.0762787       17.9639874    
  0.217712730       2.88498259       15.9750004       3.52749991       16.0795803       17.9697437    
  0.220215112       2.90822458       15.9849997       3.55150008       15.9539528       17.7656937    
  0.220121786       2.90740538       15.9849997       3.55049992       15.9572515       17.7723541    
  0.220028549       2.90658665       15.9849997       3.54949999       15.9605484       17.7781639    
  0.219935313       2.90576768       15.9849997       3.54850006       15.9638462       17.7839947    
  0.219842106       2.90494895       15.9849997       3.54749990       15.9671440       17.7898273    
  0.219748944       2.90412998       15.9849997       3.54649997       15.9704418       17.7956562    
  0.219655782       2.90331125       15.9849997       3.54550004       15.9737396       17.8014660    
  0.219562665       2.90249228       15.9849997       3.54450011       15.9770374       17.8073273    
  0.219469562       2.90167356       15.9849997       3.54349995       15.9803362       17.8131752    
  0.219376490       2.90085459       15.9849997       3.54250002       15.9836340       17.8190193    
  0.219283432       2.90003562       15.9849997       3.54150009       15.9869318       17.8248825    
  0.219190389       2.89921665       15.9849997       3.54049993       15.9902306       17.8307476    
  0.219097406       2.89839768       15.9849997       3.53950000       15.9935284       17.8365974    
  0.219004452       2.89757919       15.9849997       3.53850007       15.9968252       17.8427162    
  0.218911484       2.89675999       15.9849997       3.53749990       16.0001259       17.8485775    
  0.218818590       2.89594126       15.9849997       3.53649998       16.0034237       17.8544407    
  0.218725696       2.89512229       15.9849997       3.53550005       16.0067234       17.8603153    
  0.218632862       2.89430356       15.9849997       3.53449988       16.0100212       17.8661861    
  0.218539998       2.89348459       15.9849997       3.53349996       16.0133209       17.8720226    
  0.218447223       2.89266586       15.9849997       3.53250003       16.0166187       17.8778362    
  0.218354434       2.89184713       15.9849997       3.53150010       16.0199184       17.8911476    
  0.218261674       2.89102817       15.9849997       3.53049994       16.0232182       17.8968830    
  0.218168929       2.89020920       15.9849997       3.52950001       16.0265160       17.9026260    
  0.218076229       2.88939023       15.9849997       3.52850008       16.0298157       17.9083462    
  0.217983544       2.88857126       15.9849997       3.52749991       16.0331154       17.9140873    
  0.217890888       2.88775253       15.9849997       3.52649999       16.0364151       17.9198380    
  0.220582336       2.91266060       15.9949999       3.55250001       15.9043627       17.7046146    
  0.220488951       2.91184092       15.9949999       3.55150008       15.9076586       17.7099037    
  0.220395520       2.91102076       15.9949999       3.55049992       15.9109554       17.7160187    
  0.220302165       2.91020107       15.9949999       3.54949999       15.9142513       17.7218399    
  0.220208824       2.90938115       15.9949999       3.54850006       15.9175472       17.7284584    
  0.220115468       2.90856123       15.9949999       3.54749990       15.9208441       17.7342777    
  0.220022187       2.90774131       15.9949999       3.54649997       15.9241400       17.7401066    
  0.219928935       2.90692163       15.9949999       3.54550004       15.9274349       17.7459221    
  0.219835714       2.90610170       15.9949999       3.54450011       15.9307327       17.7517471    
  0.219742477       2.90528178       15.9949999       3.54349995       15.9340296       17.7575855    
  0.219649285       2.90446186       15.9949999       3.54250002       15.9373255       17.7634125    
  0.219556123       2.90364194       15.9949999       3.54150009       15.9406223       17.7692509    
  0.219462976       2.90282202       15.9949999       3.54049993       15.9439192       17.7751045    
  0.219369888       2.90200210       15.9949999       3.53950000       15.9472160       17.7809658    
  0.219276786       2.90118241       15.9949999       3.53850007       15.9505129       17.7868080    
  0.219183713       2.90036225       15.9949999       3.53749990       15.9538107       17.7926559    
  0.219090715       2.89954257       15.9949999       3.53649998       15.9571075       17.7987938    
  0.218997702       2.89872265       15.9949999       3.53550005       15.9604044       17.8046474    
  0.218904734       2.89790273       15.9949999       3.53449988       15.9637022       17.8104839    
  0.218811750       2.89708281       15.9949999       3.53349996       15.9669991       17.8163452    
  0.218718871       2.89626312       15.9949999       3.53250003       15.9702969       17.8222084    
  0.218625963       2.89544320       15.9949999       3.53150010       15.9735937       17.8280334    
  0.218533084       2.89462328       15.9949999       3.53049994       15.9768925       17.8338909    
  0.218440235       2.89380312       15.9949999       3.52950001       15.9801893       17.8471546    
  0.218347400       2.89298320       15.9949999       3.52850008       15.9834871       17.8528805    
  0.218254611       2.89216328       15.9949999       3.52749991       15.9867859       17.8585892    
  0.218161821       2.89134336       15.9949999       3.52649999       15.9900837       17.8643036    
  0.220762923       2.91545916       16.0049992       3.55150008       15.8615065       17.6550465    
  0.220669359       2.91463780       16.0049992       3.55049992       15.8648024       17.6603718    
  0.220575884       2.91381717       16.0049992       3.54949999       15.8680964       17.6661968    
  0.220482439       2.91299629       16.0049992       3.54850006       15.8713913       17.6723003    
  0.220388964       2.91217518       16.0049992       3.54749990       15.8746862       17.6783638    
  0.220295578       2.91135430       16.0049992       3.54649997       15.8779812       17.6847572    
  0.220202208       2.91053367       16.0049992       3.54550004       15.8812761       17.6905670    
  0.220108867       2.90971279       16.0049992       3.54450011       15.8845701       17.6963596    
  0.220015496       2.90889168       16.0049992       3.54349995       15.8878660       17.7021828    
  0.219922215       2.90807080       16.0049992       3.54250002       15.8911610       17.7079983    
  0.219828948       2.90724993       16.0049992       3.54150009       15.8944559       17.7138271    
  0.219735652       2.90642881       16.0049992       3.54049993       15.8977518       17.7196617    
  0.219642445       2.90560794       16.0049992       3.53950000       15.9010468       17.7254982    
  0.219549254       2.90478730       16.0049992       3.53850007       15.9043427       17.7313728    
  0.219456047       2.90396595       16.0049992       3.53749990       15.9076385       17.7371845    
  0.219362929       2.90314531       16.0049992       3.53649998       15.9109335       17.7430305    
  0.219269827       2.90232444       16.0049992       3.53550005       15.9142294       17.7488670    
  0.219176710       2.90150332       16.0049992       3.53449988       15.9175253       17.7550049    
  0.219083637       2.90068245       16.0049992       3.53349996       15.9208212       17.7608585    
  0.218990639       2.89986181       16.0049992       3.53250003       15.9241171       17.7667160    
  0.218897611       2.89904094       16.0049992       3.53150010       15.9274130       17.7725735    
  0.218804613       2.89821982       16.0049992       3.53049994       15.9307098       17.7783985    
  0.218711659       2.89739895       16.0049992       3.52950001       15.9340057       17.7842178    
  0.218618721       2.89657807       16.0049992       3.52850008       15.9373016       17.7900734    
  0.218525812       2.89575696       16.0049992       3.52749991       15.9405985       17.8032913    
  0.221037135       2.91908026       16.0149994       3.55150008       15.8154888       17.5998878    
  0.220943451       2.91825795       16.0149994       3.55049992       15.8187828       17.6057415    
  0.220849872       2.91743636       16.0149994       3.54949999       15.8220758       17.6115303    
  0.220756277       2.91661429       16.0149994       3.54850006       15.8253689       17.6168385    
  0.220662713       2.91579247       16.0149994       3.54749990       15.8286629       17.6226406    
  0.220569208       2.91497040       16.0149994       3.54649997       15.8319559       17.6287441    
  0.220475718       2.91414881       16.0149994       3.54550004       15.8352480       17.6348114    
  0.220382243       2.91332674       16.0149994       3.54450011       15.8385429       17.6411667    
  0.220288783       2.91250491       16.0149994       3.54349995       15.8418369       17.6469688    
  0.220195383       2.91168284       16.0149994       3.54250002       15.8451290       17.6527882    
  0.220101967       2.91086078       16.0149994       3.54150009       15.8484240       17.6586094    
  0.220008597       2.91003895       16.0149994       3.54049993       15.8517179       17.6643982    
  0.219915256       2.90921688       16.0149994       3.53950000       15.8550119       17.6702213    
  0.219821960       2.90839529       16.0149994       3.53850007       15.8583059       17.6760387    
  0.219728649       2.90757298       16.0149994       3.53749990       15.8615990       17.6818829    
  0.219635397       2.90675116       16.0149994       3.53649998       15.8648930       17.6877213    
  0.219542161       2.90592933       16.0149994       3.53550005       15.8681879       17.6935863    
  0.219448939       2.90510726       16.0149994       3.53449988       15.8714828       17.6994190    
  0.219355777       2.90428543       16.0149994       3.53349996       15.8747768       17.7052326    
  0.219262630       2.90346360       16.0149994       3.53250003       15.8780708       17.7113590    
  0.219169497       2.90264177       16.0149994       3.53150010       15.8813658       17.7171993    
  0.219076380       2.90181971       16.0149994       3.53049994       15.8846607       17.7230549    
  0.218983307       2.90099764       16.0149994       3.52950001       15.8879557       17.7289066    
  0.218890265       2.90017581       16.0149994       3.52850008       15.8912497       17.7347584    
  0.218797237       2.89935374       16.0149994       3.52749991       15.8945456       17.7405758    
  0.218704224       2.89853191       16.0149994       3.52649999       15.8978405       17.7495708    
  0.221405163       2.92352557       16.0249996       3.55250001       15.7663164       17.5390263    
  0.221311435       2.92270303       16.0249996       3.55150008       15.7696095       17.5448475    
  0.221217647       2.92187953       16.0249996       3.55049992       15.7729015       17.5506554    
  0.221123949       2.92105699       16.0249996       3.54949999       15.7761927       17.5565090    
  0.221030250       2.92023396       16.0249996       3.54850006       15.7794847       17.5623608    
  0.220936567       2.91941094       16.0249996       3.54749990       15.7827768       17.5681496    
  0.220842943       2.91858792       16.0249996       3.54649997       15.7860689       17.5734425    
  0.220749319       2.91776514       16.0249996       3.54550004       15.7893600       17.5792713    
  0.220655769       2.91694236       16.0249996       3.54450011       15.7926521       17.5853615    
  0.220562190       2.91611934       16.0249996       3.54349995       15.7959452       17.5913811    
  0.220468640       2.91529632       16.0249996       3.54250002       15.7992373       17.5977383    
  0.220375121       2.91447330       16.0249996       3.54150009       15.8025293       17.6035309    
  0.220281616       2.91365027       16.0249996       3.54049993       15.8058224       17.6093483    
  0.220188171       2.91282725       16.0249996       3.53950000       15.8091145       17.6151562    
  0.220094740       2.91200447       16.0249996       3.53850007       15.8124065       17.6209812    
  0.220001325       2.91118121       16.0249996       3.53749990       15.8156996       17.6267986    
  0.219907969       2.91035867       16.0249996       3.53649998       15.8189917       17.6325817    
  0.219814628       2.90953565       16.0249996       3.53550005       15.8222847       17.6384163    
  0.219721302       2.90871263       16.0249996       3.53449988       15.8255777       17.6442566    
  0.219627976       2.90788960       16.0249996       3.53349996       15.8288708       17.6501064    
  0.219534740       2.90706682       16.0249996       3.53250003       15.8321629       17.6559334    
  0.219441473       2.90624380       16.0249996       3.53150010       15.8354559       17.6617680    
  0.219348252       2.90542078       16.0249996       3.53049994       15.8387499       17.6678944    
  0.219255075       2.90459800       16.0249996       3.52950001       15.8420429       17.6737061    
  0.219161913       2.90377498       16.0249996       3.52850008       15.8453360       17.6795483    
  0.219068766       2.90295196       16.0249996       3.52749991       15.8486300       17.6853981    
  0.221679762       2.92715144       16.0349998       3.55250001       15.7205763       17.4835110    
  0.221585900       2.92632771       16.0349998       3.55150008       15.7238665       17.4899902    
  0.221492022       2.92550349       16.0349998       3.55049992       15.7271576       17.4958076    
  0.221398190       2.92467976       16.0349998       3.54949999       15.7304478       17.5016327    
  0.221304387       2.92385578       16.0349998       3.54850006       15.7337379       17.5074673    
  0.221210584       2.92303181       16.0349998       3.54749990       15.7370281       17.5133095    
  0.221116826       2.92220759       16.0349998       3.54649997       15.7403183       17.5191345    
  0.221023098       2.92138386       16.0349998       3.54550004       15.7436094       17.5249138    
  0.220929414       2.92055988       16.0349998       3.54450011       15.7468996       17.5301800    
  0.220835716       2.91973591       16.0349998       3.54349995       15.7501907       17.5360088    
  0.220742062       2.91891193       16.0349998       3.54250002       15.7534809       17.5420799    
  0.220648453       2.91808796       16.0349998       3.54150009       15.7567720       17.5481319    
  0.220554829       2.91726398       16.0349998       3.54049993       15.7600632       17.5544720    
  0.220461249       2.91643977       16.0349998       3.53950000       15.7633524       17.5602455    
  0.220367715       2.91561604       16.0349998       3.53850007       15.7666445       17.5660458    
  0.220274180       2.91479182       16.0349998       3.53749990       15.7699366       17.5718575    
  0.220180705       2.91396809       16.0349998       3.53649998       15.7732258       17.5776653    
  0.220087245       2.91314411       16.0349998       3.53550005       15.7765179       17.5834885    
  0.219993800       2.91232014       16.0349998       3.53449988       15.7798100       17.5893021    
  0.219900370       2.91149616       16.0349998       3.53349996       15.7831011       17.5951195    
  0.219807029       2.91067243       16.0349998       3.53250003       15.7863922       17.6009216    
  0.219713643       2.90984845       16.0349998       3.53150010       15.7896824       17.6067581    
  0.219620302       2.90902424       16.0349998       3.53049994       15.7929745       17.6126041    
  0.219527006       2.90820026       16.0349998       3.52950001       15.7962675       17.6184292    
  0.219433710       2.90737629       16.0349998       3.52850008       15.7995577       17.6245174    
  0.219340459       2.90655231       16.0349998       3.52749991       15.8028517       17.6303844    
  0.221860558       2.92995477       16.0450001       3.55150008       15.6782608       17.4346771    
  0.221766546       2.92912960       16.0450001       3.55049992       15.6815500       17.4404430    
  0.221672609       2.92830467       16.0450001       3.54949999       15.6848373       17.4469223    
  0.221578673       2.92747974       16.0450001       3.54850006       15.6881275       17.4527454    
  0.221484765       2.92665482       16.0450001       3.54749990       15.6914167       17.4585667    
  0.221390903       2.92582965       16.0450001       3.54649997       15.6947060       17.4644032    
  0.221297055       2.92500496       16.0450001       3.54550004       15.6979933       17.4702377    
  0.221203238       2.92417979       16.0450001       3.54450011       15.7012835       17.4760857    
  0.221109435       2.92335486       16.0450001       3.54349995       15.7045717       17.4812756    
  0.221015677       2.92252994       16.0450001       3.54250002       15.7078609       17.4870758    
  0.220921934       2.92170477       16.0450001       3.54150009       15.7111511       17.4929008    
  0.220828205       2.92087984       16.0450001       3.54049993       15.7144413       17.4992085    
  0.220734507       2.92005467       16.0450001       3.53950000       15.7177305       17.5050030    
  0.220640868       2.91922998       16.0450001       3.53850007       15.7210197       17.5113411    
  0.220547199       2.91840458       16.0450001       3.53749990       15.7243099       17.5171261    
  0.220453620       2.91757989       16.0450001       3.53649998       15.7275991       17.5229340    
  0.220360041       2.91675496       16.0450001       3.53550005       15.7308884       17.5287018    
  0.220266476       2.91592979       16.0450001       3.53449988       15.7341785       17.5345154    
  0.220172942       2.91510487       16.0450001       3.53349996       15.7374687       17.5403194    
  0.220079452       2.91427994       16.0450001       3.53250003       15.7407579       17.5461273    
  0.219985977       2.91345501       16.0450001       3.53150010       15.7440481       17.5519505    
  0.219892532       2.91263008       16.0450001       3.53049994       15.7473383       17.5577755    
  0.219799086       2.91180491       16.0450001       3.52950001       15.7506285       17.5635967    
  0.219705716       2.91097999       16.0450001       3.52850008       15.7539186       17.5693989    
  0.219612330       2.91015482       16.0450001       3.52749991       15.7572098       17.5752354    
  0.219518960       2.90932989       16.0450001       3.52649999       15.7605000       17.5813160    
  0.222135380       2.93358421       16.0550003       3.55150008       15.6327915       17.3801804    
  0.222041234       2.93275785       16.0550003       3.55049992       15.6360788       17.3859653    
  0.221947178       2.93193197       16.0550003       3.54949999       15.6393661       17.3917713    
  0.221853152       2.93110609       16.0550003       3.54850006       15.6426535       17.3975735    
  0.221759126       2.93027997       16.0550003       3.54749990       15.6459417       17.4040413    
  0.221665144       2.92945385       16.0550003       3.54649997       15.6492290       17.4098320    
  0.221571192       2.92862821       16.0550003       3.54550004       15.6525164       17.4156380    
  0.221477255       2.92780209       16.0550003       3.54450011       15.6558037       17.4214706    
  0.221383318       2.92697597       16.0550003       3.54349995       15.6590919       17.4273033    
  0.221289426       2.92614985       16.0550003       3.54250002       15.6623793       17.4331493    
  0.221195579       2.92532396       16.0550003       3.54150009       15.6656666       17.4383564    
  0.221101731       2.92449784       16.0550003       3.54049993       15.6689548       17.4441566    
  0.221007928       2.92367172       16.0550003       3.53950000       15.6722431       17.4499321    
  0.220914185       2.92284608       16.0550003       3.53850007       15.6755304       17.4562263    
  0.220820412       2.92201972       16.0550003       3.53749990       15.6788197       17.4620209    
  0.220726699       2.92119384       16.0550003       3.53649998       15.6821070       17.4683495    
  0.220633000       2.92036796       16.0550003       3.53550005       15.6853952       17.4741440    
  0.220539331       2.91954184       16.0550003       3.53449988       15.6886845       17.4799423    
  0.220445663       2.91871572       16.0550003       3.53349996       15.6919727       17.4857330    
  0.220352083       2.91789007       16.0550003       3.53250003       15.6952591       17.4915295    
  0.220258474       2.91706395       16.0550003       3.53150010       15.6985493       17.4973049    
  0.220164895       2.91623783       16.0550003       3.53049994       15.7018366       17.5031166    
  0.220071346       2.91541171       16.0550003       3.52950001       15.7051268       17.5089321    
  0.219977841       2.91458583       16.0550003       3.52850008       15.7084150       17.5147552    
  0.219884366       2.91375971       16.0550003       3.52749991       15.7117043       17.5205688    
  0.222410396       2.93721628       16.0650005       3.55150008       15.5874577       17.3259621    
  0.222316161       2.93638897       16.0650005       3.55049992       15.5907440       17.3316612    
  0.222221985       2.93556213       16.0650005       3.54949999       15.5940294       17.3374329    
  0.222127825       2.93473506       16.0650005       3.54850006       15.5973158       17.3432236    
  0.222033679       2.93390799       16.0650005       3.54749990       15.6006021       17.3490238    
  0.221939579       2.93308091       16.0650005       3.54649997       15.6038876       17.3548145    
  0.221845508       2.93225408       16.0650005       3.54550004       15.6071739       17.3612747    
  0.221751466       2.93142700       16.0650005       3.54450011       15.6104593       17.3670845    
  0.221657425       2.93059993       16.0650005       3.54349995       15.6137466       17.3729000    
  0.221563429       2.92977285       16.0650005       3.54250002       15.6170321       17.3786907    
  0.221469432       2.92894578       16.0650005       3.54150009       15.6203184       17.3845196    
  0.221375480       2.92811871       16.0650005       3.54049993       15.6236057       17.3903580    
  0.221281573       2.92729163       16.0650005       3.53950000       15.6268902       17.3955517    
  0.221187681       2.92646480       16.0650005       3.53850007       15.6301765       17.4013443    
  0.221093804       2.92563748       16.0650005       3.53749990       15.6334639       17.4071407    
  0.220999986       2.92481065       16.0650005       3.53649998       15.6367502       17.4134426    
  0.220906153       2.92398357       16.0650005       3.53550005       15.6400366       17.4191875    
  0.220812365       2.92315650       16.0650005       3.53449988       15.6433239       17.4255123    
  0.220718592       2.92232943       16.0650005       3.53349996       15.6466122       17.4312916    
  0.220624894       2.92150259       16.0650005       3.53250003       15.6498976       17.4370880    
  0.220531181       2.92067552       16.0650005       3.53150010       15.6531858       17.4428787    
  0.220437482       2.91984844       16.0650005       3.53049994       15.6564732       17.4486694    
  0.220343828       2.91902137       16.0650005       3.52950001       15.6597595       17.4544678    
  0.220250204       2.91819429       16.0650005       3.52850008       15.6630468       17.4602432    
  0.220156610       2.91736722       16.0650005       3.52749991       15.6663351       17.4660587    
  0.222685590       2.94085050       16.0750008       3.55150008       15.5422583       17.2718449    
  0.222591206       2.94002199       16.0750008       3.55049992       15.5455446       17.2775974    
  0.222496942       2.93919420       16.0750008       3.54949999       15.5488272       17.2833729    
  0.222402677       2.93836617       16.0750008       3.54850006       15.5521116       17.2891045    
  0.222308382       2.93753791       16.0750008       3.54749990       15.5553980       17.2948647    
  0.222214192       2.93670988       16.0750008       3.54649997       15.5586824       17.3006153    
  0.222119987       2.93588209       16.0750008       3.54550004       15.5619669       17.3064041    
  0.222025841       2.93505406       16.0750008       3.54450011       15.5652514       17.3121986    
  0.221931666       2.93422580       16.0750008       3.54349995       15.5685358       17.3186569    
  0.221837565       2.93339777       16.0750008       3.54250002       15.5718212       17.3244553    
  0.221743464       2.93256974       16.0750008       3.54150009       15.5751057       17.3302708    
  0.221649379       2.93174148       16.0750008       3.54049993       15.5783911       17.3360996    
  0.221555352       2.93091345       16.0750008       3.53950000       15.5816755       17.3418770    
  0.221461356       2.93008566       16.0750008       3.53850007       15.5849600       17.3477135    
  0.221367329       2.92925715       16.0750008       3.53749990       15.5882463       17.3528881    
  0.221273407       2.92842937       16.0750008       3.53649998       15.5915308       17.3586788    
  0.221179470       2.92760134       16.0750008       3.53550005       15.5948162       17.3645763    
  0.221085578       2.92677331       16.0750008       3.53449988       15.5981016       17.3707638    
  0.220991686       2.92594504       16.0750008       3.53349996       15.6013870       17.3765354    
  0.220897868       2.92511725       16.0750008       3.53250003       15.6046724       17.3828506    
  0.220804036       2.92428923       16.0750008       3.53150010       15.6079569       17.3885975    
  0.220710233       2.92346120       16.0750008       3.53049994       15.6112432       17.3943882    
  0.220616460       2.92263293       16.0750008       3.52950001       15.6145287       17.4001732    
  0.220522717       2.92180490       16.0750008       3.52850008       15.6178141       17.4059544    
  0.220429003       2.92097688       16.0750008       3.52749991       15.6211004       17.4117489    
  0.220335275       2.92014861       16.0750008       3.52649999       15.6243868       17.4175453    
  0.222960874       2.94448590       16.0849991       3.55150008       15.4972048       17.2183132    
  0.222866386       2.94365644       16.0849991       3.55049992       15.5004883       17.2241993    
  0.222771987       2.94282770       16.0849991       3.54949999       15.5037708       17.2294197    
  0.222677588       2.94199848       16.0849991       3.54850006       15.5070534       17.2351818    
  0.222583219       2.94116950       16.0849991       3.54749990       15.5103369       17.2409420    
  0.222488880       2.94034028       16.0849991       3.54649997       15.5136204       17.2466679    
  0.222394586       2.93951154       16.0849991       3.54550004       15.5169029       17.2524242    
  0.222300306       2.93868232       16.0849991       3.54450011       15.5201864       17.2582035    
  0.222206026       2.93785310       16.0849991       3.54349995       15.5234699       17.2639847    
  0.222111791       2.93702412       16.0849991       3.54250002       15.5267525       17.2697430    
  0.222017571       2.93619490       16.0849991       3.54150009       15.5300360       17.2761936    
  0.221923396       2.93536592       16.0849991       3.54049993       15.5333195       17.2819920    
  0.221829250       2.93453670       16.0849991       3.53950000       15.5366030       17.2877998    
  0.221735135       2.93370795       16.0849991       3.53850007       15.5398865       17.2936192    
  0.221641004       2.93287849       16.0849991       3.53749990       15.5431709       17.2994328    
  0.221546948       2.93204951       16.0849991       3.53649998       15.5464525       17.3047066    
  0.221452907       2.93122053       16.0849991       3.53550005       15.5497360       17.3103905    
  0.221358880       2.93039131       16.0849991       3.53449988       15.5530214       17.3161659    
  0.221264854       2.92956209       16.0849991       3.53349996       15.5563040       17.3224449    
  0.221170947       2.92873335       16.0849991       3.53250003       15.5595894       17.3282242    
  0.221076980       2.92790413       16.0849991       3.53150010       15.5628729       17.3339939    
  0.220983073       2.92707515       16.0849991       3.53049994       15.5661573       17.3403111    
  0.220889196       2.92624593       16.0849991       3.52950001       15.5694399       17.3460846    
  0.220795333       2.92541695       16.0849991       3.52850008       15.5727253       17.3518677    
  0.220701486       2.92458773       16.0849991       3.52749991       15.5760088       17.3576202    
  0.223141775       2.94729376       16.0949993       3.55049992       15.4555569       17.1701393    
  0.223047256       2.94646382       16.0949993       3.54949999       15.4588394       17.1760502    
  0.222952753       2.94563389       16.0949993       3.54850006       15.4621210       17.1819496    
  0.222858250       2.94480371       16.0949993       3.54749990       15.4654026       17.1871300    
  0.222763807       2.94397354       16.0949993       3.54649997       15.4686842       17.1928844    
  0.222669378       2.94314361       16.0949993       3.54550004       15.4719658       17.1986446    
  0.222574994       2.94231343       16.0949993       3.54450011       15.4752455       17.2043762    
  0.222480595       2.94148326       16.0949993       3.54349995       15.4785280       17.2101192    
  0.222386226       2.94065309       16.0949993       3.54250002       15.4818096       17.2158947    
  0.222291902       2.93982291       16.0949993       3.54150009       15.4850912       17.2216682    
  0.222197592       2.93899274       16.0949993       3.54049993       15.4883747       17.2274551    
  0.222103357       2.93816280       16.0949993       3.53950000       15.4916553       17.2338638    
  0.222009107       2.93733287       16.0949993       3.53850007       15.4949369       17.2396526    
  0.221914873       2.93650246       16.0949993       3.53749990       15.4982204       17.2454700    
  0.221820697       2.93567252       16.0949993       3.53649998       15.5015030       17.2512913    
  0.221726537       2.93484235       16.0949993       3.53550005       15.5047846       17.2570972    
  0.221632391       2.93401217       16.0949993       3.53449988       15.5080671       17.2623425    
  0.221538275       2.93318200       16.0949993       3.53349996       15.5113497       17.2680473    
  0.221444234       2.93235230       16.0949993       3.53250003       15.5146322       17.2738228    
  0.221350163       2.93152213       16.0949993       3.53150010       15.5179138       17.2800655    
  0.221256122       2.93069196       16.0949993       3.53049994       15.5211973       17.2858372    
  0.221162125       2.92986178       16.0949993       3.52950001       15.5244799       17.2915993    
  0.221068144       2.92903161       16.0949993       3.52850008       15.5277615       17.2979145    
  0.220974192       2.92820144       16.0949993       3.52749991       15.5310450       17.3036804    
  0.223511994       2.95176411       16.1049995       3.55150008       15.4074812       17.1103210    
  0.223322645       2.95010185       16.1049995       3.54949999       15.4140415       17.1221256    
  0.223228022       2.94927073       16.1049995       3.54850006       15.4173212       17.1280231    
  0.223133415       2.94843960       16.1049995       3.54749990       15.4206018       17.1339226    
  0.223038822       2.94760823       16.1049995       3.54649997       15.4238815       17.1398220    
  0.222944289       2.94677734       16.1049995       3.54550004       15.4271622       17.1450100    
  0.222849786       2.94594622       16.1049995       3.54450011       15.4304419       17.1507721    
  0.222755298       2.94511509       16.1049995       3.54349995       15.4337225       17.1564980    
  0.222660810       2.94428396       16.1049995       3.54250002       15.4370022       17.1622963    
  0.222566381       2.94345284       16.1049995       3.54150009       15.4402828       17.1679573    
  0.222471952       2.94262147       16.1049995       3.54049993       15.4435635       17.1737251    
  0.222377568       2.94179034       16.1049995       3.53950000       15.4468441       17.1794949    
  0.222283214       2.94095945       16.1049995       3.53850007       15.4501238       17.1852703    
  0.222188875       2.94012809       16.1049995       3.53749990       15.4534054       17.1917114    
  0.222094581       2.93929720       16.1049995       3.53649998       15.4566860       17.1975060    
  0.222000301       2.93846607       16.1049995       3.53550005       15.4599657       17.2032757    
  0.221906051       2.93763471       16.1049995       3.53449988       15.4632473       17.2090893    
  0.221811801       2.93680358       16.1049995       3.53349996       15.4665279       17.2148952    
  0.221717641       2.93597269       16.1049995       3.53250003       15.4698086       17.2201328    
  0.221623465       2.93514156       16.1049995       3.53150010       15.4730892       17.2258167    
  0.221529320       2.93431044       16.1049995       3.53049994       15.4763708       17.2316017    
  0.221435174       2.93347907       16.1049995       3.52950001       15.4796515       17.2378769    
  0.221341088       2.93264794       16.1049995       3.52850008       15.4829311       17.2436180    
  0.221247032       2.93181682       16.1049995       3.52749991       15.4862146       17.2493343    
  0.223598212       2.95374203       16.1149998       3.54949999       15.3693781       17.0683937    
  0.223408729       2.95207763       16.1149998       3.54749990       15.3759356       17.0801506    
  0.223314062       2.95124555       16.1149998       3.54649997       15.3792133       17.0860443    
  0.223219380       2.95041347       16.1149998       3.54550004       15.3824921       17.0919380    
  0.223124787       2.94958138       16.1149998       3.54450011       15.3857708       17.0978336    
  0.223030135       2.94874907       16.1149998       3.54349995       15.3890495       17.1030197    
  0.222935572       2.94791698       16.1149998       3.54250002       15.3923283       17.1087742    
  0.222840995       2.94708467       16.1149998       3.54150009       15.3956070       17.1145210    
  0.222746462       2.94625258       16.1149998       3.54049993       15.3988848       17.1203060    
  0.222651973       2.94542027       16.1149998       3.53950000       15.4021635       17.1259441    
  0.222557500       2.94458842       16.1149998       3.53850007       15.4054422       17.1317043    
  0.222463027       2.94375587       16.1149998       3.53749990       15.4087219       17.1374702    
  0.222368628       2.94292402       16.1149998       3.53649998       15.4120007       17.1432514    
  0.222274214       2.94209170       16.1149998       3.53550005       15.4152813       17.1496735    
  0.222179875       2.94125962       16.1149998       3.53449988       15.4185610       17.1554623    
  0.222085491       2.94042730       16.1149998       3.53349996       15.4218397       17.1612644    
  0.221991226       2.93959546       16.1149998       3.53250003       15.4251175       17.1670589    
  0.221896932       2.93876338       16.1149998       3.53150010       15.4283981       17.1723080    
  0.221802652       2.93793106       16.1149998       3.53049994       15.4316769       17.1780605    
  0.221708417       2.93709874       16.1149998       3.52950001       15.4349575       17.1837559    
  0.221614212       2.93626666       16.1149998       3.52850008       15.4382353       17.1897335    
  0.221520022       2.93543434       16.1149998       3.52749991       15.4415169       17.1957722    
  0.221425861       2.93460226       16.1149998       3.52649999       15.4447966       17.2015152    
  0.223305255       2.95238638       16.1250000       3.54349995       15.3445101       17.0500965    
  0.223210573       2.95155334       16.1250000       3.54250002       15.3477869       17.0559883    
  0.223115891       2.95072007       16.1250000       3.54150009       15.3510637       17.0611572    
  0.223021224       2.94988680       16.1250000       3.54049993       15.3543415       17.0669098    
  0.222926617       2.94905353       16.1250000       3.53950000       15.3576193       17.0726585    
  0.222832039       2.94822073       16.1250000       3.53850007       15.3608961       17.0784626    
  0.222737446       2.94738722       16.1250000       3.53749990       15.3641739       17.0840950    
  0.222642928       2.94655418       16.1250000       3.53649998       15.3674517       17.0898323    
  0.222548410       2.94572091       16.1250000       3.53550005       15.3707285       17.0955830    
  0.222453922       2.94488764       16.1250000       3.53449988       15.3740072       17.1013546    
  0.222359449       2.94405437       16.1250000       3.53349996       15.3772850       17.1077805    
  0.222265050       2.94322157       16.1250000       3.53250003       15.3805618       17.1135654    
  0.222170636       2.94238830       16.1250000       3.53150010       15.3838396       17.1193600    
  0.222076252       2.94155502       16.1250000       3.53049994       15.3871183       17.1251583    
  0.221981883       2.94072175       16.1250000       3.52950001       15.3903961       17.1304131    
  0.221887589       2.93988872       16.1250000       3.52850008       15.3936739       17.1361351    
  0.221793294       2.93905544       16.1250000       3.52749991       15.3969526       17.1418171    
  0.223106652       2.95185399       16.1350002       3.53850007       15.3164816       17.0251999    
  0.223011956       2.95101953       16.1350002       3.53749990       15.3197575       17.0309372    
  0.222917303       2.95018554       16.1350002       3.53649998       15.3230333       17.0368061    
  0.222822681       2.94935131       16.1350002       3.53550005       15.3263092       17.0423698    
  0.222633481       2.94768262       16.1350002       3.53349996       15.3328619       17.0538902    
  0.222538963       2.94684863       16.1350002       3.53250003       15.3361368       17.0596142    
  0.222444430       2.94601440       16.1350002       3.53150010       15.3394146       17.0660324    
  0.222349942       2.94518018       16.1350002       3.53049994       15.3426914       17.0718155    
  0.222255468       2.94434595       16.1350002       3.52950001       15.3459673       17.0776043    
  0.222161025       2.94351172       16.1350002       3.52850008       15.3492441       17.0833988    
  0.222066626       2.94267750       16.1350002       3.52749991       15.3525209       17.0886288    
