 ***Theta   Eprime   Sig_Born   Sig_Rad
   15.6125   2.9605  19.8540  24.2260
   15.6125   2.9695  19.8201  24.1500
   15.6125   2.9785  19.7862  24.0738
   15.6125   2.9875  19.7524  23.9987
   15.6125   2.9965  19.7187  23.9225
   15.6125   3.0055  19.6851  23.8475
   15.6125   3.0145  19.6517  23.7732
   15.6125   3.0235  19.6183  23.7002
   15.6125   3.0325  19.5850  23.6301
   15.6125   3.0415  19.5519  23.5582
   15.6125   3.0505  19.5188  23.4879
   15.6125   3.0595  19.4858  23.4110
   15.6125   3.0685  19.4529  23.3385
   15.6125   3.0775  19.4201  23.2675
   15.6125   3.0865  19.3874  23.1967
   15.6125   3.0955  19.3548  23.1248
   15.6125   3.1045  19.3223  23.0551
   15.6125   3.1135  19.2898  22.9851
   15.6125   3.1225  19.2575  22.9161
   15.6125   3.1315  19.2252  22.8472
   15.6125   3.1405  19.1930  22.7801
   15.6125   3.1495  19.1608  22.7194
   15.6125   3.1585  19.1288  22.6522
   15.6125   3.1675  19.0968  22.5864
   15.6125   3.1765  19.0649  22.5235
   15.6125   3.1855  19.0331  22.4584
   15.6125   3.1945  19.0013  22.3897
   15.6125   3.2035  18.9696  22.3223
   15.6125   3.2125  18.9380  22.2512
   15.6125   3.2215  18.9065  22.1840
   15.6125   3.2305  18.8750  22.1177
   15.6125   3.2395  18.8435  22.0549
   16.1125   2.9605  17.3785  20.9527
   16.1125   2.9695  17.3460  20.8830
   16.1125   2.9785  17.3136  20.8136
   16.1125   2.9875  17.2813  20.7456
   16.1125   2.9965  17.2491  20.6774
   16.1125   3.0055  17.2170  20.6086
   16.1125   3.0145  17.1849  20.5414
   16.1125   3.0235  17.1530  20.4741
   16.1125   3.0325  17.1211  20.4084
   16.1125   3.0415  17.0893  20.3421
   16.1125   3.0505  17.0576  20.2764
   16.1125   3.0595  17.0259  20.2186
   16.1125   3.0685  16.9944  20.1526
   16.1125   3.0775  16.9629  20.0891
   16.1125   3.0865  16.9315  20.0319
   16.1125   3.0955  16.9001  19.9687
   16.1125   3.1045  16.8688  19.9051
   16.1125   3.1135  16.8376  19.8397
   16.1125   3.1225  16.8065  19.7703
   16.1125   3.1315  16.7754  19.7072
   16.1125   3.1405  16.7444  19.6440
   16.1125   3.1495  16.7135  19.5833
   16.1125   3.1585  16.6826  19.5213
   16.1125   3.1675  16.6518  19.4672
   16.1125   3.1765  16.6210  19.4072
   16.1125   3.1855  16.5903  19.3406
   16.1125   3.1945  16.5597  19.2795
   16.1125   3.2035  16.5291  19.2209
   16.1125   3.2125  16.4985  19.1595
   16.1125   3.2215  16.4681  19.1008
   16.1125   3.2305  16.4376  19.0427
   16.1125   3.2395  16.4072  18.9833
   16.6125   2.9605  15.2369  18.1535
   16.6125   2.9695  15.2059  18.0903
   16.6125   2.9785  15.1749  18.0325
   16.6125   2.9875  15.1440  17.9724
   16.6125   2.9965  15.1132  17.9157
   16.6125   3.0055  15.0824  17.8558
   16.6125   3.0145  15.0517  17.7955
   16.6125   3.0235  15.0211  17.7352
   16.6125   3.0325  14.9905  17.6694
   16.6125   3.0415  14.9601  17.6074
   16.6125   3.0505  14.9296  17.5477
   16.6125   3.0595  14.8993  17.4877
   16.6125   3.0685  14.8690  17.4287
   16.6125   3.0775  14.8388  17.3761
   16.6125   3.0865  14.8086  17.3172
   16.6125   3.0955  14.7785  17.2543
   16.6125   3.1045  14.7485  17.1967
   16.6125   3.1135  14.7185  17.1389
   16.6125   3.1225  14.6885  17.0818
   16.6125   3.1315  14.6586  17.0250
   16.6125   3.1405  14.6288  16.9689
   16.6125   3.1495  14.5990  16.9125
   16.6125   3.1585  14.5693  16.8560
   16.6125   3.1675  14.5396  16.8005
   16.6125   3.1765  14.5100  16.7443
   16.6125   3.1855  14.4804  16.6899
   16.6125   3.1945  14.4508  16.6345
   16.6125   3.2035  14.4213  16.5789
   16.6125   3.2125  14.3918  16.5240
   16.6125   3.2215  14.3624  16.4696
   16.6125   3.2305  14.3330  16.4155
   16.6125   3.2395  14.3037  16.3614
   17.1125   2.9605  13.3780  15.7644
   17.1125   2.9695  13.3483  15.7062
   17.1125   2.9785  13.3186  15.6489
   17.1125   2.9875  13.2891  15.5889
   17.1125   2.9965  13.2595  15.5424
   17.1125   3.0055  13.2301  15.4852
   17.1125   3.0145  13.2007  15.4231
   17.1125   3.0235  13.1714  15.3697
   17.1125   3.0325  13.1421  15.3158
   17.1125   3.0415  13.1129  15.2603
   17.1125   3.0505  13.0837  15.2059
   17.1125   3.0595  13.0546  15.1520
   17.1125   3.0685  13.0255  15.0986
   17.1125   3.0775  12.9965  15.0450
   17.1125   3.0865  12.9675  14.9920
   17.1125   3.0955  12.9386  14.9386
   17.1125   3.1045  12.9098  14.8860
   17.1125   3.1135  12.8809  14.8333
   17.1125   3.1225  12.8522  14.7803
   17.1125   3.1315  12.8234  14.7284
   17.1125   3.1405  12.7947  14.6764
   17.1125   3.1495  12.7661  14.6244
   17.1125   3.1585  12.7374  14.5732
   17.1125   3.1675  12.7089  14.5219
   17.1125   3.1765  12.6803  14.4713
   17.1125   3.1855  12.6518  14.4201
   17.1125   3.1945  12.6233  14.3703
   17.1125   3.2035  12.5949  14.3202
   17.1125   3.2125  12.5665  14.2691
   17.1125   3.2215  12.5381  14.2208
   17.1125   3.2305  12.5098  14.1707
   17.1125   3.2395  12.4814  14.1203
   17.6125   2.9605  11.7592  13.7026
   17.6125   2.9695  11.7308  13.6507
   17.6125   2.9785  11.7025  13.5991
   17.6125   2.9875  11.6741  13.5477
   17.6125   2.9965  11.6459  13.4975
   17.6125   3.0055  11.6177  13.4452
   17.6125   3.0145  11.5895  13.3948
   17.6125   3.0235  11.5614  13.3443
   17.6125   3.0325  11.5333  13.2934
   17.6125   3.0415  11.5053  13.2435
   17.6125   3.0505  11.4774  13.1936
   17.6125   3.0595  11.4494  13.1441
   17.6125   3.0685  11.4215  13.0942
   17.6125   3.0775  11.3937  13.0450
   17.6125   3.0865  11.3659  12.9964
   17.6125   3.0955  11.3381  12.9482
   17.6125   3.1045  11.3104  12.8994
   17.6125   3.1135  11.2827  12.8512
   17.6125   3.1225  11.2550  12.8032
   17.6125   3.1315  11.2274  12.7554
   17.6125   3.1405  11.1998  12.7084
   17.6125   3.1495  11.1722  12.6604
   17.6125   3.1585  11.1447  12.6127
   17.6125   3.1675  11.1172  12.5682
   17.6125   3.1765  11.0897  12.5208
   17.6125   3.1855  11.0623  12.4734
   17.6125   3.1945  11.0349  12.4255
   17.6125   3.2035  11.0075  12.3791
   17.6125   3.2125  10.9801  12.3334
   17.6125   3.2215  10.9528  12.2870
   17.6125   3.2305  10.9254  12.2420
   17.6125   3.2395  10.8981  12.2008
   18.1125   2.9605  10.3455  11.9256
   18.1125   2.9695  10.3183  11.8782
   18.1125   2.9785  10.2912  11.8310
   18.1125   2.9875  10.2641  11.7829
   18.1125   2.9965  10.2370  11.7358
   18.1125   3.0055  10.2100  11.6890
   18.1125   3.0145  10.1830  11.6429
   18.1125   3.0235  10.1560  11.5959
   18.1125   3.0325  10.1291  11.5501
   18.1125   3.0415  10.1023  11.5042
   18.1125   3.0505  10.0755  11.4581
   18.1125   3.0595  10.0487  11.4133
   18.1125   3.0685  10.0219  11.3674
   18.1125   3.0775   9.9952  11.3224
   18.1125   3.0865   9.9685  11.2785
   18.1125   3.0955   9.9418  11.2345
   18.1125   3.1045   9.9152  11.1897
   18.1125   3.1135   9.8886  11.1436
   18.1125   3.1225   9.8620  11.0993
   18.1125   3.1315   9.8355  11.0552
   18.1125   3.1405   9.8089  11.0110
   18.1125   3.1495   9.7825  10.9683
   18.1125   3.1585   9.7560  10.9284
   18.1125   3.1675   9.7295  10.8810
   18.1125   3.1765   9.7031  10.8378
   18.1125   3.1855   9.6767  10.7948
   18.1125   3.1945   9.6503  10.7520
   18.1125   3.2035   9.6239  10.7093
   18.1125   3.2125   9.5976  10.6672
   18.1125   3.2215   9.5713  10.6247
   18.1125   3.2305   9.5450  10.5826
   18.1125   3.2395   9.5187  10.5401
   18.6125   2.9605   9.1075  10.3882
   18.6125   2.9695   9.0814  10.3441
   18.6125   2.9785   9.0554  10.3009
   18.6125   2.9875   9.0295  10.2570
   18.6125   2.9965   9.0035  10.2141
   18.6125   3.0055   8.9777  10.1717
   18.6125   3.0145   8.9518  10.1288
   18.6125   3.0235   8.9260  10.0872
   18.6125   3.0325   8.9002  10.0429
   18.6125   3.0415   8.8744  10.0002
   18.6125   3.0505   8.8487   9.9581
   18.6125   3.0595   8.8230   9.9163
   18.6125   3.0685   8.7974   9.8742
   18.6125   3.0775   8.7717   9.8329
   18.6125   3.0865   8.7461   9.7913
   18.6125   3.0955   8.7205   9.7502
   18.6125   3.1045   8.6950   9.7091
   18.6125   3.1135   8.6694   9.6684
   18.6125   3.1225   8.6439   9.6276
   18.6125   3.1315   8.6184   9.5869
   18.6125   3.1405   8.5929   9.5467
   18.6125   3.1495   8.5675   9.5066
   18.6125   3.1585   8.5420   9.4659
   18.6125   3.1675   8.5166   9.4258
   18.6125   3.1765   8.4912   9.3857
   18.6125   3.1855   8.4658   9.3464
   18.6125   3.1945   8.4405   9.3066
   18.6125   3.2035   8.4151   9.2673
   18.6125   3.2125   8.3898   9.2284
   18.6125   3.2215   8.3645   9.1894
   18.6125   3.2305   8.3391   9.1497
   18.6125   3.2395   8.3138   9.1109
   19.1125   2.9605   8.0205   9.0548
   19.1125   2.9695   7.9956   9.0140
   19.1125   2.9785   7.9707   8.9733
   19.1125   2.9875   7.9459   8.9332
   19.1125   2.9965   7.9210   8.8940
   19.1125   3.0055   7.8963   8.8534
   19.1125   3.0145   7.8715   8.8140
   19.1125   3.0235   7.8467   8.7750
   19.1125   3.0325   7.8220   8.7364
   19.1125   3.0415   7.7974   8.6967
   19.1125   3.0505   7.7727   8.6579
   19.1125   3.0595   7.7481   8.6195
   19.1125   3.0685   7.7234   8.5810
   19.1125   3.0775   7.6989   8.5421
   19.1125   3.0865   7.6743   8.5036
   19.1125   3.0955   7.6498   8.4653
   19.1125   3.1045   7.6252   8.4277
   19.1125   3.1135   7.6007   8.3899
   19.1125   3.1225   7.5762   8.3522
   19.1125   3.1315   7.5518   8.3150
   19.1125   3.1405   7.5273   8.2777
   19.1125   3.1495   7.5029   8.2403
   19.1125   3.1585   7.4785   8.2032
   19.1125   3.1675   7.4541   8.1662
   19.1125   3.1765   7.4297   8.1309
   19.1125   3.1855   7.4053   8.0927
   19.1125   3.1945   7.3810   8.0558
   19.1125   3.2035   7.3566   8.0198
   19.1125   3.2125   7.3323   7.9839
   19.1125   3.2215   7.3080   7.9475
   19.1125   3.2305   7.2837   7.9115
   19.1125   3.2395   7.2594   7.8761
   19.6125   2.9605   7.0642   7.8948
   19.6125   2.9695   7.0403   7.8568
   19.6125   2.9785   7.0165   7.8198
   19.6125   2.9875   6.9927   7.7829
   19.6125   2.9965   6.9689   7.7459
   19.6125   3.0055   6.9452   7.7088
   19.6125   3.0145   6.9215   7.6723
   19.6125   3.0235   6.8978   7.6361
   19.6125   3.0325   6.8741   7.6000
   19.6125   3.0415   6.8505   7.5638
   19.6125   3.0505   6.8269   7.5281
   19.6125   3.0595   6.8033   7.4926
   19.6125   3.0685   6.7797   7.4571
   19.6125   3.0775   6.7561   7.4212
   19.6125   3.0865   6.7326   7.3859
   19.6125   3.0955   6.7091   7.3508
   19.6125   3.1045   6.6856   7.3166
   19.6125   3.1135   6.6621   7.2804
   19.6125   3.1225   6.6386   7.2459
   19.6125   3.1315   6.6151   7.2115
   19.6125   3.1405   6.5917   7.1769
   19.6125   3.1495   6.5683   7.1425
   19.6125   3.1585   6.5449   7.1087
   19.6125   3.1675   6.5215   7.0747
   19.6125   3.1765   6.4981   7.0400
   19.6125   3.1855   6.4747   7.0070
   19.6125   3.1945   6.4514   6.9731
   19.6125   3.2035   6.4281   6.9395
   19.6125   3.2125   6.4047   6.9057
   19.6125   3.2215   6.3814   6.8725
   19.6125   3.2305   6.3581   6.8390
   19.6125   3.2395   6.3348   6.8047
   20.1125   2.9605   6.2210   6.8830
   20.1125   2.9695   6.1982   6.8487
   20.1125   2.9785   6.1754   6.8141
   20.1125   2.9875   6.1526   6.7802
   20.1125   2.9965   6.1299   6.7459
   20.1125   3.0055   6.1072   6.7124
   20.1125   3.0145   6.0845   6.6786
   20.1125   3.0235   6.0618   6.6451
   20.1125   3.0325   6.0391   6.6126
   20.1125   3.0415   6.0165   6.5778
   20.1125   3.0505   5.9939   6.5449
   20.1125   3.0595   5.9713   6.5122
   20.1125   3.0685   5.9488   6.4791
   20.1125   3.0775   5.9262   6.4464
   20.1125   3.0865   5.9037   6.4142
   20.1125   3.0955   5.8812   6.3811
   20.1125   3.1045   5.8587   6.3493
   20.1125   3.1135   5.8362   6.3171
   20.1125   3.1225   5.8137   6.2849
   20.1125   3.1315   5.7913   6.2528
   20.1125   3.1405   5.7688   6.2208
   20.1125   3.1495   5.7464   6.1890
   20.1125   3.1585   5.7240   6.1565
   20.1125   3.1675   5.7016   6.1251
   20.1125   3.1765   5.6793   6.0937
   20.1125   3.1855   5.6569   6.0625
   20.1125   3.1945   5.6345   6.0310
   20.1125   3.2035   5.6122   5.9995
   20.1125   3.2125   5.5899   5.9684
   20.1125   3.2215   5.5676   5.9375
   20.1125   3.2305   5.5452   5.9065
   20.1125   3.2395   5.5230   5.8757
   20.6125   2.9605   5.4763   6.0019
   20.6125   2.9695   5.4545   5.9693
   20.6125   2.9785   5.4327   5.9371
   20.6125   2.9875   5.4110   5.9058
   20.6125   2.9965   5.3892   5.8741
   20.6125   3.0055   5.3675   5.8428
   20.6125   3.0145   5.3458   5.8121
   20.6125   3.0235   5.3241   5.7805
   20.6125   3.0325   5.3025   5.7501
   20.6125   3.0415   5.2809   5.7196
   20.6125   3.0505   5.2593   5.6888
   20.6125   3.0595   5.2377   5.6581
   20.6125   3.0685   5.2161   5.6276
   20.6125   3.0775   5.1946   5.5974
   20.6125   3.0865   5.1730   5.5663
   20.6125   3.0955   5.1515   5.5363
   20.6125   3.1045   5.1300   5.5064
   20.6125   3.1135   5.1085   5.4764
   20.6125   3.1225   5.0871   5.4465
   20.6125   3.1315   5.0656   5.4166
   20.6125   3.1405   5.0442   5.3871
   20.6125   3.1495   5.0228   5.3577
   20.6125   3.1585   5.0014   5.3283
   20.6125   3.1675   4.9800   5.2991
   20.6125   3.1765   4.9586   5.2698
   20.6125   3.1855   4.9372   5.2411
   20.6125   3.1945   4.9159   5.2121
   20.6125   3.2035   4.8946   5.1826
   20.6125   3.2125   4.8732   5.1543
   20.6125   3.2215   4.8519   5.1257
   20.6125   3.2305   4.8306   5.0972
   20.6125   3.2395   4.8093   5.0688
   21.1125   2.9605   4.8177   5.2297
   21.1125   2.9695   4.7969   5.2003
   21.1125   2.9785   4.7761   5.1711
   21.1125   2.9875   4.7553   5.1418
   21.1125   2.9965   4.7345   5.1127
   21.1125   3.0055   4.7138   5.0838
   21.1125   3.0145   4.6931   5.0541
   21.1125   3.0235   4.6724   5.0254
   21.1125   3.0325   4.6518   4.9969
   21.1125   3.0415   4.6311   4.9682
   21.1125   3.0505   4.6105   4.9398
   21.1125   3.0595   4.5899   4.9113
   21.1125   3.0685   4.5693   4.8831
   21.1125   3.0775   4.5488   4.8551
   21.1125   3.0865   4.5282   4.8270
   21.1125   3.0955   4.5077   4.7989
   21.1125   3.1045   4.4872   4.7714
   21.1125   3.1135   4.4667   4.7439
   21.1125   3.1225   4.4462   4.7161
   21.1125   3.1315   4.4258   4.6886
   21.1125   3.1405   4.4053   4.6613
   21.1125   3.1495   4.3849   4.6341
   21.1125   3.1585   4.3645   4.6070
   21.1125   3.1675   4.3441   4.5799
   21.1125   3.1765   4.3238   4.5527
   21.1125   3.1855   4.3034   4.5260
   21.1125   3.1945   4.2831   4.4993
   21.1125   3.2035   4.2628   4.4726
   21.1125   3.2125   4.2425   4.4459
   21.1125   3.2215   4.2222   4.4194
   21.1125   3.2305   4.2019   4.3929
   21.1125   3.2395   4.1816   4.3665
   21.6125   2.9605   4.2345   4.5539
   21.6125   2.9695   4.2147   4.5265
   21.6125   2.9785   4.1948   4.4994
   21.6125   2.9875   4.1750   4.4721
   21.6125   2.9965   4.1553   4.4452
   21.6125   3.0055   4.1355   4.4184
   21.6125   3.0145   4.1158   4.3915
   21.6125   3.0235   4.0961   4.3649
   21.6125   3.0325   4.0764   4.3384
   21.6125   3.0415   4.0567   4.3120
   21.6125   3.0505   4.0371   4.2857
   21.6125   3.0595   4.0175   4.2591
   21.6125   3.0685   3.9979   4.2334
   21.6125   3.0775   3.9783   4.2074
   21.6125   3.0865   3.9587   4.1816
   21.6125   3.0955   3.9392   4.1558
   21.6125   3.1045   3.9197   4.1299
   21.6125   3.1135   3.9002   4.1043
   21.6125   3.1225   3.8807   4.0791
   21.6125   3.1315   3.8613   4.0536
   21.6125   3.1405   3.8418   4.0282
   21.6125   3.1495   3.8224   4.0030
   21.6125   3.1585   3.8030   3.9778
   21.6125   3.1675   3.7836   3.9528
   21.6125   3.1765   3.7643   3.9277
   21.6125   3.1855   3.7449   3.9029
   21.6125   3.1945   3.7256   3.8780
   21.6125   3.2035   3.7063   3.8533
   21.6125   3.2125   3.6870   3.8286
   21.6125   3.2215   3.6678   3.8042
   21.6125   3.2305   3.6485   3.7802
   21.6125   3.2395   3.6293   3.7560
   22.1125   2.9605   3.7177   3.9617
   22.1125   2.9695   3.6988   3.9364
   22.1125   2.9785   3.6799   3.9115
   22.1125   2.9875   3.6611   3.8863
   22.1125   2.9965   3.6423   3.8613
   22.1125   3.0055   3.6235   3.8365
   22.1125   3.0145   3.6047   3.8118
   22.1125   3.0235   3.5860   3.7872
   22.1125   3.0325   3.5673   3.7613
   22.1125   3.0415   3.5486   3.7381
   22.1125   3.0505   3.5299   3.7138
   22.1125   3.0595   3.5113   3.6896
   22.1125   3.0685   3.4927   3.6655
   22.1125   3.0775   3.4741   3.6415
   22.1125   3.0865   3.4555   3.6174
   22.1125   3.0955   3.4370   3.5936
   22.1125   3.1045   3.4184   3.5697
   22.1125   3.1135   3.3999   3.5460
   22.1125   3.1225   3.3814   3.5224
   22.1125   3.1315   3.3630   3.4988
   22.1125   3.1405   3.3446   3.4753
   22.1125   3.1495   3.3261   3.4521
   22.1125   3.1585   3.3078   3.4293
   22.1125   3.1675   3.2894   3.4063
   22.1125   3.1765   3.2710   3.3828
   22.1125   3.1855   3.2527   3.3601
   22.1125   3.1945   3.2344   3.3370
   22.1125   3.2035   3.2161   3.3145
   22.1125   3.2125   3.1979   3.2917
   22.1125   3.2215   3.1797   3.2690
   22.1125   3.2305   3.1615   3.2465
   22.1125   3.2395   3.1433   3.2241
   22.6125   2.9605   3.2594   3.4428
   22.6125   2.9695   3.2415   3.4192
   22.6125   2.9785   3.2236   3.3960
   22.6125   2.9875   3.2057   3.3729
   22.6125   2.9965   3.1879   3.3499
   22.6125   3.0055   3.1700   3.3269
   22.6125   3.0145   3.1522   3.3039
   22.6125   3.0235   3.1344   3.2811
   22.6125   3.0325   3.1167   3.2585
   22.6125   3.0415   3.0990   3.2357
   22.6125   3.0505   3.0813   3.2132
   22.6125   3.0595   3.0636   3.1907
   22.6125   3.0685   3.0460   3.1683
   22.6125   3.0775   3.0284   3.1461
   22.6125   3.0865   3.0108   3.1244
   22.6125   3.0955   2.9932   3.1024
   22.6125   3.1045   2.9757   3.0801
   22.6125   3.1135   2.9582   3.0584
   22.6125   3.1225   2.9407   3.0366
   22.6125   3.1315   2.9232   3.0149
   22.6125   3.1405   2.9058   2.9934
   22.6125   3.1495   2.8884   2.9719
   22.6125   3.1585   2.8710   2.9504
   22.6125   3.1675   2.8536   2.9291
   22.6125   3.1765   2.8363   2.9079
   22.6125   3.1855   2.8190   2.8865
   22.6125   3.1945   2.8017   2.8655
   22.6125   3.2035   2.7845   2.8444
   22.6125   3.2125   2.7673   2.8234
   22.6125   3.2215   2.7501   2.8026
   22.6125   3.2305   2.7329   2.7817
   22.6125   3.2395   2.7158   2.7613
