 ***Theta   Eprime   Sig_Born   Sig_Rad
   18.4401   2.9605   5.4919   6.4814
   18.4401   2.9695   5.4799   6.4569
   18.4401   2.9785   5.4679   6.4320
   18.4401   2.9875   5.4560   6.4085
   18.4401   2.9965   5.4440   6.3845
   18.4401   3.0055   5.4320   6.3606
   18.4401   3.0145   5.4201   6.3369
   18.4401   3.0235   5.4081   6.3132
   18.4401   3.0325   5.3962   6.2897
   18.4401   3.0415   5.3842   6.2663
   18.4401   3.0505   5.3723   6.2431
   18.4401   3.0595   5.3604   6.2199
   18.4401   3.0685   5.3485   6.1968
   18.4401   3.0775   5.3366   6.1739
   18.4401   3.0865   5.3247   6.1510
   18.4401   3.0955   5.3128   6.1285
   18.4401   3.1045   5.3009   6.1058
   18.4401   3.1135   5.2890   6.0833
   18.4401   3.1225   5.2771   6.0609
   18.4401   3.1315   5.2652   6.0381
   18.4401   3.1405   5.2533   6.0159
   18.4401   3.1495   5.2414   5.9937
   18.4401   3.1585   5.2295   5.9716
   18.4401   3.1675   5.2176   5.9496
   18.4401   3.1765   5.2057   5.9277
   18.4401   3.1855   5.1938   5.9059
   18.4401   3.1945   5.1819   5.8841
   18.4401   3.2035   5.1700   5.8624
   18.4401   3.2125   5.1581   5.8407
   18.4401   3.2215   5.1462   5.8191
   18.4401   3.2305   5.1343   5.7977
   18.4401   3.2395   5.1224   5.7763
   18.9401   2.9605   4.8729   5.6818
   18.9401   2.9695   4.8612   5.6593
   18.9401   2.9785   4.8495   5.6370
   18.9401   2.9875   4.8378   5.6148
   18.9401   2.9965   4.8261   5.5926
   18.9401   3.0055   4.8144   5.5706
   18.9401   3.0145   4.8027   5.5487
   18.9401   3.0235   4.7910   5.5268
   18.9401   3.0325   4.7793   5.5053
   18.9401   3.0415   4.7677   5.4837
   18.9401   3.0505   4.7560   5.4622
   18.9401   3.0595   4.7443   5.4407
   18.9401   3.0685   4.7327   5.4191
   18.9401   3.0775   4.7210   5.3979
   18.9401   3.0865   4.7094   5.3766
   18.9401   3.0955   4.6977   5.3556
   18.9401   3.1045   4.6860   5.3346
   18.9401   3.1135   4.6744   5.3136
   18.9401   3.1225   4.6627   5.2928
   18.9401   3.1315   4.6511   5.2721
   18.9401   3.1405   4.6394   5.2514
   18.9401   3.1495   4.6277   5.2308
   18.9401   3.1585   4.6161   5.2103
   18.9401   3.1675   4.6044   5.1899
   18.9401   3.1765   4.5927   5.1693
   18.9401   3.1855   4.5811   5.1490
   18.9401   3.1945   4.5694   5.1287
   18.9401   3.2035   4.5577   5.1088
   18.9401   3.2125   4.5460   5.0887
   18.9401   3.2215   4.5343   5.0686
   18.9401   3.2305   4.5226   5.0485
   18.9401   3.2395   4.5109   5.0286
   19.4401   2.9605   4.3249   4.9844
   19.4401   2.9695   4.3135   4.9638
   19.4401   2.9785   4.3021   4.9431
   19.4401   2.9875   4.2907   4.9226
   19.4401   2.9965   4.2793   4.9021
   19.4401   3.0055   4.2679   4.8814
   19.4401   3.0145   4.2564   4.8611
   19.4401   3.0235   4.2450   4.8408
   19.4401   3.0325   4.2336   4.8207
   19.4401   3.0415   4.2222   4.8006
   19.4401   3.0505   4.2108   4.7806
   19.4401   3.0595   4.1994   4.7607
   19.4401   3.0685   4.1880   4.7409
   19.4401   3.0775   4.1766   4.7212
   19.4401   3.0865   4.1652   4.7015
   19.4401   3.0955   4.1538   4.6819
   19.4401   3.1045   4.1424   4.6624
   19.4401   3.1135   4.1310   4.6430
   19.4401   3.1225   4.1196   4.6236
   19.4401   3.1315   4.1082   4.6045
   19.4401   3.1405   4.0968   4.5852
   19.4401   3.1495   4.0854   4.5661
   19.4401   3.1585   4.0740   4.5468
   19.4401   3.1675   4.0625   4.5278
   19.4401   3.1765   4.0511   4.5088
   19.4401   3.1855   4.0397   4.4899
   19.4401   3.1945   4.0282   4.4711
   19.4401   3.2035   4.0168   4.4523
   19.4401   3.2125   4.0053   4.4336
   19.4401   3.2215   3.9939   4.4150
   19.4401   3.2305   3.9824   4.3964
   19.4401   3.2395   3.9710   4.3766
   19.9401   2.9605   3.8388   4.3743
   19.9401   2.9695   3.8277   4.3550
   19.9401   2.9785   3.8166   4.3358
   19.9401   2.9875   3.8054   4.3167
   19.9401   2.9965   3.7943   4.2976
   19.9401   3.0055   3.7832   4.2787
   19.9401   3.0145   3.7721   4.2598
   19.9401   3.0235   3.7609   4.2410
   19.9401   3.0325   3.7498   4.2223
   19.9401   3.0415   3.7387   4.2036
   19.9401   3.0505   3.7276   4.1850
   19.9401   3.0595   3.7165   4.1665
   19.9401   3.0685   3.7053   4.1482
   19.9401   3.0775   3.6942   4.1298
   19.9401   3.0865   3.6831   4.1115
   19.9401   3.0955   3.6720   4.0931
   19.9401   3.1045   3.6608   4.0749
   19.9401   3.1135   3.6497   4.0568
   19.9401   3.1225   3.6385   4.0388
   19.9401   3.1315   3.6274   4.0208
   19.9401   3.1405   3.6163   4.0029
   19.9401   3.1495   3.6051   3.9851
   19.9401   3.1585   3.5940   3.9673
   19.9401   3.1675   3.5828   3.9495
   19.9401   3.1765   3.5716   3.9309
   19.9401   3.1855   3.5605   3.9142
   19.9401   3.1945   3.5493   3.8967
   19.9401   3.2035   3.5381   3.8791
   19.9401   3.2125   3.5269   3.8630
   19.9401   3.2215   3.5157   3.8456
   19.9401   3.2305   3.5045   3.8282
   19.9401   3.2395   3.4933   3.8108
   20.4401   2.9605   3.4067   3.8393
   20.4401   2.9695   3.3959   3.8214
   20.4401   2.9785   3.3850   3.8035
   20.4401   2.9875   3.3742   3.7857
   20.4401   2.9965   3.3634   3.7680
   20.4401   3.0055   3.3525   3.7505
   20.4401   3.0145   3.3417   3.7329
   20.4401   3.0235   3.3309   3.7154
   20.4401   3.0325   3.3201   3.6978
   20.4401   3.0415   3.3092   3.6804
   20.4401   3.0505   3.2984   3.6631
   20.4401   3.0595   3.2876   3.6458
   20.4401   3.0685   3.2767   3.6287
   20.4401   3.0775   3.2659   3.6115
   20.4401   3.0865   3.2551   3.5945
   20.4401   3.0955   3.2442   3.5775
   20.4401   3.1045   3.2334   3.5606
   20.4401   3.1135   3.2225   3.5429
   20.4401   3.1225   3.2117   3.5268
   20.4401   3.1315   3.2008   3.5100
   20.4401   3.1405   3.1899   3.4934
   20.4401   3.1495   3.1791   3.4778
   20.4401   3.1585   3.1682   3.4612
   20.4401   3.1675   3.1573   3.4446
   20.4401   3.1765   3.1465   3.4281
   20.4401   3.1855   3.1356   3.4116
   20.4401   3.1945   3.1247   3.3951
   20.4401   3.2035   3.1138   3.3787
   20.4401   3.2125   3.1029   3.3624
   20.4401   3.2215   3.0920   3.3460
   20.4401   3.2305   3.0810   3.3297
   20.4401   3.2395   3.0701   3.3135
   20.9401   2.9605   3.0219   3.3694
   20.9401   2.9695   3.0114   3.3526
   20.9401   2.9785   3.0008   3.3359
   20.9401   2.9875   2.9903   3.3193
   20.9401   2.9965   2.9798   3.3028
   20.9401   3.0055   2.9693   3.2863
   20.9401   3.0145   2.9587   3.2699
   20.9401   3.0235   2.9482   3.2536
   20.9401   3.0325   2.9377   3.2374
   20.9401   3.0415   2.9272   3.2212
   20.9401   3.0505   2.9166   3.2044
   20.9401   3.0595   2.9061   3.1889
   20.9401   3.0685   2.8956   3.1729
   20.9401   3.0775   2.8850   3.1579
   20.9401   3.0865   2.8745   3.1420
   20.9401   3.0955   2.8640   3.1261
   20.9401   3.1045   2.8534   3.1103
   20.9401   3.1135   2.8429   3.0945
   20.9401   3.1225   2.8323   3.0787
   20.9401   3.1315   2.8218   3.0630
   20.9401   3.1405   2.8112   3.0474
   20.9401   3.1495   2.8006   3.0309
   20.9401   3.1585   2.7901   3.0154
   20.9401   3.1675   2.7795   2.9999
   20.9401   3.1765   2.7689   2.9845
   20.9401   3.1855   2.7584   2.9691
   20.9401   3.1945   2.7478   2.9544
   20.9401   3.2035   2.7372   2.9391
   20.9401   3.2125   2.7266   2.9238
   20.9401   3.2215   2.7160   2.9084
   20.9401   3.2305   2.7054   2.8932
   20.9401   3.2395   2.6948   2.8781
   21.4401   2.9605   2.6787   2.9555
   21.4401   2.9695   2.6685   2.9399
   21.4401   2.9785   2.6583   2.9244
   21.4401   2.9875   2.6481   2.9089
   21.4401   2.9965   2.6379   2.8933
   21.4401   3.0055   2.6277   2.8782
   21.4401   3.0145   2.6175   2.8638
   21.4401   3.0235   2.6072   2.8486
   21.4401   3.0325   2.5970   2.8334
   21.4401   3.0415   2.5868   2.8182
   21.4401   3.0505   2.5766   2.8031
   21.4401   3.0595   2.5664   2.7880
   21.4401   3.0685   2.5562   2.7730
   21.4401   3.0775   2.5460   2.7573
   21.4401   3.0865   2.5357   2.7424
   21.4401   3.0955   2.5255   2.7276
   21.4401   3.1045   2.5153   2.7128
   21.4401   3.1135   2.5051   2.6981
   21.4401   3.1225   2.4948   2.6834
   21.4401   3.1315   2.4846   2.6688
   21.4401   3.1405   2.4744   2.6547
   21.4401   3.1495   2.4641   2.6401
   21.4401   3.1585   2.4539   2.6254
   21.4401   3.1675   2.4437   2.6110
   21.4401   3.1765   2.4334   2.5965
   21.4401   3.1855   2.4232   2.5822
   21.4401   3.1945   2.4129   2.5678
   21.4401   3.2035   2.4027   2.5532
   21.4401   3.2125   2.3924   2.5392
   21.4401   3.2215   2.3821   2.5250
   21.4401   3.2305   2.3719   2.5109
   21.4401   3.2395   2.3616   2.4967
   21.9401   2.9605   2.3723   2.5916
   21.9401   2.9695   2.3624   2.5771
   21.9401   2.9785   2.3525   2.5626
   21.9401   2.9875   2.3426   2.5481
   21.9401   2.9965   2.3328   2.5337
   21.9401   3.0055   2.3229   2.5186
   21.9401   3.0145   2.3130   2.5043
   21.9401   3.0235   2.3031   2.4901
   21.9401   3.0325   2.2932   2.4759
   21.9401   3.0415   2.2833   2.4618
   21.9401   3.0505   2.2735   2.4477
   21.9401   3.0595   2.2636   2.4336
   21.9401   3.0685   2.2537   2.4197
   21.9401   3.0775   2.2438   2.4057
   21.9401   3.0865   2.2339   2.3923
   21.9401   3.0955   2.2240   2.3782
   21.9401   3.1045   2.2142   2.3644
   21.9401   3.1135   2.2043   2.3507
   21.9401   3.1225   2.1944   2.3369
   21.9401   3.1315   2.1845   2.3232
   21.9401   3.1405   2.1746   2.3093
   21.9401   3.1495   2.1647   2.2959
   21.9401   3.1585   2.1548   2.2824
   21.9401   3.1675   2.1449   2.2690
   21.9401   3.1765   2.1350   2.2555
   21.9401   3.1855   2.1251   2.2421
   21.9401   3.1945   2.1152   2.2287
   21.9401   3.2035   2.1053   2.2154
   21.9401   3.2125   2.0954   2.2021
   21.9401   3.2215   2.0855   2.1889
   21.9401   3.2305   2.0756   2.1756
   21.9401   3.2395   2.0657   2.1625
   22.4401   2.9605   2.0984   2.2690
   22.4401   2.9695   2.0889   2.2554
   22.4401   2.9785   2.0793   2.2418
   22.4401   2.9875   2.0698   2.2283
   22.4401   2.9965   2.0602   2.2149
   22.4401   3.0055   2.0507   2.2015
   22.4401   3.0145   2.0412   2.1882
   22.4401   3.0235   2.0316   2.1752
   22.4401   3.0325   2.0221   2.1619
   22.4401   3.0415   2.0125   2.1487
   22.4401   3.0505   2.0030   2.1355
   22.4401   3.0595   1.9935   2.1224
   22.4401   3.0685   1.9839   2.1093
   22.4401   3.0775   1.9744   2.0961
   22.4401   3.0865   1.9649   2.0832
   22.4401   3.0955   1.9553   2.0703
   22.4401   3.1045   1.9458   2.0575
   22.4401   3.1135   1.9363   2.0447
   22.4401   3.1225   1.9267   2.0318
   22.4401   3.1315   1.9172   2.0191
   22.4401   3.1405   1.9077   2.0064
   22.4401   3.1495   1.8981   1.9937
   22.4401   3.1585   1.8886   1.9811
   22.4401   3.1675   1.8791   1.9685
   22.4401   3.1765   1.8695   1.9559
   22.4401   3.1855   1.8600   1.9430
   22.4401   3.1945   1.8505   1.9309
   22.4401   3.2035   1.8410   1.9185
   22.4401   3.2125   1.8314   1.9061
   22.4401   3.2215   1.8219   1.8937
   22.4401   3.2305   1.8124   1.8814
   22.4401   3.2395   1.8029   1.8691
   22.9401   2.9605   1.8535   1.9846
   22.9401   2.9695   1.8443   1.9723
   22.9401   2.9785   1.8351   1.9595
   22.9401   2.9875   1.8259   1.9469
   22.9401   2.9965   1.8167   1.9343
   22.9401   3.0055   1.8075   1.9218
   22.9401   3.0145   1.7983   1.9092
   22.9401   3.0235   1.7891   1.8969
   22.9401   3.0325   1.7800   1.8846
   22.9401   3.0415   1.7708   1.8723
   22.9401   3.0505   1.7616   1.8600
   22.9401   3.0595   1.7524   1.8478
   22.9401   3.0685   1.7432   1.8356
   22.9401   3.0775   1.7341   1.8235
   22.9401   3.0865   1.7249   1.8114
   22.9401   3.0955   1.7157   1.7993
   22.9401   3.1045   1.7066   1.7873
   22.9401   3.1135   1.6974   1.7753
   22.9401   3.1225   1.6883   1.7630
   22.9401   3.1315   1.6791   1.7515
   22.9401   3.1405   1.6700   1.7396
   22.9401   3.1495   1.6608   1.7278
   22.9401   3.1585   1.6517   1.7160
   22.9401   3.1675   1.6425   1.7043
   22.9401   3.1765   1.6334   1.6926
   22.9401   3.1855   1.6242   1.6809
   22.9401   3.1945   1.6151   1.6693
   22.9401   3.2035   1.6060   1.6577
   22.9401   3.2125   1.5968   1.6461
   22.9401   3.2215   1.5877   1.6347
   22.9401   3.2305   1.5786   1.6232
   22.9401   3.2395   1.5694   1.6118
   23.4401   2.9605   1.6344   1.7334
   23.4401   2.9695   1.6256   1.7216
   23.4401   2.9785   1.6167   1.7099
   23.4401   2.9875   1.6079   1.6981
   23.4401   2.9965   1.5990   1.6864
   23.4401   3.0055   1.5902   1.6748
   23.4401   3.0145   1.5814   1.6631
   23.4401   3.0235   1.5726   1.6516
   23.4401   3.0325   1.5637   1.6401
   23.4401   3.0415   1.5549   1.6286
   23.4401   3.0505   1.5461   1.6171
   23.4401   3.0595   1.5373   1.6054
   23.4401   3.0685   1.5285   1.5943
   23.4401   3.0775   1.5197   1.5830
   23.4401   3.0865   1.5109   1.5718
   23.4401   3.0955   1.5021   1.5605
   23.4401   3.1045   1.4934   1.5493
   23.4401   3.1135   1.4846   1.5382
   23.4401   3.1225   1.4758   1.5271
   23.4401   3.1315   1.4671   1.5160
   23.4401   3.1405   1.4583   1.5049
   23.4401   3.1495   1.4496   1.4939
   23.4401   3.1585   1.4408   1.4830
   23.4401   3.1675   1.4321   1.4721
   23.4401   3.1765   1.4233   1.4612
   23.4401   3.1855   1.4146   1.4504
   23.4401   3.1945   1.4059   1.4395
   23.4401   3.2035   1.3971   1.4288
   23.4401   3.2125   1.3884   1.4161
   23.4401   3.2215   1.3797   1.4074
   23.4401   3.2305   1.3710   1.3967
   23.4401   3.2395   1.3623   1.3860
   23.9401   2.9605   1.4384   1.5114
   23.9401   2.9695   1.4299   1.5003
   23.9401   2.9785   1.4214   1.4893
   23.9401   2.9875   1.4129   1.4784
   23.9401   2.9965   1.4045   1.4671
   23.9401   3.0055   1.3960   1.4566
   23.9401   3.0145   1.3876   1.4458
   23.9401   3.0235   1.3791   1.4350
   23.9401   3.0325   1.3707   1.4242
   23.9401   3.0415   1.3622   1.4135
   23.9401   3.0505   1.3538   1.4029
   23.9401   3.0595   1.3454   1.3923
   23.9401   3.0685   1.3370   1.3817
   23.9401   3.0775   1.3286   1.3712
   23.9401   3.0865   1.3202   1.3607
   23.9401   3.0955   1.3118   1.3503
   23.9401   3.1045   1.3034   1.3399
   23.9401   3.1135   1.2950   1.3295
   23.9401   3.1225   1.2867   1.3192
   23.9401   3.1315   1.2783   1.3089
   23.9401   3.1405   1.2700   1.2968
   23.9401   3.1495   1.2616   1.2866
   23.9401   3.1585   1.2533   1.2782
   23.9401   3.1675   1.2450   1.2681
   23.9401   3.1765   1.2366   1.2579
   23.9401   3.1855   1.2283   1.2477
   23.9401   3.1945   1.2200   1.2377
   23.9401   3.2035   1.2117   1.2277
   23.9401   3.2125   1.2034   1.2177
   23.9401   3.2215   1.1952   1.2078
   23.9401   3.2305   1.1869   1.1979
   23.9401   3.2395   1.1786   1.1880
   24.4401   2.9605   1.2630   1.3149
   24.4401   2.9695   1.2549   1.3046
   24.4401   2.9785   1.2468   1.2944
   24.4401   2.9875   1.2387   1.2842
   24.4401   2.9965   1.2306   1.2741
   24.4401   3.0055   1.2225   1.2640
   24.4401   3.0145   1.2145   1.2539
   24.4401   3.0235   1.2064   1.2438
   24.4401   3.0325   1.1984   1.2340
   24.4401   3.0415   1.1903   1.2240
   24.4401   3.0505   1.1823   1.2141
   24.4401   3.0595   1.1743   1.2042
   24.4401   3.0685   1.1663   1.1944
   24.4401   3.0775   1.1583   1.1830
   24.4401   3.0865   1.1503   1.1733
   24.4401   3.0955   1.1423   1.1652
   24.4401   3.1045   1.1343   1.1555
   24.4401   3.1135   1.1264   1.1459
   24.4401   3.1225   1.1184   1.1361
   24.4401   3.1315   1.1105   1.1266
   24.4401   3.1405   1.1025   1.1170
   24.4401   3.1495   1.0946   1.1076
   24.4401   3.1585   1.0867   1.0981
   24.4401   3.1675   1.0788   1.0887
   24.4401   3.1765   1.0709   1.0794
   24.4401   3.1855   1.0630   1.0700
   24.4401   3.1945   1.0552   1.0607
   24.4401   3.2035   1.0473   1.0515
   24.4401   3.2125   1.0395   1.0422
   24.4401   3.2215   1.0316   1.0330
   24.4401   3.2305   1.0238   1.0239
   24.4401   3.2395   1.0160   1.0148
   24.9401   2.9605   1.1062   1.1413
   24.9401   2.9695   1.0985   1.1319
   24.9401   2.9785   1.0908   1.1223
   24.9401   2.9875   1.0831   1.1129
   24.9401   2.9965   1.0754   1.1034
   24.9401   3.0055   1.0677   1.0940
   24.9401   3.0145   1.0600   1.0847
   24.9401   3.0235   1.0524   1.0739
   24.9401   3.0325   1.0447   1.0661
   24.9401   3.0415   1.0371   1.0569
   24.9401   3.0505   1.0294   1.0477
   24.9401   3.0595   1.0218   1.0384
   24.9401   3.0685   1.0142   1.0293
   24.9401   3.0775   1.0066   1.0202
   24.9401   3.0865   0.9991   1.0112
   24.9401   3.0955   0.9915   1.0022
   24.9401   3.1045   0.9839   0.9932
   24.9401   3.1135   0.9764   0.9843
   24.9401   3.1225   0.9689   0.9754
   24.9401   3.1315   0.9614   0.9666
   24.9401   3.1405   0.9539   0.9578
   24.9401   3.1495   0.9464   0.9490
   24.9401   3.1585   0.9389   0.9403
   24.9401   3.1675   0.9314   0.9316
   24.9401   3.1765   0.9240   0.9229
   24.9401   3.1855   0.9166   0.9143
   24.9401   3.1945   0.9091   0.9057
   24.9401   3.2035   0.9017   0.8972
   24.9401   3.2125   0.8943   0.8887
   24.9401   3.2215   0.8870   0.8802
   24.9401   3.2305   0.8796   0.8718
   24.9401   3.2395   0.8723   0.8633
   25.4401   2.9605   0.9661   0.9867
   25.4401   2.9695   0.9588   0.9792
   25.4401   2.9785   0.9515   0.9704
   25.4401   2.9875   0.9442   0.9616
   25.4401   2.9965   0.9369   0.9527
   25.4401   3.0055   0.9296   0.9440
   25.4401   3.0145   0.9223   0.9353
   25.4401   3.0235   0.9151   0.9267
   25.4401   3.0325   0.9078   0.9181
   25.4401   3.0415   0.9006   0.9096
   25.4401   3.0505   0.8934   0.9011
   25.4401   3.0595   0.8862   0.8926
   25.4401   3.0685   0.8790   0.8842
   25.4401   3.0775   0.8718   0.8758
   25.4401   3.0865   0.8647   0.8674
   25.4401   3.0955   0.8575   0.8591
   25.4401   3.1045   0.8504   0.8508
   25.4401   3.1135   0.8433   0.8426
   25.4401   3.1225   0.8362   0.8344
   25.4401   3.1315   0.8291   0.8262
   25.4401   3.1405   0.8221   0.8181
   25.4401   3.1495   0.8150   0.8101
   25.4401   3.1585   0.8080   0.8020
   25.4401   3.1675   0.8010   0.7940
   25.4401   3.1765   0.7940   0.7860
   25.4401   3.1855   0.7870   0.7781
   25.4401   3.1945   0.7800   0.7701
   25.4401   3.2035   0.7731   0.7623
   25.4401   3.2125   0.7662   0.7545
   25.4401   3.2215   0.7592   0.7468
   25.4401   3.2305   0.7523   0.7390
   25.4401   3.2395   0.7455   0.7313
